<?xml version="1.0" encoding="UTF-8"?>
<testng-results skipped="0" failed="0" total="73" passed="73">
  <reporter-output>
  </reporter-output>
  <suite name="Command line suite" duration-ms="1203" started-at="2017-03-21T19:33:58Z" finished-at="2017-03-21T19:34:00Z">
    <groups>
    </groups>
    <test name="Command line test" duration-ms="1203" started-at="2017-03-21T19:33:58Z" finished-at="2017-03-21T19:34:00Z">
      <class name="org.jtalks.jcommune.plugin.questionsandanswers.QuestionsAndAnswersPluginTest">
        <test-method status="PASS" signature="applyConfigurationShouldThrowRuntimeExceptionIfPassedEmptyProperties()[pri:0, instance:org.jtalks.jcommune.plugin.questionsandanswers.QuestionsAndAnswersPluginTest@feb697]" name="applyConfigurationShouldThrowRuntimeExceptionIfPassedEmptyProperties" duration-ms="5" started-at="2017-03-21T19:34:00Z" finished-at="2017-03-21T19:34:00Z">
          <exception class="org.jtalks.jcommune.plugin.api.exceptions.PluginConfigurationException">
            <message>
              <![CDATA[Can't apply configuration: incorrect parameters count or order not found]]>
            </message>
            <full-stacktrace>
              <![CDATA[org.jtalks.jcommune.plugin.api.exceptions.PluginConfigurationException: Can't apply configuration: incorrect parameters count or order not found
	at org.jtalks.jcommune.plugin.questionsandanswers.QuestionsAndAnswersPlugin.applyConfiguration(QuestionsAndAnswersPlugin.java:89)
	at org.jtalks.jcommune.plugin.questionsandanswers.QuestionsAndAnswersPluginTest.applyConfigurationShouldThrowRuntimeExceptionIfPassedEmptyProperties(QuestionsAndAnswersPluginTest.java:112)
	at sun.reflect.NativeMethodAccessorImpl.invoke0(Native Method)
	at sun.reflect.NativeMethodAccessorImpl.invoke(NativeMethodAccessorImpl.java:57)
	at sun.reflect.DelegatingMethodAccessorImpl.invoke(DelegatingMethodAccessorImpl.java:43)
	at java.lang.reflect.Method.invoke(Method.java:606)
	at org.testng.internal.MethodInvocationHelper.invokeMethod(MethodInvocationHelper.java:80)
	at org.testng.internal.Invoker.invokeMethod(Invoker.java:691)
	at org.testng.internal.Invoker.invokeTestMethod(Invoker.java:883)
	at org.testng.internal.Invoker.invokeTestMethods(Invoker.java:1208)
	at org.testng.internal.TestMethodWorker.invokeTestMethods(TestMethodWorker.java:127)
	at org.testng.internal.TestMethodWorker.run(TestMethodWorker.java:111)
	at org.testng.TestRunner.privateRun(TestRunner.java:758)
	at org.testng.TestRunner.run(TestRunner.java:613)
	at org.testng.SuiteRunner.runTest(SuiteRunner.java:334)
	at org.testng.SuiteRunner.runSequentially(SuiteRunner.java:329)
	at org.testng.SuiteRunner.privateRun(SuiteRunner.java:291)
	at org.testng.SuiteRunner.run(SuiteRunner.java:240)
	at org.testng.SuiteRunnerWorker.runSuite(SuiteRunnerWorker.java:53)
	at org.testng.SuiteRunnerWorker.run(SuiteRunnerWorker.java:87)
	at org.testng.TestNG.runSuitesSequentially(TestNG.java:1137)
	at org.testng.TestNG.runSuitesLocally(TestNG.java:1062)
	at org.testng.TestNG.run(TestNG.java:974)
	at org.apache.maven.surefire.testng.TestNGExecutor.run(TestNGExecutor.java:70)
	at org.apache.maven.surefire.testng.TestNGDirectoryTestSuite.executeMulti(TestNGDirectoryTestSuite.java:158)
	at org.apache.maven.surefire.testng.TestNGDirectoryTestSuite.execute(TestNGDirectoryTestSuite.java:98)
	at org.apache.maven.surefire.testng.TestNGProvider.invoke(TestNGProvider.java:111)
	at sun.reflect.NativeMethodAccessorImpl.invoke0(Native Method)
	at sun.reflect.NativeMethodAccessorImpl.invoke(NativeMethodAccessorImpl.java:57)
	at sun.reflect.DelegatingMethodAccessorImpl.invoke(DelegatingMethodAccessorImpl.java:43)
	at java.lang.reflect.Method.invoke(Method.java:606)
	at org.apache.maven.surefire.util.ReflectionUtils.invokeMethodWithArray(ReflectionUtils.java:164)
	at org.apache.maven.surefire.booter.ProviderFactory$ProviderProxy.invoke(ProviderFactory.java:110)
	at org.apache.maven.surefire.booter.SurefireStarter.invokeProvider(SurefireStarter.java:175)
	at org.apache.maven.surefire.booter.SurefireStarter.runSuitesInProcessWhenForked(SurefireStarter.java:107)
	at org.apache.maven.surefire.booter.ForkedBooter.main(ForkedBooter.java:68)
]]>
            </full-stacktrace>
          </exception>
        </test-method>
        <test-method status="PASS" signature="configurationWithIncorrectParameterShouldThrowUnexpectedErrorException()[pri:0, instance:org.jtalks.jcommune.plugin.questionsandanswers.QuestionsAndAnswersPluginTest@feb697]" name="configurationWithIncorrectParameterShouldThrowUnexpectedErrorException" duration-ms="8" started-at="2017-03-21T19:34:00Z" finished-at="2017-03-21T19:34:00Z">
          <exception class="org.jtalks.jcommune.plugin.api.exceptions.UnexpectedErrorException">
            <message>
              <![CDATA[org.jtalks.jcommune.plugin.api.exceptions.PluginConfigurationException: Can't apply configuration: incorrect parameters count or order not found]]>
            </message>
            <full-stacktrace>
              <![CDATA[org.jtalks.jcommune.plugin.api.exceptions.UnexpectedErrorException: org.jtalks.jcommune.plugin.api.exceptions.PluginConfigurationException: Can't apply configuration: incorrect parameters count or order not found
	at org.jtalks.jcommune.plugin.api.core.StatefullPlugin.configure(StatefullPlugin.java:63)
	at org.jtalks.jcommune.plugin.api.core.WebControllerPlugin.configure(WebControllerPlugin.java:33)
	at org.jtalks.jcommune.plugin.questionsandanswers.QuestionsAndAnswersPluginTest.configurationWithIncorrectParameterShouldThrowUnexpectedErrorException(QuestionsAndAnswersPluginTest.java:64)
	at sun.reflect.NativeMethodAccessorImpl.invoke0(Native Method)
	at sun.reflect.NativeMethodAccessorImpl.invoke(NativeMethodAccessorImpl.java:57)
	at sun.reflect.DelegatingMethodAccessorImpl.invoke(DelegatingMethodAccessorImpl.java:43)
	at java.lang.reflect.Method.invoke(Method.java:606)
	at org.testng.internal.MethodInvocationHelper.invokeMethod(MethodInvocationHelper.java:80)
	at org.testng.internal.Invoker.invokeMethod(Invoker.java:691)
	at org.testng.internal.Invoker.invokeTestMethod(Invoker.java:883)
	at org.testng.internal.Invoker.invokeTestMethods(Invoker.java:1208)
	at org.testng.internal.TestMethodWorker.invokeTestMethods(TestMethodWorker.java:127)
	at org.testng.internal.TestMethodWorker.run(TestMethodWorker.java:111)
	at org.testng.TestRunner.privateRun(TestRunner.java:758)
	at org.testng.TestRunner.run(TestRunner.java:613)
	at org.testng.SuiteRunner.runTest(SuiteRunner.java:334)
	at org.testng.SuiteRunner.runSequentially(SuiteRunner.java:329)
	at org.testng.SuiteRunner.privateRun(SuiteRunner.java:291)
	at org.testng.SuiteRunner.run(SuiteRunner.java:240)
	at org.testng.SuiteRunnerWorker.runSuite(SuiteRunnerWorker.java:53)
	at org.testng.SuiteRunnerWorker.run(SuiteRunnerWorker.java:87)
	at org.testng.TestNG.runSuitesSequentially(TestNG.java:1137)
	at org.testng.TestNG.runSuitesLocally(TestNG.java:1062)
	at org.testng.TestNG.run(TestNG.java:974)
	at org.apache.maven.surefire.testng.TestNGExecutor.run(TestNGExecutor.java:70)
	at org.apache.maven.surefire.testng.TestNGDirectoryTestSuite.executeMulti(TestNGDirectoryTestSuite.java:158)
	at org.apache.maven.surefire.testng.TestNGDirectoryTestSuite.execute(TestNGDirectoryTestSuite.java:98)
	at org.apache.maven.surefire.testng.TestNGProvider.invoke(TestNGProvider.java:111)
	at sun.reflect.NativeMethodAccessorImpl.invoke0(Native Method)
	at sun.reflect.NativeMethodAccessorImpl.invoke(NativeMethodAccessorImpl.java:57)
	at sun.reflect.DelegatingMethodAccessorImpl.invoke(DelegatingMethodAccessorImpl.java:43)
	at java.lang.reflect.Method.invoke(Method.java:606)
	at org.apache.maven.surefire.util.ReflectionUtils.invokeMethodWithArray(ReflectionUtils.java:164)
	at org.apache.maven.surefire.booter.ProviderFactory$ProviderProxy.invoke(ProviderFactory.java:110)
	at org.apache.maven.surefire.booter.SurefireStarter.invokeProvider(SurefireStarter.java:175)
	at org.apache.maven.surefire.booter.SurefireStarter.runSuitesInProcessWhenForked(SurefireStarter.java:107)
	at org.apache.maven.surefire.booter.ForkedBooter.main(ForkedBooter.java:68)
Caused by: org.jtalks.jcommune.plugin.api.exceptions.PluginConfigurationException: Can't apply configuration: incorrect parameters count or order not found
	at org.jtalks.jcommune.plugin.questionsandanswers.QuestionsAndAnswersPlugin.applyConfiguration(QuestionsAndAnswersPlugin.java:89)
	at org.jtalks.jcommune.plugin.api.core.StatefullPlugin.configure(StatefullPlugin.java:52)
	... 36 more
]]>
            </full-stacktrace>
          </exception>
        </test-method>
        <test-method status="PASS" signature="configurationWithIncorrectParameterTypeShouldThrowUnexpectedErrorException()[pri:0, instance:org.jtalks.jcommune.plugin.questionsandanswers.QuestionsAndAnswersPluginTest@feb697]" name="configurationWithIncorrectParameterTypeShouldThrowUnexpectedErrorException" duration-ms="0" started-at="2017-03-21T19:34:00Z" finished-at="2017-03-21T19:34:00Z">
          <exception class="org.jtalks.jcommune.plugin.api.exceptions.UnexpectedErrorException">
            <message>
              <![CDATA[java.lang.NumberFormatException: For input string: "string"]]>
            </message>
            <full-stacktrace>
              <![CDATA[org.jtalks.jcommune.plugin.api.exceptions.UnexpectedErrorException: java.lang.NumberFormatException: For input string: "string"
	at org.jtalks.jcommune.plugin.api.core.StatefullPlugin.configure(StatefullPlugin.java:63)
	at org.jtalks.jcommune.plugin.api.core.WebControllerPlugin.configure(WebControllerPlugin.java:33)
	at org.jtalks.jcommune.plugin.questionsandanswers.QuestionsAndAnswersPluginTest.configurationWithIncorrectParameterTypeShouldThrowUnexpectedErrorException(QuestionsAndAnswersPluginTest.java:84)
	at sun.reflect.NativeMethodAccessorImpl.invoke0(Native Method)
	at sun.reflect.NativeMethodAccessorImpl.invoke(NativeMethodAccessorImpl.java:57)
	at sun.reflect.DelegatingMethodAccessorImpl.invoke(DelegatingMethodAccessorImpl.java:43)
	at java.lang.reflect.Method.invoke(Method.java:606)
	at org.testng.internal.MethodInvocationHelper.invokeMethod(MethodInvocationHelper.java:80)
	at org.testng.internal.Invoker.invokeMethod(Invoker.java:691)
	at org.testng.internal.Invoker.invokeTestMethod(Invoker.java:883)
	at org.testng.internal.Invoker.invokeTestMethods(Invoker.java:1208)
	at org.testng.internal.TestMethodWorker.invokeTestMethods(TestMethodWorker.java:127)
	at org.testng.internal.TestMethodWorker.run(TestMethodWorker.java:111)
	at org.testng.TestRunner.privateRun(TestRunner.java:758)
	at org.testng.TestRunner.run(TestRunner.java:613)
	at org.testng.SuiteRunner.runTest(SuiteRunner.java:334)
	at org.testng.SuiteRunner.runSequentially(SuiteRunner.java:329)
	at org.testng.SuiteRunner.privateRun(SuiteRunner.java:291)
	at org.testng.SuiteRunner.run(SuiteRunner.java:240)
	at org.testng.SuiteRunnerWorker.runSuite(SuiteRunnerWorker.java:53)
	at org.testng.SuiteRunnerWorker.run(SuiteRunnerWorker.java:87)
	at org.testng.TestNG.runSuitesSequentially(TestNG.java:1137)
	at org.testng.TestNG.runSuitesLocally(TestNG.java:1062)
	at org.testng.TestNG.run(TestNG.java:974)
	at org.apache.maven.surefire.testng.TestNGExecutor.run(TestNGExecutor.java:70)
	at org.apache.maven.surefire.testng.TestNGDirectoryTestSuite.executeMulti(TestNGDirectoryTestSuite.java:158)
	at org.apache.maven.surefire.testng.TestNGDirectoryTestSuite.execute(TestNGDirectoryTestSuite.java:98)
	at org.apache.maven.surefire.testng.TestNGProvider.invoke(TestNGProvider.java:111)
	at sun.reflect.NativeMethodAccessorImpl.invoke0(Native Method)
	at sun.reflect.NativeMethodAccessorImpl.invoke(NativeMethodAccessorImpl.java:57)
	at sun.reflect.DelegatingMethodAccessorImpl.invoke(DelegatingMethodAccessorImpl.java:43)
	at java.lang.reflect.Method.invoke(Method.java:606)
	at org.apache.maven.surefire.util.ReflectionUtils.invokeMethodWithArray(ReflectionUtils.java:164)
	at org.apache.maven.surefire.booter.ProviderFactory$ProviderProxy.invoke(ProviderFactory.java:110)
	at org.apache.maven.surefire.booter.SurefireStarter.invokeProvider(SurefireStarter.java:175)
	at org.apache.maven.surefire.booter.SurefireStarter.runSuitesInProcessWhenForked(SurefireStarter.java:107)
	at org.apache.maven.surefire.booter.ForkedBooter.main(ForkedBooter.java:68)
Caused by: java.lang.NumberFormatException: For input string: "string"
	at java.lang.NumberFormatException.forInputString(NumberFormatException.java:65)
	at java.lang.Integer.parseInt(Integer.java:492)
	at java.lang.Integer.parseInt(Integer.java:527)
	at org.jtalks.jcommune.plugin.questionsandanswers.QuestionsAndAnswersPlugin.applyConfiguration(QuestionsAndAnswersPlugin.java:84)
	at org.jtalks.jcommune.plugin.api.core.StatefullPlugin.configure(StatefullPlugin.java:52)
	... 36 more
]]>
            </full-stacktrace>
          </exception>
        </test-method>
        <test-method status="PASS" signature="configurationWithIncorrectParametersNumberShouldThrowUnexpectedErrorException()[pri:0, instance:org.jtalks.jcommune.plugin.questionsandanswers.QuestionsAndAnswersPluginTest@feb697]" name="configurationWithIncorrectParametersNumberShouldThrowUnexpectedErrorException" duration-ms="1" started-at="2017-03-21T19:34:00Z" finished-at="2017-03-21T19:34:00Z">
          <exception class="org.jtalks.jcommune.plugin.api.exceptions.UnexpectedErrorException">
            <message>
              <![CDATA[org.jtalks.jcommune.plugin.api.exceptions.PluginConfigurationException: Can't apply configuration: incorrect parameters count or order not found]]>
            </message>
            <full-stacktrace>
              <![CDATA[org.jtalks.jcommune.plugin.api.exceptions.UnexpectedErrorException: org.jtalks.jcommune.plugin.api.exceptions.PluginConfigurationException: Can't apply configuration: incorrect parameters count or order not found
	at org.jtalks.jcommune.plugin.api.core.StatefullPlugin.configure(StatefullPlugin.java:63)
	at org.jtalks.jcommune.plugin.api.core.WebControllerPlugin.configure(WebControllerPlugin.java:33)
	at org.jtalks.jcommune.plugin.questionsandanswers.QuestionsAndAnswersPluginTest.configurationWithIncorrectParametersNumberShouldThrowUnexpectedErrorException(QuestionsAndAnswersPluginTest.java:75)
	at sun.reflect.NativeMethodAccessorImpl.invoke0(Native Method)
	at sun.reflect.NativeMethodAccessorImpl.invoke(NativeMethodAccessorImpl.java:57)
	at sun.reflect.DelegatingMethodAccessorImpl.invoke(DelegatingMethodAccessorImpl.java:43)
	at java.lang.reflect.Method.invoke(Method.java:606)
	at org.testng.internal.MethodInvocationHelper.invokeMethod(MethodInvocationHelper.java:80)
	at org.testng.internal.Invoker.invokeMethod(Invoker.java:691)
	at org.testng.internal.Invoker.invokeTestMethod(Invoker.java:883)
	at org.testng.internal.Invoker.invokeTestMethods(Invoker.java:1208)
	at org.testng.internal.TestMethodWorker.invokeTestMethods(TestMethodWorker.java:127)
	at org.testng.internal.TestMethodWorker.run(TestMethodWorker.java:111)
	at org.testng.TestRunner.privateRun(TestRunner.java:758)
	at org.testng.TestRunner.run(TestRunner.java:613)
	at org.testng.SuiteRunner.runTest(SuiteRunner.java:334)
	at org.testng.SuiteRunner.runSequentially(SuiteRunner.java:329)
	at org.testng.SuiteRunner.privateRun(SuiteRunner.java:291)
	at org.testng.SuiteRunner.run(SuiteRunner.java:240)
	at org.testng.SuiteRunnerWorker.runSuite(SuiteRunnerWorker.java:53)
	at org.testng.SuiteRunnerWorker.run(SuiteRunnerWorker.java:87)
	at org.testng.TestNG.runSuitesSequentially(TestNG.java:1137)
	at org.testng.TestNG.runSuitesLocally(TestNG.java:1062)
	at org.testng.TestNG.run(TestNG.java:974)
	at org.apache.maven.surefire.testng.TestNGExecutor.run(TestNGExecutor.java:70)
	at org.apache.maven.surefire.testng.TestNGDirectoryTestSuite.executeMulti(TestNGDirectoryTestSuite.java:158)
	at org.apache.maven.surefire.testng.TestNGDirectoryTestSuite.execute(TestNGDirectoryTestSuite.java:98)
	at org.apache.maven.surefire.testng.TestNGProvider.invoke(TestNGProvider.java:111)
	at sun.reflect.NativeMethodAccessorImpl.invoke0(Native Method)
	at sun.reflect.NativeMethodAccessorImpl.invoke(NativeMethodAccessorImpl.java:57)
	at sun.reflect.DelegatingMethodAccessorImpl.invoke(DelegatingMethodAccessorImpl.java:43)
	at java.lang.reflect.Method.invoke(Method.java:606)
	at org.apache.maven.surefire.util.ReflectionUtils.invokeMethodWithArray(ReflectionUtils.java:164)
	at org.apache.maven.surefire.booter.ProviderFactory$ProviderProxy.invoke(ProviderFactory.java:110)
	at org.apache.maven.surefire.booter.SurefireStarter.invokeProvider(SurefireStarter.java:175)
	at org.apache.maven.surefire.booter.SurefireStarter.runSuitesInProcessWhenForked(SurefireStarter.java:107)
	at org.apache.maven.surefire.booter.ForkedBooter.main(ForkedBooter.java:68)
Caused by: org.jtalks.jcommune.plugin.api.exceptions.PluginConfigurationException: Can't apply configuration: incorrect parameters count or order not found
	at org.jtalks.jcommune.plugin.questionsandanswers.QuestionsAndAnswersPlugin.applyConfiguration(QuestionsAndAnswersPlugin.java:89)
	at org.jtalks.jcommune.plugin.api.core.StatefullPlugin.configure(StatefullPlugin.java:52)
	... 36 more
]]>
            </full-stacktrace>
          </exception>
        </test-method>
        <test-method status="PASS" signature="defaultConfigurationShouldBeAppliedIfConfigureWithNullOrderValue()[pri:0, instance:org.jtalks.jcommune.plugin.questionsandanswers.QuestionsAndAnswersPluginTest@feb697]" name="defaultConfigurationShouldBeAppliedIfConfigureWithNullOrderValue" duration-ms="55" started-at="2017-03-21T19:34:00Z" finished-at="2017-03-21T19:34:00Z">
        </test-method>
        <test-method status="PASS" signature="getBranchPermissionByMaskShouldReturnCorrectPermission()[pri:0, instance:org.jtalks.jcommune.plugin.questionsandanswers.QuestionsAndAnswersPluginTest@feb697]" name="getBranchPermissionByMaskShouldReturnCorrectPermission" duration-ms="2" started-at="2017-03-21T19:34:00Z" finished-at="2017-03-21T19:34:00Z">
        </test-method>
        <test-method status="PASS" signature="getBranchPermissionByMaskShouldReturnNullIfPermissionNotFound()[pri:0, instance:org.jtalks.jcommune.plugin.questionsandanswers.QuestionsAndAnswersPluginTest@feb697]" name="getBranchPermissionByMaskShouldReturnNullIfPermissionNotFound" duration-ms="1" started-at="2017-03-21T19:34:00Z" finished-at="2017-03-21T19:34:00Z">
        </test-method>
        <test-method status="PASS" signature="getBranchPermissionByNameShouldReturnNullIfPermissionNotFound()[pri:0, instance:org.jtalks.jcommune.plugin.questionsandanswers.QuestionsAndAnswersPluginTest@feb697]" name="getBranchPermissionByNameShouldReturnNullIfPermissionNotFound" duration-ms="0" started-at="2017-03-21T19:34:00Z" finished-at="2017-03-21T19:34:00Z">
        </test-method>
        <test-method status="PASS" signature="testApplyConfiguration()[pri:0, instance:org.jtalks.jcommune.plugin.questionsandanswers.QuestionsAndAnswersPluginTest@feb697]" name="testApplyConfiguration" duration-ms="0" started-at="2017-03-21T19:34:00Z" finished-at="2017-03-21T19:34:00Z">
        </test-method>
        <test-method status="PASS" signature="getBranchPermissionByNameShouldReturnCorrectPermission()[pri:0, instance:org.jtalks.jcommune.plugin.questionsandanswers.QuestionsAndAnswersPluginTest@feb697]" name="getBranchPermissionByNameShouldReturnCorrectPermission" duration-ms="0" started-at="2017-03-21T19:34:00Z" finished-at="2017-03-21T19:34:00Z">
        </test-method>
        <test-method status="PASS" signature="getTopicTypeTest()[pri:0, instance:org.jtalks.jcommune.plugin.questionsandanswers.QuestionsAndAnswersPluginTest@feb697]" name="getTopicTypeTest" duration-ms="0" started-at="2017-03-21T19:34:00Z" finished-at="2017-03-21T19:34:00Z">
        </test-method>
        <test-method status="PASS" signature="supportsJCommuneVersionShouldReturnTrue()[pri:0, instance:org.jtalks.jcommune.plugin.questionsandanswers.QuestionsAndAnswersPluginTest@feb697]" name="supportsJCommuneVersionShouldReturnTrue" duration-ms="0" started-at="2017-03-21T19:34:00Z" finished-at="2017-03-21T19:34:00Z">
        </test-method>
        <test-method status="PASS" signature="testConfigure()[pri:0, instance:org.jtalks.jcommune.plugin.questionsandanswers.QuestionsAndAnswersPluginTest@feb697]" name="testConfigure" duration-ms="4" started-at="2017-03-21T19:34:00Z" finished-at="2017-03-21T19:34:00Z">
        </test-method>
        <test-method status="PASS" signature="testGetBranchPermissions()[pri:0, instance:org.jtalks.jcommune.plugin.questionsandanswers.QuestionsAndAnswersPluginTest@feb697]" name="testGetBranchPermissions" duration-ms="5" started-at="2017-03-21T19:34:00Z" finished-at="2017-03-21T19:34:00Z">
        </test-method>
        <test-method status="PASS" signature="testCreateTopicPermission()[pri:0, instance:org.jtalks.jcommune.plugin.questionsandanswers.QuestionsAndAnswersPluginTest@feb697]" name="testCreateTopicPermission" duration-ms="0" started-at="2017-03-21T19:34:00Z" finished-at="2017-03-21T19:34:00Z">
        </test-method>
        <test-method status="PASS" signature="testGetCreateTopicBtnDto()[pri:0, instance:org.jtalks.jcommune.plugin.questionsandanswers.QuestionsAndAnswersPluginTest@feb697]" name="testGetCreateTopicBtnDto" duration-ms="1" started-at="2017-03-21T19:34:00Z" finished-at="2017-03-21T19:34:00Z">
        </test-method>
        <test-method status="PASS" signature="testGetDefaultConfiguration()[pri:0, instance:org.jtalks.jcommune.plugin.questionsandanswers.QuestionsAndAnswersPluginTest@feb697]" name="testGetDefaultConfiguration" duration-ms="0" started-at="2017-03-21T19:34:00Z" finished-at="2017-03-21T19:34:00Z">
        </test-method>
        <test-method status="PASS" signature="translateLabelWithExistingTranslation()[pri:0, instance:org.jtalks.jcommune.plugin.questionsandanswers.QuestionsAndAnswersPluginTest@feb697]" name="translateLabelWithExistingTranslation" duration-ms="1" started-at="2017-03-21T19:34:00Z" finished-at="2017-03-21T19:34:00Z">
        </test-method>
        <test-method status="PASS" signature="translateLabelWithoutExistingTranslation()[pri:0, instance:org.jtalks.jcommune.plugin.questionsandanswers.QuestionsAndAnswersPluginTest@feb697]" name="translateLabelWithoutExistingTranslation" duration-ms="0" started-at="2017-03-21T19:34:00Z" finished-at="2017-03-21T19:34:00Z">
        </test-method>
      </class>
      <class name="org.jtalks.jcommune.plugin.questionsandanswers.controller.QuestionsAndAnswersControllerTest">
        <test-method status="PASS" signature="init()[pri:0, instance:org.jtalks.jcommune.plugin.questionsandanswers.controller.QuestionsAndAnswersControllerTest@1b3c607]" name="init" is-config="true" duration-ms="290" started-at="2017-03-21T19:33:59Z" finished-at="2017-03-21T19:33:59Z">
        </test-method>
        <test-method status="PASS" signature="addCommentShouldReturnFailResponseIfPostNotFound()[pri:0, instance:org.jtalks.jcommune.plugin.questionsandanswers.controller.QuestionsAndAnswersControllerTest@1b3c607]" name="addCommentShouldReturnFailResponseIfPostNotFound" duration-ms="3" started-at="2017-03-21T19:33:59Z" finished-at="2017-03-21T19:33:59Z">
        </test-method>
        <test-method status="PASS" signature="init()[pri:0, instance:org.jtalks.jcommune.plugin.questionsandanswers.controller.QuestionsAndAnswersControllerTest@1b3c607]" name="init" is-config="true" duration-ms="4" started-at="2017-03-21T19:33:59Z" finished-at="2017-03-21T19:33:59Z">
        </test-method>
        <test-method status="PASS" signature="addCommentShouldReturnFailResponseIfValidationErrorOccurred()[pri:0, instance:org.jtalks.jcommune.plugin.questionsandanswers.controller.QuestionsAndAnswersControllerTest@1b3c607]" name="addCommentShouldReturnFailResponseIfValidationErrorOccurred" duration-ms="1" started-at="2017-03-21T19:33:59Z" finished-at="2017-03-21T19:33:59Z">
        </test-method>
        <test-method status="PASS" signature="init()[pri:0, instance:org.jtalks.jcommune.plugin.questionsandanswers.controller.QuestionsAndAnswersControllerTest@1b3c607]" name="init" is-config="true" duration-ms="4" started-at="2017-03-21T19:33:59Z" finished-at="2017-03-21T19:33:59Z">
        </test-method>
        <test-method status="PASS" signature="canPostShouldReturnFailResponseIfLimitOfAnswersNotReached()[pri:0, instance:org.jtalks.jcommune.plugin.questionsandanswers.controller.QuestionsAndAnswersControllerTest@1b3c607]" name="canPostShouldReturnFailResponseIfLimitOfAnswersNotReached" duration-ms="2" started-at="2017-03-21T19:33:59Z" finished-at="2017-03-21T19:33:59Z">
        </test-method>
        <test-method status="PASS" signature="init()[pri:0, instance:org.jtalks.jcommune.plugin.questionsandanswers.controller.QuestionsAndAnswersControllerTest@1b3c607]" name="init" is-config="true" duration-ms="4" started-at="2017-03-21T19:33:59Z" finished-at="2017-03-21T19:33:59Z">
        </test-method>
        <test-method status="PASS" signature="canPostShouldReturnSuccessResponseIfLimitOfAnswersNotReached()[pri:0, instance:org.jtalks.jcommune.plugin.questionsandanswers.controller.QuestionsAndAnswersControllerTest@1b3c607]" name="canPostShouldReturnSuccessResponseIfLimitOfAnswersNotReached" duration-ms="1" started-at="2017-03-21T19:33:59Z" finished-at="2017-03-21T19:33:59Z">
        </test-method>
        <test-method status="PASS" signature="init()[pri:0, instance:org.jtalks.jcommune.plugin.questionsandanswers.controller.QuestionsAndAnswersControllerTest@1b3c607]" name="init" is-config="true" duration-ms="5" started-at="2017-03-21T19:33:59Z" finished-at="2017-03-21T19:33:59Z">
        </test-method>
        <test-method status="PASS" signature="canPostShouldThrowExceptionIfTopicNotFound()[pri:0, instance:org.jtalks.jcommune.plugin.questionsandanswers.controller.QuestionsAndAnswersControllerTest@1b3c607]" name="canPostShouldThrowExceptionIfTopicNotFound" duration-ms="1" started-at="2017-03-21T19:33:59Z" finished-at="2017-03-21T19:33:59Z">
          <exception class="org.jtalks.jcommune.plugin.api.exceptions.NotFoundException">
            <full-stacktrace>
              <![CDATA[org.jtalks.jcommune.plugin.api.exceptions.NotFoundException
	at org.jtalks.jcommune.plugin.questionsandanswers.controller.QuestionsAndAnswersControllerTest.canPostShouldThrowExceptionIfTopicNotFound(QuestionsAndAnswersControllerTest.java:690)
	at sun.reflect.NativeMethodAccessorImpl.invoke0(Native Method)
	at sun.reflect.NativeMethodAccessorImpl.invoke(NativeMethodAccessorImpl.java:57)
	at sun.reflect.DelegatingMethodAccessorImpl.invoke(DelegatingMethodAccessorImpl.java:43)
	at java.lang.reflect.Method.invoke(Method.java:606)
	at org.testng.internal.MethodInvocationHelper.invokeMethod(MethodInvocationHelper.java:80)
	at org.testng.internal.Invoker.invokeMethod(Invoker.java:691)
	at org.testng.internal.Invoker.invokeTestMethod(Invoker.java:883)
	at org.testng.internal.Invoker.invokeTestMethods(Invoker.java:1208)
	at org.testng.internal.TestMethodWorker.invokeTestMethods(TestMethodWorker.java:127)
	at org.testng.internal.TestMethodWorker.run(TestMethodWorker.java:111)
	at org.testng.TestRunner.privateRun(TestRunner.java:758)
	at org.testng.TestRunner.run(TestRunner.java:613)
	at org.testng.SuiteRunner.runTest(SuiteRunner.java:334)
	at org.testng.SuiteRunner.runSequentially(SuiteRunner.java:329)
	at org.testng.SuiteRunner.privateRun(SuiteRunner.java:291)
	at org.testng.SuiteRunner.run(SuiteRunner.java:240)
	at org.testng.SuiteRunnerWorker.runSuite(SuiteRunnerWorker.java:53)
	at org.testng.SuiteRunnerWorker.run(SuiteRunnerWorker.java:87)
	at org.testng.TestNG.runSuitesSequentially(TestNG.java:1137)
	at org.testng.TestNG.runSuitesLocally(TestNG.java:1062)
	at org.testng.TestNG.run(TestNG.java:974)
	at org.apache.maven.surefire.testng.TestNGExecutor.run(TestNGExecutor.java:70)
	at org.apache.maven.surefire.testng.TestNGDirectoryTestSuite.executeMulti(TestNGDirectoryTestSuite.java:158)
	at org.apache.maven.surefire.testng.TestNGDirectoryTestSuite.execute(TestNGDirectoryTestSuite.java:98)
	at org.apache.maven.surefire.testng.TestNGProvider.invoke(TestNGProvider.java:111)
	at sun.reflect.NativeMethodAccessorImpl.invoke0(Native Method)
	at sun.reflect.NativeMethodAccessorImpl.invoke(NativeMethodAccessorImpl.java:57)
	at sun.reflect.DelegatingMethodAccessorImpl.invoke(DelegatingMethodAccessorImpl.java:43)
	at java.lang.reflect.Method.invoke(Method.java:606)
	at org.apache.maven.surefire.util.ReflectionUtils.invokeMethodWithArray(ReflectionUtils.java:164)
	at org.apache.maven.surefire.booter.ProviderFactory$ProviderProxy.invoke(ProviderFactory.java:110)
	at org.apache.maven.surefire.booter.SurefireStarter.invokeProvider(SurefireStarter.java:175)
	at org.apache.maven.surefire.booter.SurefireStarter.runSuitesInProcessWhenForked(SurefireStarter.java:107)
	at org.apache.maven.surefire.booter.ForkedBooter.main(ForkedBooter.java:68)
]]>
            </full-stacktrace>
          </exception>
        </test-method>
        <test-method status="PASS" signature="init()[pri:0, instance:org.jtalks.jcommune.plugin.questionsandanswers.controller.QuestionsAndAnswersControllerTest@1b3c607]" name="init" is-config="true" duration-ms="5" started-at="2017-03-21T19:33:59Z" finished-at="2017-03-21T19:33:59Z">
        </test-method>
        <test-method status="PASS" signature="closeQuestionShouldThrowExceptionWhenQuestionNotFound()[pri:0, instance:org.jtalks.jcommune.plugin.questionsandanswers.controller.QuestionsAndAnswersControllerTest@1b3c607]" name="closeQuestionShouldThrowExceptionWhenQuestionNotFound" duration-ms="1" started-at="2017-03-21T19:33:59Z" finished-at="2017-03-21T19:33:59Z">
          <exception class="org.jtalks.jcommune.plugin.api.exceptions.NotFoundException">
            <full-stacktrace>
              <![CDATA[org.jtalks.jcommune.plugin.api.exceptions.NotFoundException
	at org.jtalks.jcommune.plugin.questionsandanswers.controller.QuestionsAndAnswersControllerTest.closeQuestionShouldThrowExceptionWhenQuestionNotFound(QuestionsAndAnswersControllerTest.java:351)
	at sun.reflect.NativeMethodAccessorImpl.invoke0(Native Method)
	at sun.reflect.NativeMethodAccessorImpl.invoke(NativeMethodAccessorImpl.java:57)
	at sun.reflect.DelegatingMethodAccessorImpl.invoke(DelegatingMethodAccessorImpl.java:43)
	at java.lang.reflect.Method.invoke(Method.java:606)
	at org.testng.internal.MethodInvocationHelper.invokeMethod(MethodInvocationHelper.java:80)
	at org.testng.internal.Invoker.invokeMethod(Invoker.java:691)
	at org.testng.internal.Invoker.invokeTestMethod(Invoker.java:883)
	at org.testng.internal.Invoker.invokeTestMethods(Invoker.java:1208)
	at org.testng.internal.TestMethodWorker.invokeTestMethods(TestMethodWorker.java:127)
	at org.testng.internal.TestMethodWorker.run(TestMethodWorker.java:111)
	at org.testng.TestRunner.privateRun(TestRunner.java:758)
	at org.testng.TestRunner.run(TestRunner.java:613)
	at org.testng.SuiteRunner.runTest(SuiteRunner.java:334)
	at org.testng.SuiteRunner.runSequentially(SuiteRunner.java:329)
	at org.testng.SuiteRunner.privateRun(SuiteRunner.java:291)
	at org.testng.SuiteRunner.run(SuiteRunner.java:240)
	at org.testng.SuiteRunnerWorker.runSuite(SuiteRunnerWorker.java:53)
	at org.testng.SuiteRunnerWorker.run(SuiteRunnerWorker.java:87)
	at org.testng.TestNG.runSuitesSequentially(TestNG.java:1137)
	at org.testng.TestNG.runSuitesLocally(TestNG.java:1062)
	at org.testng.TestNG.run(TestNG.java:974)
	at org.apache.maven.surefire.testng.TestNGExecutor.run(TestNGExecutor.java:70)
	at org.apache.maven.surefire.testng.TestNGDirectoryTestSuite.executeMulti(TestNGDirectoryTestSuite.java:158)
	at org.apache.maven.surefire.testng.TestNGDirectoryTestSuite.execute(TestNGDirectoryTestSuite.java:98)
	at org.apache.maven.surefire.testng.TestNGProvider.invoke(TestNGProvider.java:111)
	at sun.reflect.NativeMethodAccessorImpl.invoke0(Native Method)
	at sun.reflect.NativeMethodAccessorImpl.invoke(NativeMethodAccessorImpl.java:57)
	at sun.reflect.DelegatingMethodAccessorImpl.invoke(DelegatingMethodAccessorImpl.java:43)
	at java.lang.reflect.Method.invoke(Method.java:606)
	at org.apache.maven.surefire.util.ReflectionUtils.invokeMethodWithArray(ReflectionUtils.java:164)
	at org.apache.maven.surefire.booter.ProviderFactory$ProviderProxy.invoke(ProviderFactory.java:110)
	at org.apache.maven.surefire.booter.SurefireStarter.invokeProvider(SurefireStarter.java:175)
	at org.apache.maven.surefire.booter.SurefireStarter.runSuitesInProcessWhenForked(SurefireStarter.java:107)
	at org.apache.maven.surefire.booter.ForkedBooter.main(ForkedBooter.java:68)
]]>
            </full-stacktrace>
          </exception>
        </test-method>
        <test-method status="PASS" signature="init()[pri:0, instance:org.jtalks.jcommune.plugin.questionsandanswers.controller.QuestionsAndAnswersControllerTest@1b3c607]" name="init" is-config="true" duration-ms="6" started-at="2017-03-21T19:33:59Z" finished-at="2017-03-21T19:33:59Z">
        </test-method>
        <test-method status="PASS" signature="createAnswerMustReturnDraft_ifValidationFails()[pri:0, instance:org.jtalks.jcommune.plugin.questionsandanswers.controller.QuestionsAndAnswersControllerTest@1b3c607]" name="createAnswerMustReturnDraft_ifValidationFails" duration-ms="211" started-at="2017-03-21T19:33:59Z" finished-at="2017-03-21T19:33:59Z">
        </test-method>
        <test-method status="PASS" signature="init()[pri:0, instance:org.jtalks.jcommune.plugin.questionsandanswers.controller.QuestionsAndAnswersControllerTest@1b3c607]" name="init" is-config="true" duration-ms="5" started-at="2017-03-21T19:33:59Z" finished-at="2017-03-21T19:33:59Z">
        </test-method>
        <test-method status="PASS" signature="createAnswerPageShouldThrowExceptionWhenTopicNotFound()[pri:0, instance:org.jtalks.jcommune.plugin.questionsandanswers.controller.QuestionsAndAnswersControllerTest@1b3c607]" name="createAnswerPageShouldThrowExceptionWhenTopicNotFound" duration-ms="1" started-at="2017-03-21T19:33:59Z" finished-at="2017-03-21T19:33:59Z">
          <exception class="org.jtalks.jcommune.plugin.api.exceptions.NotFoundException">
            <full-stacktrace>
              <![CDATA[org.jtalks.jcommune.plugin.api.exceptions.NotFoundException
	at org.jtalks.jcommune.plugin.questionsandanswers.controller.QuestionsAndAnswersControllerTest.createAnswerPageShouldThrowExceptionWhenTopicNotFound(QuestionsAndAnswersControllerTest.java:441)
	at sun.reflect.NativeMethodAccessorImpl.invoke0(Native Method)
	at sun.reflect.NativeMethodAccessorImpl.invoke(NativeMethodAccessorImpl.java:57)
	at sun.reflect.DelegatingMethodAccessorImpl.invoke(DelegatingMethodAccessorImpl.java:43)
	at java.lang.reflect.Method.invoke(Method.java:606)
	at org.testng.internal.MethodInvocationHelper.invokeMethod(MethodInvocationHelper.java:80)
	at org.testng.internal.Invoker.invokeMethod(Invoker.java:691)
	at org.testng.internal.Invoker.invokeTestMethod(Invoker.java:883)
	at org.testng.internal.Invoker.invokeTestMethods(Invoker.java:1208)
	at org.testng.internal.TestMethodWorker.invokeTestMethods(TestMethodWorker.java:127)
	at org.testng.internal.TestMethodWorker.run(TestMethodWorker.java:111)
	at org.testng.TestRunner.privateRun(TestRunner.java:758)
	at org.testng.TestRunner.run(TestRunner.java:613)
	at org.testng.SuiteRunner.runTest(SuiteRunner.java:334)
	at org.testng.SuiteRunner.runSequentially(SuiteRunner.java:329)
	at org.testng.SuiteRunner.privateRun(SuiteRunner.java:291)
	at org.testng.SuiteRunner.run(SuiteRunner.java:240)
	at org.testng.SuiteRunnerWorker.runSuite(SuiteRunnerWorker.java:53)
	at org.testng.SuiteRunnerWorker.run(SuiteRunnerWorker.java:87)
	at org.testng.TestNG.runSuitesSequentially(TestNG.java:1137)
	at org.testng.TestNG.runSuitesLocally(TestNG.java:1062)
	at org.testng.TestNG.run(TestNG.java:974)
	at org.apache.maven.surefire.testng.TestNGExecutor.run(TestNGExecutor.java:70)
	at org.apache.maven.surefire.testng.TestNGDirectoryTestSuite.executeMulti(TestNGDirectoryTestSuite.java:158)
	at org.apache.maven.surefire.testng.TestNGDirectoryTestSuite.execute(TestNGDirectoryTestSuite.java:98)
	at org.apache.maven.surefire.testng.TestNGProvider.invoke(TestNGProvider.java:111)
	at sun.reflect.NativeMethodAccessorImpl.invoke0(Native Method)
	at sun.reflect.NativeMethodAccessorImpl.invoke(NativeMethodAccessorImpl.java:57)
	at sun.reflect.DelegatingMethodAccessorImpl.invoke(DelegatingMethodAccessorImpl.java:43)
	at java.lang.reflect.Method.invoke(Method.java:606)
	at org.apache.maven.surefire.util.ReflectionUtils.invokeMethodWithArray(ReflectionUtils.java:164)
	at org.apache.maven.surefire.booter.ProviderFactory$ProviderProxy.invoke(ProviderFactory.java:110)
	at org.apache.maven.surefire.booter.SurefireStarter.invokeProvider(SurefireStarter.java:175)
	at org.apache.maven.surefire.booter.SurefireStarter.runSuitesInProcessWhenForked(SurefireStarter.java:107)
	at org.apache.maven.surefire.booter.ForkedBooter.main(ForkedBooter.java:68)
]]>
            </full-stacktrace>
          </exception>
        </test-method>
        <test-method status="PASS" signature="init()[pri:0, instance:org.jtalks.jcommune.plugin.questionsandanswers.controller.QuestionsAndAnswersControllerTest@1b3c607]" name="init" is-config="true" duration-ms="4" started-at="2017-03-21T19:33:59Z" finished-at="2017-03-21T19:33:59Z">
        </test-method>
        <test-method status="PASS" signature="createAnswerShouldRedirectBackIfValidationFails()[pri:0, instance:org.jtalks.jcommune.plugin.questionsandanswers.controller.QuestionsAndAnswersControllerTest@1b3c607]" name="createAnswerShouldRedirectBackIfValidationFails" duration-ms="15" started-at="2017-03-21T19:33:59Z" finished-at="2017-03-21T19:33:59Z">
        </test-method>
        <test-method status="PASS" signature="init()[pri:0, instance:org.jtalks.jcommune.plugin.questionsandanswers.controller.QuestionsAndAnswersControllerTest@1b3c607]" name="init" is-config="true" duration-ms="4" started-at="2017-03-21T19:33:59Z" finished-at="2017-03-21T19:33:59Z">
        </test-method>
        <test-method status="PASS" signature="createAnswerShouldUpdateAnswerIfValidationSuccess()[pri:0, instance:org.jtalks.jcommune.plugin.questionsandanswers.controller.QuestionsAndAnswersControllerTest@1b3c607]" name="createAnswerShouldUpdateAnswerIfValidationSuccess" duration-ms="6" started-at="2017-03-21T19:33:59Z" finished-at="2017-03-21T19:33:59Z">
        </test-method>
        <test-method status="PASS" signature="init()[pri:0, instance:org.jtalks.jcommune.plugin.questionsandanswers.controller.QuestionsAndAnswersControllerTest@1b3c607]" name="init" is-config="true" duration-ms="3" started-at="2017-03-21T19:33:59Z" finished-at="2017-03-21T19:33:59Z">
        </test-method>
        <test-method status="PASS" signature="createQuestionShouldThrowExceptionIfBranchNotFound()[pri:0, instance:org.jtalks.jcommune.plugin.questionsandanswers.controller.QuestionsAndAnswersControllerTest@1b3c607]" name="createQuestionShouldThrowExceptionIfBranchNotFound" duration-ms="12" started-at="2017-03-21T19:33:59Z" finished-at="2017-03-21T19:33:59Z">
          <exception class="org.jtalks.jcommune.plugin.api.exceptions.NotFoundException">
            <full-stacktrace>
              <![CDATA[org.jtalks.jcommune.plugin.api.exceptions.NotFoundException
	at org.jtalks.jcommune.plugin.questionsandanswers.controller.QuestionsAndAnswersControllerTest.createQuestionShouldThrowExceptionIfBranchNotFound(QuestionsAndAnswersControllerTest.java:182)
	at sun.reflect.NativeMethodAccessorImpl.invoke0(Native Method)
	at sun.reflect.NativeMethodAccessorImpl.invoke(NativeMethodAccessorImpl.java:57)
	at sun.reflect.DelegatingMethodAccessorImpl.invoke(DelegatingMethodAccessorImpl.java:43)
	at java.lang.reflect.Method.invoke(Method.java:606)
	at org.testng.internal.MethodInvocationHelper.invokeMethod(MethodInvocationHelper.java:80)
	at org.testng.internal.Invoker.invokeMethod(Invoker.java:691)
	at org.testng.internal.Invoker.invokeTestMethod(Invoker.java:883)
	at org.testng.internal.Invoker.invokeTestMethods(Invoker.java:1208)
	at org.testng.internal.TestMethodWorker.invokeTestMethods(TestMethodWorker.java:127)
	at org.testng.internal.TestMethodWorker.run(TestMethodWorker.java:111)
	at org.testng.TestRunner.privateRun(TestRunner.java:758)
	at org.testng.TestRunner.run(TestRunner.java:613)
	at org.testng.SuiteRunner.runTest(SuiteRunner.java:334)
	at org.testng.SuiteRunner.runSequentially(SuiteRunner.java:329)
	at org.testng.SuiteRunner.privateRun(SuiteRunner.java:291)
	at org.testng.SuiteRunner.run(SuiteRunner.java:240)
	at org.testng.SuiteRunnerWorker.runSuite(SuiteRunnerWorker.java:53)
	at org.testng.SuiteRunnerWorker.run(SuiteRunnerWorker.java:87)
	at org.testng.TestNG.runSuitesSequentially(TestNG.java:1137)
	at org.testng.TestNG.runSuitesLocally(TestNG.java:1062)
	at org.testng.TestNG.run(TestNG.java:974)
	at org.apache.maven.surefire.testng.TestNGExecutor.run(TestNGExecutor.java:70)
	at org.apache.maven.surefire.testng.TestNGDirectoryTestSuite.executeMulti(TestNGDirectoryTestSuite.java:158)
	at org.apache.maven.surefire.testng.TestNGDirectoryTestSuite.execute(TestNGDirectoryTestSuite.java:98)
	at org.apache.maven.surefire.testng.TestNGProvider.invoke(TestNGProvider.java:111)
	at sun.reflect.NativeMethodAccessorImpl.invoke0(Native Method)
	at sun.reflect.NativeMethodAccessorImpl.invoke(NativeMethodAccessorImpl.java:57)
	at sun.reflect.DelegatingMethodAccessorImpl.invoke(DelegatingMethodAccessorImpl.java:43)
	at java.lang.reflect.Method.invoke(Method.java:606)
	at org.apache.maven.surefire.util.ReflectionUtils.invokeMethodWithArray(ReflectionUtils.java:164)
	at org.apache.maven.surefire.booter.ProviderFactory$ProviderProxy.invoke(ProviderFactory.java:110)
	at org.apache.maven.surefire.booter.SurefireStarter.invokeProvider(SurefireStarter.java:175)
	at org.apache.maven.surefire.booter.SurefireStarter.runSuitesInProcessWhenForked(SurefireStarter.java:107)
	at org.apache.maven.surefire.booter.ForkedBooter.main(ForkedBooter.java:68)
]]>
            </full-stacktrace>
          </exception>
        </test-method>
        <test-method status="PASS" signature="init()[pri:0, instance:org.jtalks.jcommune.plugin.questionsandanswers.controller.QuestionsAndAnswersControllerTest@1b3c607]" name="init" is-config="true" duration-ms="3" started-at="2017-03-21T19:33:59Z" finished-at="2017-03-21T19:33:59Z">
        </test-method>
        <test-method status="PASS" signature="createQuestionSuccessTest()[pri:0, instance:org.jtalks.jcommune.plugin.questionsandanswers.controller.QuestionsAndAnswersControllerTest@1b3c607]" name="createQuestionSuccessTest" duration-ms="31" started-at="2017-03-21T19:33:59Z" finished-at="2017-03-21T19:33:59Z">
        </test-method>
        <test-method status="PASS" signature="init()[pri:0, instance:org.jtalks.jcommune.plugin.questionsandanswers.controller.QuestionsAndAnswersControllerTest@1b3c607]" name="init" is-config="true" duration-ms="4" started-at="2017-03-21T19:33:59Z" finished-at="2017-03-21T19:33:59Z">
        </test-method>
        <test-method status="PASS" signature="createQuestionValidationErrorsTest()[pri:0, instance:org.jtalks.jcommune.plugin.questionsandanswers.controller.QuestionsAndAnswersControllerTest@1b3c607]" name="createQuestionValidationErrorsTest" duration-ms="9" started-at="2017-03-21T19:33:59Z" finished-at="2017-03-21T19:33:59Z">
        </test-method>
        <test-method status="PASS" signature="init()[pri:0, instance:org.jtalks.jcommune.plugin.questionsandanswers.controller.QuestionsAndAnswersControllerTest@1b3c607]" name="init" is-config="true" duration-ms="4" started-at="2017-03-21T19:33:59Z" finished-at="2017-03-21T19:33:59Z">
        </test-method>
        <test-method status="PASS" signature="deleteAnswerPageShouldRedirectToNeighborAnswer()[pri:0, instance:org.jtalks.jcommune.plugin.questionsandanswers.controller.QuestionsAndAnswersControllerTest@1b3c607]" name="deleteAnswerPageShouldRedirectToNeighborAnswer" duration-ms="12" started-at="2017-03-21T19:33:59Z" finished-at="2017-03-21T19:33:59Z">
        </test-method>
        <test-method status="PASS" signature="init()[pri:0, instance:org.jtalks.jcommune.plugin.questionsandanswers.controller.QuestionsAndAnswersControllerTest@1b3c607]" name="init" is-config="true" duration-ms="5" started-at="2017-03-21T19:33:59Z" finished-at="2017-03-21T19:33:59Z">
        </test-method>
        <test-method status="PASS" signature="deleteAnswerPageShouldThrowExceptionWhenTopicNotFound()[pri:0, instance:org.jtalks.jcommune.plugin.questionsandanswers.controller.QuestionsAndAnswersControllerTest@1b3c607]" name="deleteAnswerPageShouldThrowExceptionWhenTopicNotFound" duration-ms="1" started-at="2017-03-21T19:33:59Z" finished-at="2017-03-21T19:33:59Z">
          <exception class="org.jtalks.jcommune.plugin.api.exceptions.NotFoundException">
            <full-stacktrace>
              <![CDATA[org.jtalks.jcommune.plugin.api.exceptions.NotFoundException
	at org.jtalks.jcommune.plugin.questionsandanswers.controller.QuestionsAndAnswersControllerTest.deleteAnswerPageShouldThrowExceptionWhenTopicNotFound(QuestionsAndAnswersControllerTest.java:491)
	at sun.reflect.NativeMethodAccessorImpl.invoke0(Native Method)
	at sun.reflect.NativeMethodAccessorImpl.invoke(NativeMethodAccessorImpl.java:57)
	at sun.reflect.DelegatingMethodAccessorImpl.invoke(DelegatingMethodAccessorImpl.java:43)
	at java.lang.reflect.Method.invoke(Method.java:606)
	at org.testng.internal.MethodInvocationHelper.invokeMethod(MethodInvocationHelper.java:80)
	at org.testng.internal.Invoker.invokeMethod(Invoker.java:691)
	at org.testng.internal.Invoker.invokeTestMethod(Invoker.java:883)
	at org.testng.internal.Invoker.invokeTestMethods(Invoker.java:1208)
	at org.testng.internal.TestMethodWorker.invokeTestMethods(TestMethodWorker.java:127)
	at org.testng.internal.TestMethodWorker.run(TestMethodWorker.java:111)
	at org.testng.TestRunner.privateRun(TestRunner.java:758)
	at org.testng.TestRunner.run(TestRunner.java:613)
	at org.testng.SuiteRunner.runTest(SuiteRunner.java:334)
	at org.testng.SuiteRunner.runSequentially(SuiteRunner.java:329)
	at org.testng.SuiteRunner.privateRun(SuiteRunner.java:291)
	at org.testng.SuiteRunner.run(SuiteRunner.java:240)
	at org.testng.SuiteRunnerWorker.runSuite(SuiteRunnerWorker.java:53)
	at org.testng.SuiteRunnerWorker.run(SuiteRunnerWorker.java:87)
	at org.testng.TestNG.runSuitesSequentially(TestNG.java:1137)
	at org.testng.TestNG.runSuitesLocally(TestNG.java:1062)
	at org.testng.TestNG.run(TestNG.java:974)
	at org.apache.maven.surefire.testng.TestNGExecutor.run(TestNGExecutor.java:70)
	at org.apache.maven.surefire.testng.TestNGDirectoryTestSuite.executeMulti(TestNGDirectoryTestSuite.java:158)
	at org.apache.maven.surefire.testng.TestNGDirectoryTestSuite.execute(TestNGDirectoryTestSuite.java:98)
	at org.apache.maven.surefire.testng.TestNGProvider.invoke(TestNGProvider.java:111)
	at sun.reflect.NativeMethodAccessorImpl.invoke0(Native Method)
	at sun.reflect.NativeMethodAccessorImpl.invoke(NativeMethodAccessorImpl.java:57)
	at sun.reflect.DelegatingMethodAccessorImpl.invoke(DelegatingMethodAccessorImpl.java:43)
	at java.lang.reflect.Method.invoke(Method.java:606)
	at org.apache.maven.surefire.util.ReflectionUtils.invokeMethodWithArray(ReflectionUtils.java:164)
	at org.apache.maven.surefire.booter.ProviderFactory$ProviderProxy.invoke(ProviderFactory.java:110)
	at org.apache.maven.surefire.booter.SurefireStarter.invokeProvider(SurefireStarter.java:175)
	at org.apache.maven.surefire.booter.SurefireStarter.runSuitesInProcessWhenForked(SurefireStarter.java:107)
	at org.apache.maven.surefire.booter.ForkedBooter.main(ForkedBooter.java:68)
]]>
            </full-stacktrace>
          </exception>
        </test-method>
        <test-method status="PASS" signature="init()[pri:0, instance:org.jtalks.jcommune.plugin.questionsandanswers.controller.QuestionsAndAnswersControllerTest@1b3c607]" name="init" is-config="true" duration-ms="4" started-at="2017-03-21T19:33:59Z" finished-at="2017-03-21T19:33:59Z">
        </test-method>
        <test-method status="PASS" signature="editAnswerPageShouldRenderThePageIfAnswerIdIsCorrect()[pri:0, instance:org.jtalks.jcommune.plugin.questionsandanswers.controller.QuestionsAndAnswersControllerTest@1b3c607]" name="editAnswerPageShouldRenderThePageIfAnswerIdIsCorrect" duration-ms="19" started-at="2017-03-21T19:33:59Z" finished-at="2017-03-21T19:33:59Z">
        </test-method>
        <test-method status="PASS" signature="init()[pri:0, instance:org.jtalks.jcommune.plugin.questionsandanswers.controller.QuestionsAndAnswersControllerTest@1b3c607]" name="init" is-config="true" duration-ms="4" started-at="2017-03-21T19:33:59Z" finished-at="2017-03-21T19:33:59Z">
        </test-method>
        <test-method status="PASS" signature="editAnswerPageShouldThrowExceptionWhenAnswerNotFound()[pri:0, instance:org.jtalks.jcommune.plugin.questionsandanswers.controller.QuestionsAndAnswersControllerTest@1b3c607]" name="editAnswerPageShouldThrowExceptionWhenAnswerNotFound" duration-ms="1" started-at="2017-03-21T19:33:59Z" finished-at="2017-03-21T19:33:59Z">
          <exception class="org.jtalks.jcommune.plugin.api.exceptions.NotFoundException">
            <full-stacktrace>
              <![CDATA[org.jtalks.jcommune.plugin.api.exceptions.NotFoundException
	at org.jtalks.jcommune.plugin.questionsandanswers.controller.QuestionsAndAnswersControllerTest.editAnswerPageShouldThrowExceptionWhenAnswerNotFound(QuestionsAndAnswersControllerTest.java:359)
	at sun.reflect.NativeMethodAccessorImpl.invoke0(Native Method)
	at sun.reflect.NativeMethodAccessorImpl.invoke(NativeMethodAccessorImpl.java:57)
	at sun.reflect.DelegatingMethodAccessorImpl.invoke(DelegatingMethodAccessorImpl.java:43)
	at java.lang.reflect.Method.invoke(Method.java:606)
	at org.testng.internal.MethodInvocationHelper.invokeMethod(MethodInvocationHelper.java:80)
	at org.testng.internal.Invoker.invokeMethod(Invoker.java:691)
	at org.testng.internal.Invoker.invokeTestMethod(Invoker.java:883)
	at org.testng.internal.Invoker.invokeTestMethods(Invoker.java:1208)
	at org.testng.internal.TestMethodWorker.invokeTestMethods(TestMethodWorker.java:127)
	at org.testng.internal.TestMethodWorker.run(TestMethodWorker.java:111)
	at org.testng.TestRunner.privateRun(TestRunner.java:758)
	at org.testng.TestRunner.run(TestRunner.java:613)
	at org.testng.SuiteRunner.runTest(SuiteRunner.java:334)
	at org.testng.SuiteRunner.runSequentially(SuiteRunner.java:329)
	at org.testng.SuiteRunner.privateRun(SuiteRunner.java:291)
	at org.testng.SuiteRunner.run(SuiteRunner.java:240)
	at org.testng.SuiteRunnerWorker.runSuite(SuiteRunnerWorker.java:53)
	at org.testng.SuiteRunnerWorker.run(SuiteRunnerWorker.java:87)
	at org.testng.TestNG.runSuitesSequentially(TestNG.java:1137)
	at org.testng.TestNG.runSuitesLocally(TestNG.java:1062)
	at org.testng.TestNG.run(TestNG.java:974)
	at org.apache.maven.surefire.testng.TestNGExecutor.run(TestNGExecutor.java:70)
	at org.apache.maven.surefire.testng.TestNGDirectoryTestSuite.executeMulti(TestNGDirectoryTestSuite.java:158)
	at org.apache.maven.surefire.testng.TestNGDirectoryTestSuite.execute(TestNGDirectoryTestSuite.java:98)
	at org.apache.maven.surefire.testng.TestNGProvider.invoke(TestNGProvider.java:111)
	at sun.reflect.NativeMethodAccessorImpl.invoke0(Native Method)
	at sun.reflect.NativeMethodAccessorImpl.invoke(NativeMethodAccessorImpl.java:57)
	at sun.reflect.DelegatingMethodAccessorImpl.invoke(DelegatingMethodAccessorImpl.java:43)
	at java.lang.reflect.Method.invoke(Method.java:606)
	at org.apache.maven.surefire.util.ReflectionUtils.invokeMethodWithArray(ReflectionUtils.java:164)
	at org.apache.maven.surefire.booter.ProviderFactory$ProviderProxy.invoke(ProviderFactory.java:110)
	at org.apache.maven.surefire.booter.SurefireStarter.invokeProvider(SurefireStarter.java:175)
	at org.apache.maven.surefire.booter.SurefireStarter.runSuitesInProcessWhenForked(SurefireStarter.java:107)
	at org.apache.maven.surefire.booter.ForkedBooter.main(ForkedBooter.java:68)
]]>
            </full-stacktrace>
          </exception>
        </test-method>
        <test-method status="PASS" signature="init()[pri:0, instance:org.jtalks.jcommune.plugin.questionsandanswers.controller.QuestionsAndAnswersControllerTest@1b3c607]" name="init" is-config="true" duration-ms="4" started-at="2017-03-21T19:33:59Z" finished-at="2017-03-21T19:33:59Z">
        </test-method>
        <test-method status="PASS" signature="editCommentShouldReturnFailResponseIfPostNotFound()[pri:0, instance:org.jtalks.jcommune.plugin.questionsandanswers.controller.QuestionsAndAnswersControllerTest@1b3c607]" name="editCommentShouldReturnFailResponseIfPostNotFound" duration-ms="2" started-at="2017-03-21T19:33:59Z" finished-at="2017-03-21T19:33:59Z">
        </test-method>
        <test-method status="PASS" signature="init()[pri:0, instance:org.jtalks.jcommune.plugin.questionsandanswers.controller.QuestionsAndAnswersControllerTest@1b3c607]" name="init" is-config="true" duration-ms="5" started-at="2017-03-21T19:33:59Z" finished-at="2017-03-21T19:33:59Z">
        </test-method>
        <test-method status="PASS" signature="editCommentShouldReturnFailResponseIfValidationErrorOccurred()[pri:0, instance:org.jtalks.jcommune.plugin.questionsandanswers.controller.QuestionsAndAnswersControllerTest@1b3c607]" name="editCommentShouldReturnFailResponseIfValidationErrorOccurred" duration-ms="0" started-at="2017-03-21T19:33:59Z" finished-at="2017-03-21T19:33:59Z">
        </test-method>
        <test-method status="PASS" signature="init()[pri:0, instance:org.jtalks.jcommune.plugin.questionsandanswers.controller.QuestionsAndAnswersControllerTest@1b3c607]" name="init" is-config="true" duration-ms="4" started-at="2017-03-21T19:33:59Z" finished-at="2017-03-21T19:33:59Z">
        </test-method>
        <test-method status="PASS" signature="editQuestionPageShouldThrowExceptionIfQuestionNotFound()[pri:0, instance:org.jtalks.jcommune.plugin.questionsandanswers.controller.QuestionsAndAnswersControllerTest@1b3c607]" name="editQuestionPageShouldThrowExceptionIfQuestionNotFound" duration-ms="0" started-at="2017-03-21T19:33:59Z" finished-at="2017-03-21T19:33:59Z">
          <exception class="org.jtalks.jcommune.plugin.api.exceptions.NotFoundException">
            <full-stacktrace>
              <![CDATA[org.jtalks.jcommune.plugin.api.exceptions.NotFoundException
	at org.jtalks.jcommune.plugin.questionsandanswers.controller.QuestionsAndAnswersControllerTest.editQuestionPageShouldThrowExceptionIfQuestionNotFound(QuestionsAndAnswersControllerTest.java:238)
	at sun.reflect.NativeMethodAccessorImpl.invoke0(Native Method)
	at sun.reflect.NativeMethodAccessorImpl.invoke(NativeMethodAccessorImpl.java:57)
	at sun.reflect.DelegatingMethodAccessorImpl.invoke(DelegatingMethodAccessorImpl.java:43)
	at java.lang.reflect.Method.invoke(Method.java:606)
	at org.testng.internal.MethodInvocationHelper.invokeMethod(MethodInvocationHelper.java:80)
	at org.testng.internal.Invoker.invokeMethod(Invoker.java:691)
	at org.testng.internal.Invoker.invokeTestMethod(Invoker.java:883)
	at org.testng.internal.Invoker.invokeTestMethods(Invoker.java:1208)
	at org.testng.internal.TestMethodWorker.invokeTestMethods(TestMethodWorker.java:127)
	at org.testng.internal.TestMethodWorker.run(TestMethodWorker.java:111)
	at org.testng.TestRunner.privateRun(TestRunner.java:758)
	at org.testng.TestRunner.run(TestRunner.java:613)
	at org.testng.SuiteRunner.runTest(SuiteRunner.java:334)
	at org.testng.SuiteRunner.runSequentially(SuiteRunner.java:329)
	at org.testng.SuiteRunner.privateRun(SuiteRunner.java:291)
	at org.testng.SuiteRunner.run(SuiteRunner.java:240)
	at org.testng.SuiteRunnerWorker.runSuite(SuiteRunnerWorker.java:53)
	at org.testng.SuiteRunnerWorker.run(SuiteRunnerWorker.java:87)
	at org.testng.TestNG.runSuitesSequentially(TestNG.java:1137)
	at org.testng.TestNG.runSuitesLocally(TestNG.java:1062)
	at org.testng.TestNG.run(TestNG.java:974)
	at org.apache.maven.surefire.testng.TestNGExecutor.run(TestNGExecutor.java:70)
	at org.apache.maven.surefire.testng.TestNGDirectoryTestSuite.executeMulti(TestNGDirectoryTestSuite.java:158)
	at org.apache.maven.surefire.testng.TestNGDirectoryTestSuite.execute(TestNGDirectoryTestSuite.java:98)
	at org.apache.maven.surefire.testng.TestNGProvider.invoke(TestNGProvider.java:111)
	at sun.reflect.NativeMethodAccessorImpl.invoke0(Native Method)
	at sun.reflect.NativeMethodAccessorImpl.invoke(NativeMethodAccessorImpl.java:57)
	at sun.reflect.DelegatingMethodAccessorImpl.invoke(DelegatingMethodAccessorImpl.java:43)
	at java.lang.reflect.Method.invoke(Method.java:606)
	at org.apache.maven.surefire.util.ReflectionUtils.invokeMethodWithArray(ReflectionUtils.java:164)
	at org.apache.maven.surefire.booter.ProviderFactory$ProviderProxy.invoke(ProviderFactory.java:110)
	at org.apache.maven.surefire.booter.SurefireStarter.invokeProvider(SurefireStarter.java:175)
	at org.apache.maven.surefire.booter.SurefireStarter.runSuitesInProcessWhenForked(SurefireStarter.java:107)
	at org.apache.maven.surefire.booter.ForkedBooter.main(ForkedBooter.java:68)
]]>
            </full-stacktrace>
          </exception>
        </test-method>
        <test-method status="PASS" signature="init()[pri:0, instance:org.jtalks.jcommune.plugin.questionsandanswers.controller.QuestionsAndAnswersControllerTest@1b3c607]" name="init" is-config="true" duration-ms="4" started-at="2017-03-21T19:33:59Z" finished-at="2017-03-21T19:33:59Z">
        </test-method>
        <test-method status="PASS" signature="editQuestionPageSuccessTest()[pri:0, instance:org.jtalks.jcommune.plugin.questionsandanswers.controller.QuestionsAndAnswersControllerTest@1b3c607]" name="editQuestionPageSuccessTest" duration-ms="10" started-at="2017-03-21T19:33:59Z" finished-at="2017-03-21T19:33:59Z">
        </test-method>
        <test-method status="PASS" signature="init()[pri:0, instance:org.jtalks.jcommune.plugin.questionsandanswers.controller.QuestionsAndAnswersControllerTest@1b3c607]" name="init" is-config="true" duration-ms="3" started-at="2017-03-21T19:33:59Z" finished-at="2017-03-21T19:33:59Z">
        </test-method>
        <test-method status="PASS" signature="getIconShouldSetNotFoundStatusForIncorrectIconName()[pri:0, instance:org.jtalks.jcommune.plugin.questionsandanswers.controller.QuestionsAndAnswersControllerTest@1b3c607]" name="getIconShouldSetNotFoundStatusForIncorrectIconName" duration-ms="38" started-at="2017-03-21T19:33:59Z" finished-at="2017-03-21T19:33:59Z">
        </test-method>
        <test-method status="PASS" signature="init()[pri:0, instance:org.jtalks.jcommune.plugin.questionsandanswers.controller.QuestionsAndAnswersControllerTest@1b3c607]" name="init" is-config="true" duration-ms="4" started-at="2017-03-21T19:33:59Z" finished-at="2017-03-21T19:33:59Z">
        </test-method>
        <test-method status="PASS" signature="getIconShouldSetNotModifiedStatusIfRequestHaveIfModifiedSinceHeader()[pri:0, instance:org.jtalks.jcommune.plugin.questionsandanswers.controller.QuestionsAndAnswersControllerTest@1b3c607]" name="getIconShouldSetNotModifiedStatusIfRequestHaveIfModifiedSinceHeader" duration-ms="2" started-at="2017-03-21T19:33:59Z" finished-at="2017-03-21T19:33:59Z">
        </test-method>
        <test-method status="PASS" signature="init()[pri:0, instance:org.jtalks.jcommune.plugin.questionsandanswers.controller.QuestionsAndAnswersControllerTest@1b3c607]" name="init" is-config="true" duration-ms="9" started-at="2017-03-21T19:33:59Z" finished-at="2017-03-21T19:33:59Z">
        </test-method>
        <test-method status="PASS" signature="openQuestionShouldThrowExceptionWhenQuestionNotFound()[pri:0, instance:org.jtalks.jcommune.plugin.questionsandanswers.controller.QuestionsAndAnswersControllerTest@1b3c607]" name="openQuestionShouldThrowExceptionWhenQuestionNotFound" duration-ms="1" started-at="2017-03-21T19:33:59Z" finished-at="2017-03-21T19:33:59Z">
          <exception class="org.jtalks.jcommune.plugin.api.exceptions.NotFoundException">
            <full-stacktrace>
              <![CDATA[org.jtalks.jcommune.plugin.api.exceptions.NotFoundException
	at org.jtalks.jcommune.plugin.questionsandanswers.controller.QuestionsAndAnswersControllerTest.openQuestionShouldThrowExceptionWhenQuestionNotFound(QuestionsAndAnswersControllerTest.java:330)
	at sun.reflect.NativeMethodAccessorImpl.invoke0(Native Method)
	at sun.reflect.NativeMethodAccessorImpl.invoke(NativeMethodAccessorImpl.java:57)
	at sun.reflect.DelegatingMethodAccessorImpl.invoke(DelegatingMethodAccessorImpl.java:43)
	at java.lang.reflect.Method.invoke(Method.java:606)
	at org.testng.internal.MethodInvocationHelper.invokeMethod(MethodInvocationHelper.java:80)
	at org.testng.internal.Invoker.invokeMethod(Invoker.java:691)
	at org.testng.internal.Invoker.invokeTestMethod(Invoker.java:883)
	at org.testng.internal.Invoker.invokeTestMethods(Invoker.java:1208)
	at org.testng.internal.TestMethodWorker.invokeTestMethods(TestMethodWorker.java:127)
	at org.testng.internal.TestMethodWorker.run(TestMethodWorker.java:111)
	at org.testng.TestRunner.privateRun(TestRunner.java:758)
	at org.testng.TestRunner.run(TestRunner.java:613)
	at org.testng.SuiteRunner.runTest(SuiteRunner.java:334)
	at org.testng.SuiteRunner.runSequentially(SuiteRunner.java:329)
	at org.testng.SuiteRunner.privateRun(SuiteRunner.java:291)
	at org.testng.SuiteRunner.run(SuiteRunner.java:240)
	at org.testng.SuiteRunnerWorker.runSuite(SuiteRunnerWorker.java:53)
	at org.testng.SuiteRunnerWorker.run(SuiteRunnerWorker.java:87)
	at org.testng.TestNG.runSuitesSequentially(TestNG.java:1137)
	at org.testng.TestNG.runSuitesLocally(TestNG.java:1062)
	at org.testng.TestNG.run(TestNG.java:974)
	at org.apache.maven.surefire.testng.TestNGExecutor.run(TestNGExecutor.java:70)
	at org.apache.maven.surefire.testng.TestNGDirectoryTestSuite.executeMulti(TestNGDirectoryTestSuite.java:158)
	at org.apache.maven.surefire.testng.TestNGDirectoryTestSuite.execute(TestNGDirectoryTestSuite.java:98)
	at org.apache.maven.surefire.testng.TestNGProvider.invoke(TestNGProvider.java:111)
	at sun.reflect.NativeMethodAccessorImpl.invoke0(Native Method)
	at sun.reflect.NativeMethodAccessorImpl.invoke(NativeMethodAccessorImpl.java:57)
	at sun.reflect.DelegatingMethodAccessorImpl.invoke(DelegatingMethodAccessorImpl.java:43)
	at java.lang.reflect.Method.invoke(Method.java:606)
	at org.apache.maven.surefire.util.ReflectionUtils.invokeMethodWithArray(ReflectionUtils.java:164)
	at org.apache.maven.surefire.booter.ProviderFactory$ProviderProxy.invoke(ProviderFactory.java:110)
	at org.apache.maven.surefire.booter.SurefireStarter.invokeProvider(SurefireStarter.java:175)
	at org.apache.maven.surefire.booter.SurefireStarter.runSuitesInProcessWhenForked(SurefireStarter.java:107)
	at org.apache.maven.surefire.booter.ForkedBooter.main(ForkedBooter.java:68)
]]>
            </full-stacktrace>
          </exception>
        </test-method>
        <test-method status="PASS" signature="init()[pri:0, instance:org.jtalks.jcommune.plugin.questionsandanswers.controller.QuestionsAndAnswersControllerTest@1b3c607]" name="init" is-config="true" duration-ms="4" started-at="2017-03-21T19:33:59Z" finished-at="2017-03-21T19:33:59Z">
        </test-method>
        <test-method status="PASS" signature="shouldBeImpossibleToAddAnswerIfAnswersLimitReached()[pri:0, instance:org.jtalks.jcommune.plugin.questionsandanswers.controller.QuestionsAndAnswersControllerTest@1b3c607]" name="shouldBeImpossibleToAddAnswerIfAnswersLimitReached" duration-ms="7" started-at="2017-03-21T19:33:59Z" finished-at="2017-03-21T19:33:59Z">
        </test-method>
        <test-method status="PASS" signature="init()[pri:0, instance:org.jtalks.jcommune.plugin.questionsandanswers.controller.QuestionsAndAnswersControllerTest@1b3c607]" name="init" is-config="true" duration-ms="2" started-at="2017-03-21T19:33:59Z" finished-at="2017-03-21T19:33:59Z">
        </test-method>
        <test-method status="PASS" signature="shouldBeImpossibleToAddCommentIfCommentsLimitReached()[pri:0, instance:org.jtalks.jcommune.plugin.questionsandanswers.controller.QuestionsAndAnswersControllerTest@1b3c607]" name="shouldBeImpossibleToAddCommentIfCommentsLimitReached" duration-ms="2" started-at="2017-03-21T19:33:59Z" finished-at="2017-03-21T19:33:59Z">
        </test-method>
        <test-method status="PASS" signature="init()[pri:0, instance:org.jtalks.jcommune.plugin.questionsandanswers.controller.QuestionsAndAnswersControllerTest@1b3c607]" name="init" is-config="true" duration-ms="3" started-at="2017-03-21T19:33:59Z" finished-at="2017-03-21T19:33:59Z">
        </test-method>
        <test-method status="PASS" signature="showNewQuestionPageShouldThrowExceptionIfBranchNotFound()[pri:0, instance:org.jtalks.jcommune.plugin.questionsandanswers.controller.QuestionsAndAnswersControllerTest@1b3c607]" name="showNewQuestionPageShouldThrowExceptionIfBranchNotFound" duration-ms="16" started-at="2017-03-21T19:33:59Z" finished-at="2017-03-21T19:33:59Z">
          <exception class="org.jtalks.jcommune.plugin.api.exceptions.NotFoundException">
            <full-stacktrace>
              <![CDATA[org.jtalks.jcommune.plugin.api.exceptions.NotFoundException
	at org.jtalks.jcommune.plugin.questionsandanswers.controller.QuestionsAndAnswersControllerTest.showNewQuestionPageShouldThrowExceptionIfBranchNotFound(QuestionsAndAnswersControllerTest.java:135)
	at sun.reflect.NativeMethodAccessorImpl.invoke0(Native Method)
	at sun.reflect.NativeMethodAccessorImpl.invoke(NativeMethodAccessorImpl.java:57)
	at sun.reflect.DelegatingMethodAccessorImpl.invoke(DelegatingMethodAccessorImpl.java:43)
	at java.lang.reflect.Method.invoke(Method.java:606)
	at org.testng.internal.MethodInvocationHelper.invokeMethod(MethodInvocationHelper.java:80)
	at org.testng.internal.Invoker.invokeMethod(Invoker.java:691)
	at org.testng.internal.Invoker.invokeTestMethod(Invoker.java:883)
	at org.testng.internal.Invoker.invokeTestMethods(Invoker.java:1208)
	at org.testng.internal.TestMethodWorker.invokeTestMethods(TestMethodWorker.java:127)
	at org.testng.internal.TestMethodWorker.run(TestMethodWorker.java:111)
	at org.testng.TestRunner.privateRun(TestRunner.java:758)
	at org.testng.TestRunner.run(TestRunner.java:613)
	at org.testng.SuiteRunner.runTest(SuiteRunner.java:334)
	at org.testng.SuiteRunner.runSequentially(SuiteRunner.java:329)
	at org.testng.SuiteRunner.privateRun(SuiteRunner.java:291)
	at org.testng.SuiteRunner.run(SuiteRunner.java:240)
	at org.testng.SuiteRunnerWorker.runSuite(SuiteRunnerWorker.java:53)
	at org.testng.SuiteRunnerWorker.run(SuiteRunnerWorker.java:87)
	at org.testng.TestNG.runSuitesSequentially(TestNG.java:1137)
	at org.testng.TestNG.runSuitesLocally(TestNG.java:1062)
	at org.testng.TestNG.run(TestNG.java:974)
	at org.apache.maven.surefire.testng.TestNGExecutor.run(TestNGExecutor.java:70)
	at org.apache.maven.surefire.testng.TestNGDirectoryTestSuite.executeMulti(TestNGDirectoryTestSuite.java:158)
	at org.apache.maven.surefire.testng.TestNGDirectoryTestSuite.execute(TestNGDirectoryTestSuite.java:98)
	at org.apache.maven.surefire.testng.TestNGProvider.invoke(TestNGProvider.java:111)
	at sun.reflect.NativeMethodAccessorImpl.invoke0(Native Method)
	at sun.reflect.NativeMethodAccessorImpl.invoke(NativeMethodAccessorImpl.java:57)
	at sun.reflect.DelegatingMethodAccessorImpl.invoke(DelegatingMethodAccessorImpl.java:43)
	at java.lang.reflect.Method.invoke(Method.java:606)
	at org.apache.maven.surefire.util.ReflectionUtils.invokeMethodWithArray(ReflectionUtils.java:164)
	at org.apache.maven.surefire.booter.ProviderFactory$ProviderProxy.invoke(ProviderFactory.java:110)
	at org.apache.maven.surefire.booter.SurefireStarter.invokeProvider(SurefireStarter.java:175)
	at org.apache.maven.surefire.booter.SurefireStarter.runSuitesInProcessWhenForked(SurefireStarter.java:107)
	at org.apache.maven.surefire.booter.ForkedBooter.main(ForkedBooter.java:68)
]]>
            </full-stacktrace>
          </exception>
        </test-method>
        <test-method status="PASS" signature="init()[pri:0, instance:org.jtalks.jcommune.plugin.questionsandanswers.controller.QuestionsAndAnswersControllerTest@1b3c607]" name="init" is-config="true" duration-ms="24" started-at="2017-03-21T19:33:59Z" finished-at="2017-03-21T19:33:59Z">
        </test-method>
        <test-method status="PASS" signature="showNewQuestionPageTest()[pri:0, instance:org.jtalks.jcommune.plugin.questionsandanswers.controller.QuestionsAndAnswersControllerTest@1b3c607]" name="showNewQuestionPageTest" duration-ms="9" started-at="2017-03-21T19:33:59Z" finished-at="2017-03-21T19:33:59Z">
        </test-method>
        <test-method status="PASS" signature="init()[pri:0, instance:org.jtalks.jcommune.plugin.questionsandanswers.controller.QuestionsAndAnswersControllerTest@1b3c607]" name="init" is-config="true" duration-ms="4" started-at="2017-03-21T19:33:59Z" finished-at="2017-03-21T19:33:59Z">
        </test-method>
        <test-method status="PASS" signature="showQuestionShouldThrowExceptionIfQuestionNotFound()[pri:0, instance:org.jtalks.jcommune.plugin.questionsandanswers.controller.QuestionsAndAnswersControllerTest@1b3c607]" name="showQuestionShouldThrowExceptionIfQuestionNotFound" duration-ms="1" started-at="2017-03-21T19:33:59Z" finished-at="2017-03-21T19:33:59Z">
          <exception class="org.jtalks.jcommune.plugin.api.exceptions.NotFoundException">
            <full-stacktrace>
              <![CDATA[org.jtalks.jcommune.plugin.api.exceptions.NotFoundException
	at org.jtalks.jcommune.plugin.questionsandanswers.controller.QuestionsAndAnswersControllerTest.showQuestionShouldThrowExceptionIfQuestionNotFound(QuestionsAndAnswersControllerTest.java:205)
	at sun.reflect.NativeMethodAccessorImpl.invoke0(Native Method)
	at sun.reflect.NativeMethodAccessorImpl.invoke(NativeMethodAccessorImpl.java:57)
	at sun.reflect.DelegatingMethodAccessorImpl.invoke(DelegatingMethodAccessorImpl.java:43)
	at java.lang.reflect.Method.invoke(Method.java:606)
	at org.testng.internal.MethodInvocationHelper.invokeMethod(MethodInvocationHelper.java:80)
	at org.testng.internal.Invoker.invokeMethod(Invoker.java:691)
	at org.testng.internal.Invoker.invokeTestMethod(Invoker.java:883)
	at org.testng.internal.Invoker.invokeTestMethods(Invoker.java:1208)
	at org.testng.internal.TestMethodWorker.invokeTestMethods(TestMethodWorker.java:127)
	at org.testng.internal.TestMethodWorker.run(TestMethodWorker.java:111)
	at org.testng.TestRunner.privateRun(TestRunner.java:758)
	at org.testng.TestRunner.run(TestRunner.java:613)
	at org.testng.SuiteRunner.runTest(SuiteRunner.java:334)
	at org.testng.SuiteRunner.runSequentially(SuiteRunner.java:329)
	at org.testng.SuiteRunner.privateRun(SuiteRunner.java:291)
	at org.testng.SuiteRunner.run(SuiteRunner.java:240)
	at org.testng.SuiteRunnerWorker.runSuite(SuiteRunnerWorker.java:53)
	at org.testng.SuiteRunnerWorker.run(SuiteRunnerWorker.java:87)
	at org.testng.TestNG.runSuitesSequentially(TestNG.java:1137)
	at org.testng.TestNG.runSuitesLocally(TestNG.java:1062)
	at org.testng.TestNG.run(TestNG.java:974)
	at org.apache.maven.surefire.testng.TestNGExecutor.run(TestNGExecutor.java:70)
	at org.apache.maven.surefire.testng.TestNGDirectoryTestSuite.executeMulti(TestNGDirectoryTestSuite.java:158)
	at org.apache.maven.surefire.testng.TestNGDirectoryTestSuite.execute(TestNGDirectoryTestSuite.java:98)
	at org.apache.maven.surefire.testng.TestNGProvider.invoke(TestNGProvider.java:111)
	at sun.reflect.NativeMethodAccessorImpl.invoke0(Native Method)
	at sun.reflect.NativeMethodAccessorImpl.invoke(NativeMethodAccessorImpl.java:57)
	at sun.reflect.DelegatingMethodAccessorImpl.invoke(DelegatingMethodAccessorImpl.java:43)
	at java.lang.reflect.Method.invoke(Method.java:606)
	at org.apache.maven.surefire.util.ReflectionUtils.invokeMethodWithArray(ReflectionUtils.java:164)
	at org.apache.maven.surefire.booter.ProviderFactory$ProviderProxy.invoke(ProviderFactory.java:110)
	at org.apache.maven.surefire.booter.SurefireStarter.invokeProvider(SurefireStarter.java:175)
	at org.apache.maven.surefire.booter.SurefireStarter.runSuitesInProcessWhenForked(SurefireStarter.java:107)
	at org.apache.maven.surefire.booter.ForkedBooter.main(ForkedBooter.java:68)
]]>
            </full-stacktrace>
          </exception>
        </test-method>
        <test-method status="PASS" signature="init()[pri:0, instance:org.jtalks.jcommune.plugin.questionsandanswers.controller.QuestionsAndAnswersControllerTest@1b3c607]" name="init" is-config="true" duration-ms="3" started-at="2017-03-21T19:33:59Z" finished-at="2017-03-21T19:33:59Z">
        </test-method>
        <test-method status="PASS" signature="showQuestionShouldThrowExceptionIfUserRestrictedToViewTopicsInBranch()[pri:0, instance:org.jtalks.jcommune.plugin.questionsandanswers.controller.QuestionsAndAnswersControllerTest@1b3c607]" name="showQuestionShouldThrowExceptionIfUserRestrictedToViewTopicsInBranch" duration-ms="2" started-at="2017-03-21T19:33:59Z" finished-at="2017-03-21T19:33:59Z">
          <exception class="org.springframework.security.access.AccessDeniedException">
            <full-stacktrace>
              <![CDATA[org.springframework.security.access.AccessDeniedException: 
	at org.jtalks.jcommune.plugin.questionsandanswers.controller.QuestionsAndAnswersControllerTest.showQuestionShouldThrowExceptionIfUserRestrictedToViewTopicsInBranch(QuestionsAndAnswersControllerTest.java:218)
	at sun.reflect.NativeMethodAccessorImpl.invoke0(Native Method)
	at sun.reflect.NativeMethodAccessorImpl.invoke(NativeMethodAccessorImpl.java:57)
	at sun.reflect.DelegatingMethodAccessorImpl.invoke(DelegatingMethodAccessorImpl.java:43)
	at java.lang.reflect.Method.invoke(Method.java:606)
	at org.testng.internal.MethodInvocationHelper.invokeMethod(MethodInvocationHelper.java:80)
	at org.testng.internal.Invoker.invokeMethod(Invoker.java:691)
	at org.testng.internal.Invoker.invokeTestMethod(Invoker.java:883)
	at org.testng.internal.Invoker.invokeTestMethods(Invoker.java:1208)
	at org.testng.internal.TestMethodWorker.invokeTestMethods(TestMethodWorker.java:127)
	at org.testng.internal.TestMethodWorker.run(TestMethodWorker.java:111)
	at org.testng.TestRunner.privateRun(TestRunner.java:758)
	at org.testng.TestRunner.run(TestRunner.java:613)
	at org.testng.SuiteRunner.runTest(SuiteRunner.java:334)
	at org.testng.SuiteRunner.runSequentially(SuiteRunner.java:329)
	at org.testng.SuiteRunner.privateRun(SuiteRunner.java:291)
	at org.testng.SuiteRunner.run(SuiteRunner.java:240)
	at org.testng.SuiteRunnerWorker.runSuite(SuiteRunnerWorker.java:53)
	at org.testng.SuiteRunnerWorker.run(SuiteRunnerWorker.java:87)
	at org.testng.TestNG.runSuitesSequentially(TestNG.java:1137)
	at org.testng.TestNG.runSuitesLocally(TestNG.java:1062)
	at org.testng.TestNG.run(TestNG.java:974)
	at org.apache.maven.surefire.testng.TestNGExecutor.run(TestNGExecutor.java:70)
	at org.apache.maven.surefire.testng.TestNGDirectoryTestSuite.executeMulti(TestNGDirectoryTestSuite.java:158)
	at org.apache.maven.surefire.testng.TestNGDirectoryTestSuite.execute(TestNGDirectoryTestSuite.java:98)
	at org.apache.maven.surefire.testng.TestNGProvider.invoke(TestNGProvider.java:111)
	at sun.reflect.NativeMethodAccessorImpl.invoke0(Native Method)
	at sun.reflect.NativeMethodAccessorImpl.invoke(NativeMethodAccessorImpl.java:57)
	at sun.reflect.DelegatingMethodAccessorImpl.invoke(DelegatingMethodAccessorImpl.java:43)
	at java.lang.reflect.Method.invoke(Method.java:606)
	at org.apache.maven.surefire.util.ReflectionUtils.invokeMethodWithArray(ReflectionUtils.java:164)
	at org.apache.maven.surefire.booter.ProviderFactory$ProviderProxy.invoke(ProviderFactory.java:110)
	at org.apache.maven.surefire.booter.SurefireStarter.invokeProvider(SurefireStarter.java:175)
	at org.apache.maven.surefire.booter.SurefireStarter.runSuitesInProcessWhenForked(SurefireStarter.java:107)
	at org.apache.maven.surefire.booter.ForkedBooter.main(ForkedBooter.java:68)
]]>
            </full-stacktrace>
          </exception>
        </test-method>
        <test-method status="PASS" signature="init()[pri:0, instance:org.jtalks.jcommune.plugin.questionsandanswers.controller.QuestionsAndAnswersControllerTest@1b3c607]" name="init" is-config="true" duration-ms="5" started-at="2017-03-21T19:33:59Z" finished-at="2017-03-21T19:33:59Z">
        </test-method>
        <test-method status="PASS" signature="showQuestionSuccessTest()[pri:0, instance:org.jtalks.jcommune.plugin.questionsandanswers.controller.QuestionsAndAnswersControllerTest@1b3c607]" name="showQuestionSuccessTest" duration-ms="6" started-at="2017-03-21T19:33:59Z" finished-at="2017-03-21T19:33:59Z">
        </test-method>
        <test-method status="PASS" signature="init()[pri:0, instance:org.jtalks.jcommune.plugin.questionsandanswers.controller.QuestionsAndAnswersControllerTest@1b3c607]" name="init" is-config="true" duration-ms="3" started-at="2017-03-21T19:33:59Z" finished-at="2017-03-21T19:33:59Z">
        </test-method>
        <test-method status="PASS" signature="testAddCommentSuccess()[pri:0, instance:org.jtalks.jcommune.plugin.questionsandanswers.controller.QuestionsAndAnswersControllerTest@1b3c607]" name="testAddCommentSuccess" duration-ms="2" started-at="2017-03-21T19:33:59Z" finished-at="2017-03-21T19:33:59Z">
        </test-method>
        <test-method status="PASS" signature="init()[pri:0, instance:org.jtalks.jcommune.plugin.questionsandanswers.controller.QuestionsAndAnswersControllerTest@1b3c607]" name="init" is-config="true" duration-ms="3" started-at="2017-03-21T19:33:59Z" finished-at="2017-03-21T19:33:59Z">
        </test-method>
        <test-method status="PASS" signature="testCloseQuestionSuccess()[pri:0, instance:org.jtalks.jcommune.plugin.questionsandanswers.controller.QuestionsAndAnswersControllerTest@1b3c607]" name="testCloseQuestionSuccess" duration-ms="1" started-at="2017-03-21T19:33:59Z" finished-at="2017-03-21T19:33:59Z">
        </test-method>
        <test-method status="PASS" signature="init()[pri:0, instance:org.jtalks.jcommune.plugin.questionsandanswers.controller.QuestionsAndAnswersControllerTest@1b3c607]" name="init" is-config="true" duration-ms="3" started-at="2017-03-21T19:33:59Z" finished-at="2017-03-21T19:33:59Z">
        </test-method>
        <test-method status="PASS" signature="testDeleteCommentShouldReturnFailResponseIfCommentNotFound()[pri:0, instance:org.jtalks.jcommune.plugin.questionsandanswers.controller.QuestionsAndAnswersControllerTest@1b3c607]" name="testDeleteCommentShouldReturnFailResponseIfCommentNotFound" duration-ms="1" started-at="2017-03-21T19:33:59Z" finished-at="2017-03-21T19:33:59Z">
        </test-method>
        <test-method status="PASS" signature="init()[pri:0, instance:org.jtalks.jcommune.plugin.questionsandanswers.controller.QuestionsAndAnswersControllerTest@1b3c607]" name="init" is-config="true" duration-ms="2" started-at="2017-03-21T19:33:59Z" finished-at="2017-03-21T19:33:59Z">
        </test-method>
        <test-method status="PASS" signature="testDeleteCommentShouldReturnFailResponseIfPostNotFound()[pri:0, instance:org.jtalks.jcommune.plugin.questionsandanswers.controller.QuestionsAndAnswersControllerTest@1b3c607]" name="testDeleteCommentShouldReturnFailResponseIfPostNotFound" duration-ms="1" started-at="2017-03-21T19:33:59Z" finished-at="2017-03-21T19:33:59Z">
        </test-method>
        <test-method status="PASS" signature="init()[pri:0, instance:org.jtalks.jcommune.plugin.questionsandanswers.controller.QuestionsAndAnswersControllerTest@1b3c607]" name="init" is-config="true" duration-ms="3" started-at="2017-03-21T19:33:59Z" finished-at="2017-03-21T19:33:59Z">
        </test-method>
        <test-method status="PASS" signature="testDeleteCommentSuccess()[pri:0, instance:org.jtalks.jcommune.plugin.questionsandanswers.controller.QuestionsAndAnswersControllerTest@1b3c607]" name="testDeleteCommentSuccess" duration-ms="1" started-at="2017-03-21T19:33:59Z" finished-at="2017-03-21T19:33:59Z">
        </test-method>
        <test-method status="PASS" signature="init()[pri:0, instance:org.jtalks.jcommune.plugin.questionsandanswers.controller.QuestionsAndAnswersControllerTest@1b3c607]" name="init" is-config="true" duration-ms="3" started-at="2017-03-21T19:33:59Z" finished-at="2017-03-21T19:33:59Z">
        </test-method>
        <test-method status="PASS" signature="testEditCommentSuccess()[pri:0, instance:org.jtalks.jcommune.plugin.questionsandanswers.controller.QuestionsAndAnswersControllerTest@1b3c607]" name="testEditCommentSuccess" duration-ms="1" started-at="2017-03-21T19:33:59Z" finished-at="2017-03-21T19:33:59Z">
        </test-method>
        <test-method status="PASS" signature="init()[pri:0, instance:org.jtalks.jcommune.plugin.questionsandanswers.controller.QuestionsAndAnswersControllerTest@1b3c607]" name="init" is-config="true" duration-ms="3" started-at="2017-03-21T19:33:59Z" finished-at="2017-03-21T19:33:59Z">
        </test-method>
        <test-method status="PASS" signature="testGetIcon()[pri:0, instance:org.jtalks.jcommune.plugin.questionsandanswers.controller.QuestionsAndAnswersControllerTest@1b3c607]" name="testGetIcon" duration-ms="28" started-at="2017-03-21T19:33:59Z" finished-at="2017-03-21T19:33:59Z">
        </test-method>
        <test-method status="PASS" signature="init()[pri:0, instance:org.jtalks.jcommune.plugin.questionsandanswers.controller.QuestionsAndAnswersControllerTest@1b3c607]" name="init" is-config="true" duration-ms="3" started-at="2017-03-21T19:33:59Z" finished-at="2017-03-21T19:33:59Z">
        </test-method>
        <test-method status="PASS" signature="testOpenQuestionSuccess()[pri:0, instance:org.jtalks.jcommune.plugin.questionsandanswers.controller.QuestionsAndAnswersControllerTest@1b3c607]" name="testOpenQuestionSuccess" duration-ms="0" started-at="2017-03-21T19:33:59Z" finished-at="2017-03-21T19:33:59Z">
        </test-method>
        <test-method status="PASS" signature="init()[pri:0, instance:org.jtalks.jcommune.plugin.questionsandanswers.controller.QuestionsAndAnswersControllerTest@1b3c607]" name="init" is-config="true" duration-ms="3" started-at="2017-03-21T19:33:59Z" finished-at="2017-03-21T19:33:59Z">
        </test-method>
        <test-method status="PASS" signature="updateAnswerPageShouldThrowExceptionWhenAnswerNotFound()[pri:0, instance:org.jtalks.jcommune.plugin.questionsandanswers.controller.QuestionsAndAnswersControllerTest@1b3c607]" name="updateAnswerPageShouldThrowExceptionWhenAnswerNotFound" duration-ms="1" started-at="2017-03-21T19:33:59Z" finished-at="2017-03-21T19:33:59Z">
          <exception class="org.jtalks.jcommune.plugin.api.exceptions.NotFoundException">
            <full-stacktrace>
              <![CDATA[org.jtalks.jcommune.plugin.api.exceptions.NotFoundException
	at org.jtalks.jcommune.plugin.questionsandanswers.controller.QuestionsAndAnswersControllerTest.updateAnswerPageShouldThrowExceptionWhenAnswerNotFound(QuestionsAndAnswersControllerTest.java:402)
	at sun.reflect.NativeMethodAccessorImpl.invoke0(Native Method)
	at sun.reflect.NativeMethodAccessorImpl.invoke(NativeMethodAccessorImpl.java:57)
	at sun.reflect.DelegatingMethodAccessorImpl.invoke(DelegatingMethodAccessorImpl.java:43)
	at java.lang.reflect.Method.invoke(Method.java:606)
	at org.testng.internal.MethodInvocationHelper.invokeMethod(MethodInvocationHelper.java:80)
	at org.testng.internal.Invoker.invokeMethod(Invoker.java:691)
	at org.testng.internal.Invoker.invokeTestMethod(Invoker.java:883)
	at org.testng.internal.Invoker.invokeTestMethods(Invoker.java:1208)
	at org.testng.internal.TestMethodWorker.invokeTestMethods(TestMethodWorker.java:127)
	at org.testng.internal.TestMethodWorker.run(TestMethodWorker.java:111)
	at org.testng.TestRunner.privateRun(TestRunner.java:758)
	at org.testng.TestRunner.run(TestRunner.java:613)
	at org.testng.SuiteRunner.runTest(SuiteRunner.java:334)
	at org.testng.SuiteRunner.runSequentially(SuiteRunner.java:329)
	at org.testng.SuiteRunner.privateRun(SuiteRunner.java:291)
	at org.testng.SuiteRunner.run(SuiteRunner.java:240)
	at org.testng.SuiteRunnerWorker.runSuite(SuiteRunnerWorker.java:53)
	at org.testng.SuiteRunnerWorker.run(SuiteRunnerWorker.java:87)
	at org.testng.TestNG.runSuitesSequentially(TestNG.java:1137)
	at org.testng.TestNG.runSuitesLocally(TestNG.java:1062)
	at org.testng.TestNG.run(TestNG.java:974)
	at org.apache.maven.surefire.testng.TestNGExecutor.run(TestNGExecutor.java:70)
	at org.apache.maven.surefire.testng.TestNGDirectoryTestSuite.executeMulti(TestNGDirectoryTestSuite.java:158)
	at org.apache.maven.surefire.testng.TestNGDirectoryTestSuite.execute(TestNGDirectoryTestSuite.java:98)
	at org.apache.maven.surefire.testng.TestNGProvider.invoke(TestNGProvider.java:111)
	at sun.reflect.NativeMethodAccessorImpl.invoke0(Native Method)
	at sun.reflect.NativeMethodAccessorImpl.invoke(NativeMethodAccessorImpl.java:57)
	at sun.reflect.DelegatingMethodAccessorImpl.invoke(DelegatingMethodAccessorImpl.java:43)
	at java.lang.reflect.Method.invoke(Method.java:606)
	at org.apache.maven.surefire.util.ReflectionUtils.invokeMethodWithArray(ReflectionUtils.java:164)
	at org.apache.maven.surefire.booter.ProviderFactory$ProviderProxy.invoke(ProviderFactory.java:110)
	at org.apache.maven.surefire.booter.SurefireStarter.invokeProvider(SurefireStarter.java:175)
	at org.apache.maven.surefire.booter.SurefireStarter.runSuitesInProcessWhenForked(SurefireStarter.java:107)
	at org.apache.maven.surefire.booter.ForkedBooter.main(ForkedBooter.java:68)
]]>
            </full-stacktrace>
          </exception>
        </test-method>
        <test-method status="PASS" signature="init()[pri:0, instance:org.jtalks.jcommune.plugin.questionsandanswers.controller.QuestionsAndAnswersControllerTest@1b3c607]" name="init" is-config="true" duration-ms="3" started-at="2017-03-21T19:33:59Z" finished-at="2017-03-21T19:33:59Z">
        </test-method>
        <test-method status="PASS" signature="updateAnswerShouldRedirectBackIfValidationFails()[pri:0, instance:org.jtalks.jcommune.plugin.questionsandanswers.controller.QuestionsAndAnswersControllerTest@1b3c607]" name="updateAnswerShouldRedirectBackIfValidationFails" duration-ms="16" started-at="2017-03-21T19:33:59Z" finished-at="2017-03-21T19:33:59Z">
        </test-method>
        <test-method status="PASS" signature="init()[pri:0, instance:org.jtalks.jcommune.plugin.questionsandanswers.controller.QuestionsAndAnswersControllerTest@1b3c607]" name="init" is-config="true" duration-ms="3" started-at="2017-03-21T19:33:59Z" finished-at="2017-03-21T19:33:59Z">
        </test-method>
        <test-method status="PASS" signature="updateAnswerShouldUpdateAnswerIfValidationSuccess()[pri:0, instance:org.jtalks.jcommune.plugin.questionsandanswers.controller.QuestionsAndAnswersControllerTest@1b3c607]" name="updateAnswerShouldUpdateAnswerIfValidationSuccess" duration-ms="2" started-at="2017-03-21T19:33:59Z" finished-at="2017-03-21T19:33:59Z">
        </test-method>
        <test-method status="PASS" signature="init()[pri:0, instance:org.jtalks.jcommune.plugin.questionsandanswers.controller.QuestionsAndAnswersControllerTest@1b3c607]" name="init" is-config="true" duration-ms="3" started-at="2017-03-21T19:33:59Z" finished-at="2017-03-21T19:33:59Z">
        </test-method>
        <test-method status="PASS" signature="updateQuestionShouldThrowExceptionIfQuestionNotFound()[pri:0, instance:org.jtalks.jcommune.plugin.questionsandanswers.controller.QuestionsAndAnswersControllerTest@1b3c607]" name="updateQuestionShouldThrowExceptionIfQuestionNotFound" duration-ms="1" started-at="2017-03-21T19:33:59Z" finished-at="2017-03-21T19:33:59Z">
          <exception class="org.jtalks.jcommune.plugin.api.exceptions.NotFoundException">
            <full-stacktrace>
              <![CDATA[org.jtalks.jcommune.plugin.api.exceptions.NotFoundException
	at org.jtalks.jcommune.plugin.questionsandanswers.controller.QuestionsAndAnswersControllerTest.updateQuestionShouldThrowExceptionIfQuestionNotFound(QuestionsAndAnswersControllerTest.java:279)
	at sun.reflect.NativeMethodAccessorImpl.invoke0(Native Method)
	at sun.reflect.NativeMethodAccessorImpl.invoke(NativeMethodAccessorImpl.java:57)
	at sun.reflect.DelegatingMethodAccessorImpl.invoke(DelegatingMethodAccessorImpl.java:43)
	at java.lang.reflect.Method.invoke(Method.java:606)
	at org.testng.internal.MethodInvocationHelper.invokeMethod(MethodInvocationHelper.java:80)
	at org.testng.internal.Invoker.invokeMethod(Invoker.java:691)
	at org.testng.internal.Invoker.invokeTestMethod(Invoker.java:883)
	at org.testng.internal.Invoker.invokeTestMethods(Invoker.java:1208)
	at org.testng.internal.TestMethodWorker.invokeTestMethods(TestMethodWorker.java:127)
	at org.testng.internal.TestMethodWorker.run(TestMethodWorker.java:111)
	at org.testng.TestRunner.privateRun(TestRunner.java:758)
	at org.testng.TestRunner.run(TestRunner.java:613)
	at org.testng.SuiteRunner.runTest(SuiteRunner.java:334)
	at org.testng.SuiteRunner.runSequentially(SuiteRunner.java:329)
	at org.testng.SuiteRunner.privateRun(SuiteRunner.java:291)
	at org.testng.SuiteRunner.run(SuiteRunner.java:240)
	at org.testng.SuiteRunnerWorker.runSuite(SuiteRunnerWorker.java:53)
	at org.testng.SuiteRunnerWorker.run(SuiteRunnerWorker.java:87)
	at org.testng.TestNG.runSuitesSequentially(TestNG.java:1137)
	at org.testng.TestNG.runSuitesLocally(TestNG.java:1062)
	at org.testng.TestNG.run(TestNG.java:974)
	at org.apache.maven.surefire.testng.TestNGExecutor.run(TestNGExecutor.java:70)
	at org.apache.maven.surefire.testng.TestNGDirectoryTestSuite.executeMulti(TestNGDirectoryTestSuite.java:158)
	at org.apache.maven.surefire.testng.TestNGDirectoryTestSuite.execute(TestNGDirectoryTestSuite.java:98)
	at org.apache.maven.surefire.testng.TestNGProvider.invoke(TestNGProvider.java:111)
	at sun.reflect.NativeMethodAccessorImpl.invoke0(Native Method)
	at sun.reflect.NativeMethodAccessorImpl.invoke(NativeMethodAccessorImpl.java:57)
	at sun.reflect.DelegatingMethodAccessorImpl.invoke(DelegatingMethodAccessorImpl.java:43)
	at java.lang.reflect.Method.invoke(Method.java:606)
	at org.apache.maven.surefire.util.ReflectionUtils.invokeMethodWithArray(ReflectionUtils.java:164)
	at org.apache.maven.surefire.booter.ProviderFactory$ProviderProxy.invoke(ProviderFactory.java:110)
	at org.apache.maven.surefire.booter.SurefireStarter.invokeProvider(SurefireStarter.java:175)
	at org.apache.maven.surefire.booter.SurefireStarter.runSuitesInProcessWhenForked(SurefireStarter.java:107)
	at org.apache.maven.surefire.booter.ForkedBooter.main(ForkedBooter.java:68)
]]>
            </full-stacktrace>
          </exception>
        </test-method>
        <test-method status="PASS" signature="init()[pri:0, instance:org.jtalks.jcommune.plugin.questionsandanswers.controller.QuestionsAndAnswersControllerTest@1b3c607]" name="init" is-config="true" duration-ms="3" started-at="2017-03-21T19:33:59Z" finished-at="2017-03-21T19:33:59Z">
        </test-method>
        <test-method status="PASS" signature="updateQuestionSuccessTest()[pri:0, instance:org.jtalks.jcommune.plugin.questionsandanswers.controller.QuestionsAndAnswersControllerTest@1b3c607]" name="updateQuestionSuccessTest" duration-ms="3" started-at="2017-03-21T19:33:59Z" finished-at="2017-03-21T19:33:59Z">
        </test-method>
        <test-method status="PASS" signature="init()[pri:0, instance:org.jtalks.jcommune.plugin.questionsandanswers.controller.QuestionsAndAnswersControllerTest@1b3c607]" name="init" is-config="true" duration-ms="3" started-at="2017-03-21T19:33:59Z" finished-at="2017-03-21T19:33:59Z">
        </test-method>
        <test-method status="PASS" signature="updateQuestionValidationErrorsTest()[pri:0, instance:org.jtalks.jcommune.plugin.questionsandanswers.controller.QuestionsAndAnswersControllerTest@1b3c607]" name="updateQuestionValidationErrorsTest" duration-ms="24" started-at="2017-03-21T19:33:59Z" finished-at="2017-03-21T19:34:00Z">
        </test-method>
      </class>
      <class name="org.jtalks.jcommune.plugin.questionsandanswers.QuestionsPluginPermissionTest">
        <test-method status="PASS" signature="findByMaskShouldReturnCorrectPermission()[pri:0, instance:org.jtalks.jcommune.plugin.questionsandanswers.QuestionsPluginPermissionTest@17eaaca]" name="findByMaskShouldReturnCorrectPermission" duration-ms="1" started-at="2017-03-21T19:34:00Z" finished-at="2017-03-21T19:34:00Z">
        </test-method>
        <test-method status="PASS" signature="testGetName()[pri:0, instance:org.jtalks.jcommune.plugin.questionsandanswers.QuestionsPluginPermissionTest@17eaaca]" name="testGetName" duration-ms="0" started-at="2017-03-21T19:34:00Z" finished-at="2017-03-21T19:34:00Z">
        </test-method>
        <test-method status="PASS" signature="getPatternShouldReturnNull()[pri:0, instance:org.jtalks.jcommune.plugin.questionsandanswers.QuestionsPluginPermissionTest@17eaaca]" name="getPatternShouldReturnNull" duration-ms="0" started-at="2017-03-21T19:34:00Z" finished-at="2017-03-21T19:34:00Z">
        </test-method>
        <test-method status="PASS" signature="findByMaskShouldReturnNullIfPermissionNotFound()[pri:0, instance:org.jtalks.jcommune.plugin.questionsandanswers.QuestionsPluginPermissionTest@17eaaca]" name="findByMaskShouldReturnNullIfPermissionNotFound" duration-ms="0" started-at="2017-03-21T19:34:00Z" finished-at="2017-03-21T19:34:00Z">
        </test-method>
        <test-method status="PASS" signature="testNoIdenticalConstants(java.util.List)[pri:0, instance:org.jtalks.jcommune.plugin.questionsandanswers.QuestionsPluginPermissionTest@17eaaca]" name="testNoIdenticalConstants" duration-ms="0" started-at="2017-03-21T19:34:00Z" finished-at="2017-03-21T19:34:00Z">
          <params>
            <param index="0">
              <value>
                <![CDATA[[VIEW_TOPICS, MOVE_TOPICS, CLOSE_TOPICS, CREATE_POSTS, DELETE_OWN_POSTS, DELETE_OTHERS_POSTS, EDIT_OWN_POSTS, EDIT_OTHERS_POSTS, CREATE_ANNOUNCEMENTS, CREATE_STICKED_TOPICS, CREATE_CODE_REVIEW, LEAVE_COMMENTS_IN_CODE_REVIEW, ADMIN, READ, WRITE, SEND_PRIVATE_MESSAGES, CREATE_FORUM_FAQ, EDIT_OWN_PROFILE, EDIT_OTHERS_PROFILE, CREATE_QUESTIONS]]]>
              </value>
            </param>
          </params>
        </test-method>
      </class>
      <class name="org.jtalks.jcommune.plugin.questionsandanswers.QuestionSubscribersFilterTest">
        <test-method status="PASS" signature="questionSubscribersFilterShouldLeaveOnlyPostAuthorInIfPostSubscribersFilters()[pri:0, instance:org.jtalks.jcommune.plugin.questionsandanswers.QuestionSubscribersFilterTest@18e0f0f]" name="questionSubscribersFilterShouldLeaveOnlyPostAuthorInIfPostSubscribersFilters" duration-ms="104" started-at="2017-03-21T19:33:58Z" finished-at="2017-03-21T19:33:59Z">
        </test-method>
        <test-method status="PASS" signature="questionSubscribersFilterShouldNotChangeRecepientsIfBranchSubscribersFilters()[pri:0, instance:org.jtalks.jcommune.plugin.questionsandanswers.QuestionSubscribersFilterTest@18e0f0f]" name="questionSubscribersFilterShouldNotChangeRecepientsIfBranchSubscribersFilters" duration-ms="1" started-at="2017-03-21T19:33:59Z" finished-at="2017-03-21T19:33:59Z">
        </test-method>
        <test-method status="PASS" signature="questionSubscribersFilterShouldNotChangeRecepientsIfPostFomTopicWithOtherType()[pri:0, instance:org.jtalks.jcommune.plugin.questionsandanswers.QuestionSubscribersFilterTest@18e0f0f]" name="questionSubscribersFilterShouldNotChangeRecepientsIfPostFomTopicWithOtherType" duration-ms="0" started-at="2017-03-21T19:33:59Z" finished-at="2017-03-21T19:33:59Z">
        </test-method>
        <test-method status="PASS" signature="questionSubscribersFilterShouldNotChangeRecepientsIfTopicSubscribersFilters()[pri:0, instance:org.jtalks.jcommune.plugin.questionsandanswers.QuestionSubscribersFilterTest@18e0f0f]" name="questionSubscribersFilterShouldNotChangeRecepientsIfTopicSubscribersFilters" duration-ms="0" started-at="2017-03-21T19:33:59Z" finished-at="2017-03-21T19:33:59Z">
        </test-method>
      </class>
    </test>
  </suite>
</testng-results>
