<html>
<head>
<title>TestNG:  Command line test</title>
<link href="../testng.css" rel="stylesheet" type="text/css" />
<link href="../my-testng.css" rel="stylesheet" type="text/css" />

<style type="text/css">
.log { display: none;} 
.stack-trace { display: none;} 
</style>
<script type="text/javascript">
<!--
function flip(e) {
  current = e.style.display;
  if (current == 'block') {
    e.style.display = 'none';
    return 0;
  }
  else {
    e.style.display = 'block';
    return 1;
  }
}

function toggleBox(szDivId, elem, msg1, msg2)
{
  var res = -1;  if (document.getElementById) {
    res = flip(document.getElementById(szDivId));
  }
  else if (document.all) {
    // this is the way old msie versions work
    res = flip(document.all[szDivId]);
  }
  if(elem) {
    if(res == 0) elem.innerHTML = msg1; else elem.innerHTML = msg2;
  }

}

function toggleAllBoxes() {
  if (document.getElementsByTagName) {
    d = document.getElementsByTagName('div');
    for (i = 0; i < d.length; i++) {
      if (d[i].className == 'log') {
        flip(d[i]);
      }
    }
  }
}

// -->
</script>

</head>
<body>
<h2 align='center'>Command line test</h2><table border='1' align="center">
<tr>
<td>Tests passed/Failed/Skipped:</td><td>73/0/0</td>
</tr><tr>
<td>Started on:</td><td>Tue Mar 21 19:33:58 EAT 2017</td>
</tr>
<tr><td>Total time:</td><td>1 seconds (1203 ms)</td>
</tr><tr>
<td>Included groups:</td><td></td>
</tr><tr>
<td>Excluded groups:</td><td></td>
</tr>
</table><p/>
<small><i>(Hover the method name to see the test class name)</i></small><p/>
<table width='100%' border='1' class='invocation-passed'>
<tr><td colspan='4' align='center'><b>PASSED TESTS</b></td></tr>
<tr><td><b>Test method</b></td>
<td width="30%"><b>Exception</b></td>
<td width="10%"><b>Time (seconds)</b></td>
<td><b>Instance</b></td>
</tr>
<tr>
<td title='org.jtalks.jcommune.plugin.questionsandanswers.controller.QuestionsAndAnswersControllerTest.addCommentShouldReturnFailResponseIfPostNotFound()'><b>addCommentShouldReturnFailResponseIfPostNotFound</b><br>Test class: org.jtalks.jcommune.plugin.questionsandanswers.controller.QuestionsAndAnswersControllerTest</td>
<td></td>
<td>0</td>
<td>org.jtalks.jcommune.plugin.questionsandanswers.controller.QuestionsAndAnswersControllerTest@1b3c607</td></tr>
<tr>
<td title='org.jtalks.jcommune.plugin.questionsandanswers.controller.QuestionsAndAnswersControllerTest.addCommentShouldReturnFailResponseIfValidationErrorOccurred()'><b>addCommentShouldReturnFailResponseIfValidationErrorOccurred</b><br>Test class: org.jtalks.jcommune.plugin.questionsandanswers.controller.QuestionsAndAnswersControllerTest</td>
<td></td>
<td>0</td>
<td>org.jtalks.jcommune.plugin.questionsandanswers.controller.QuestionsAndAnswersControllerTest@1b3c607</td></tr>
<tr>
<td title='org.jtalks.jcommune.plugin.questionsandanswers.QuestionsAndAnswersPluginTest.applyConfigurationShouldThrowRuntimeExceptionIfPassedEmptyProperties()'><b>applyConfigurationShouldThrowRuntimeExceptionIfPassedEmptyProperties</b><br>Test class: org.jtalks.jcommune.plugin.questionsandanswers.QuestionsAndAnswersPluginTest</td>
<td><div><pre>org.jtalks.jcommune.plugin.api.exceptions.PluginConfigurationException: Can&apos;t apply configuration: incorrect parameters count or order not found
	at org.jtalks.jcommune.plugin.questionsandanswers.QuestionsAndAnswersPlugin.applyConfiguration(QuestionsAndAnswersPlugin.java:89)
	at org.jtalks.jcommune.plugin.questionsandanswers.QuestionsAndAnswersPluginTest.applyConfigurationShouldThrowRuntimeExceptionIfPassedEmptyProperties(QuestionsAndAnswersPluginTest.java:112)
	at org.apache.maven.surefire.testng.TestNGExecutor.run(TestNGExecutor.java:70)
	at org.apache.maven.surefire.testng.TestNGDirectoryTestSuite.executeMulti(TestNGDirectoryTestSuite.java:158)
	at org.apache.maven.surefire.testng.TestNGDirectoryTestSuite.execute(TestNGDirectoryTestSuite.java:98)
	at org.apache.maven.surefire.testng.TestNGProvider.invoke(TestNGProvider.java:111)
	at org.apache.maven.surefire.util.ReflectionUtils.invokeMethodWithArray(ReflectionUtils.java:164)
	at org.apache.maven.surefire.booter.ProviderFactory$ProviderProxy.invoke(ProviderFactory.java:110)
	at org.apache.maven.surefire.booter.SurefireStarter.invokeProvider(SurefireStarter.java:175)
	at org.apache.maven.surefire.booter.SurefireStarter.runSuitesInProcessWhenForked(SurefireStarter.java:107)
	at org.apache.maven.surefire.booter.ForkedBooter.main(ForkedBooter.java:68)
... Removed 25 stack frames</pre></div><a href='#' onClick='toggleBox("stack-trace2083787", this, "Click to show all stack frames", "Click to hide stack frames")'>Click to show all stack frames</a>
<div class='stack-trace' id='stack-trace2083787'><pre>org.jtalks.jcommune.plugin.api.exceptions.PluginConfigurationException: Can't apply configuration: incorrect parameters count or order not found
	at org.jtalks.jcommune.plugin.questionsandanswers.QuestionsAndAnswersPlugin.applyConfiguration(QuestionsAndAnswersPlugin.java:89)
	at org.jtalks.jcommune.plugin.questionsandanswers.QuestionsAndAnswersPluginTest.applyConfigurationShouldThrowRuntimeExceptionIfPassedEmptyProperties(QuestionsAndAnswersPluginTest.java:112)
	at sun.reflect.NativeMethodAccessorImpl.invoke0(Native Method)
	at sun.reflect.NativeMethodAccessorImpl.invoke(NativeMethodAccessorImpl.java:57)
	at sun.reflect.DelegatingMethodAccessorImpl.invoke(DelegatingMethodAccessorImpl.java:43)
	at java.lang.reflect.Method.invoke(Method.java:606)
	at org.testng.internal.MethodInvocationHelper.invokeMethod(MethodInvocationHelper.java:80)
	at org.testng.internal.Invoker.invokeMethod(Invoker.java:691)
	at org.testng.internal.Invoker.invokeTestMethod(Invoker.java:883)
	at org.testng.internal.Invoker.invokeTestMethods(Invoker.java:1208)
	at org.testng.internal.TestMethodWorker.invokeTestMethods(TestMethodWorker.java:127)
	at org.testng.internal.TestMethodWorker.run(TestMethodWorker.java:111)
	at org.testng.TestRunner.privateRun(TestRunner.java:758)
	at org.testng.TestRunner.run(TestRunner.java:613)
	at org.testng.SuiteRunner.runTest(SuiteRunner.java:334)
	at org.testng.SuiteRunner.runSequentially(SuiteRunner.java:329)
	at org.testng.SuiteRunner.privateRun(SuiteRunner.java:291)
	at org.testng.SuiteRunner.run(SuiteRunner.java:240)
	at org.testng.SuiteRunnerWorker.runSuite(SuiteRunnerWorker.java:53)
	at org.testng.SuiteRunnerWorker.run(SuiteRunnerWorker.java:87)
	at org.testng.TestNG.runSuitesSequentially(TestNG.java:1137)
	at org.testng.TestNG.runSuitesLocally(TestNG.java:1062)
	at org.testng.TestNG.run(TestNG.java:974)
	at org.apache.maven.surefire.testng.TestNGExecutor.run(TestNGExecutor.java:70)
	at org.apache.maven.surefire.testng.TestNGDirectoryTestSuite.executeMulti(TestNGDirectoryTestSuite.java:158)
	at org.apache.maven.surefire.testng.TestNGDirectoryTestSuite.execute(TestNGDirectoryTestSuite.java:98)
	at org.apache.maven.surefire.testng.TestNGProvider.invoke(TestNGProvider.java:111)
	at sun.reflect.NativeMethodAccessorImpl.invoke0(Native Method)
	at sun.reflect.NativeMethodAccessorImpl.invoke(NativeMethodAccessorImpl.java:57)
	at sun.reflect.DelegatingMethodAccessorImpl.invoke(DelegatingMethodAccessorImpl.java:43)
	at java.lang.reflect.Method.invoke(Method.java:606)
	at org.apache.maven.surefire.util.ReflectionUtils.invokeMethodWithArray(ReflectionUtils.java:164)
	at org.apache.maven.surefire.booter.ProviderFactory$ProviderProxy.invoke(ProviderFactory.java:110)
	at org.apache.maven.surefire.booter.SurefireStarter.invokeProvider(SurefireStarter.java:175)
	at org.apache.maven.surefire.booter.SurefireStarter.runSuitesInProcessWhenForked(SurefireStarter.java:107)
	at org.apache.maven.surefire.booter.ForkedBooter.main(ForkedBooter.java:68)
</pre></div></td>
<td>0</td>
<td>org.jtalks.jcommune.plugin.questionsandanswers.QuestionsAndAnswersPluginTest@feb697</td></tr>
<tr>
<td title='org.jtalks.jcommune.plugin.questionsandanswers.controller.QuestionsAndAnswersControllerTest.canPostShouldReturnFailResponseIfLimitOfAnswersNotReached()'><b>canPostShouldReturnFailResponseIfLimitOfAnswersNotReached</b><br>Test class: org.jtalks.jcommune.plugin.questionsandanswers.controller.QuestionsAndAnswersControllerTest</td>
<td></td>
<td>0</td>
<td>org.jtalks.jcommune.plugin.questionsandanswers.controller.QuestionsAndAnswersControllerTest@1b3c607</td></tr>
<tr>
<td title='org.jtalks.jcommune.plugin.questionsandanswers.controller.QuestionsAndAnswersControllerTest.canPostShouldReturnSuccessResponseIfLimitOfAnswersNotReached()'><b>canPostShouldReturnSuccessResponseIfLimitOfAnswersNotReached</b><br>Test class: org.jtalks.jcommune.plugin.questionsandanswers.controller.QuestionsAndAnswersControllerTest</td>
<td></td>
<td>0</td>
<td>org.jtalks.jcommune.plugin.questionsandanswers.controller.QuestionsAndAnswersControllerTest@1b3c607</td></tr>
<tr>
<td title='org.jtalks.jcommune.plugin.questionsandanswers.controller.QuestionsAndAnswersControllerTest.canPostShouldThrowExceptionIfTopicNotFound()'><b>canPostShouldThrowExceptionIfTopicNotFound</b><br>Test class: org.jtalks.jcommune.plugin.questionsandanswers.controller.QuestionsAndAnswersControllerTest</td>
<td><div><pre>org.jtalks.jcommune.plugin.api.exceptions.NotFoundException
	at org.jtalks.jcommune.plugin.questionsandanswers.controller.QuestionsAndAnswersControllerTest.canPostShouldThrowExceptionIfTopicNotFound(QuestionsAndAnswersControllerTest.java:690)
	at org.apache.maven.surefire.testng.TestNGExecutor.run(TestNGExecutor.java:70)
	at org.apache.maven.surefire.testng.TestNGDirectoryTestSuite.executeMulti(TestNGDirectoryTestSuite.java:158)
	at org.apache.maven.surefire.testng.TestNGDirectoryTestSuite.execute(TestNGDirectoryTestSuite.java:98)
	at org.apache.maven.surefire.testng.TestNGProvider.invoke(TestNGProvider.java:111)
	at org.apache.maven.surefire.util.ReflectionUtils.invokeMethodWithArray(ReflectionUtils.java:164)
	at org.apache.maven.surefire.booter.ProviderFactory$ProviderProxy.invoke(ProviderFactory.java:110)
	at org.apache.maven.surefire.booter.SurefireStarter.invokeProvider(SurefireStarter.java:175)
	at org.apache.maven.surefire.booter.SurefireStarter.runSuitesInProcessWhenForked(SurefireStarter.java:107)
	at org.apache.maven.surefire.booter.ForkedBooter.main(ForkedBooter.java:68)
... Removed 25 stack frames</pre></div><a href='#' onClick='toggleBox("stack-trace3412110", this, "Click to show all stack frames", "Click to hide stack frames")'>Click to show all stack frames</a>
<div class='stack-trace' id='stack-trace3412110'><pre>org.jtalks.jcommune.plugin.api.exceptions.NotFoundException
	at org.jtalks.jcommune.plugin.questionsandanswers.controller.QuestionsAndAnswersControllerTest.canPostShouldThrowExceptionIfTopicNotFound(QuestionsAndAnswersControllerTest.java:690)
	at sun.reflect.NativeMethodAccessorImpl.invoke0(Native Method)
	at sun.reflect.NativeMethodAccessorImpl.invoke(NativeMethodAccessorImpl.java:57)
	at sun.reflect.DelegatingMethodAccessorImpl.invoke(DelegatingMethodAccessorImpl.java:43)
	at java.lang.reflect.Method.invoke(Method.java:606)
	at org.testng.internal.MethodInvocationHelper.invokeMethod(MethodInvocationHelper.java:80)
	at org.testng.internal.Invoker.invokeMethod(Invoker.java:691)
	at org.testng.internal.Invoker.invokeTestMethod(Invoker.java:883)
	at org.testng.internal.Invoker.invokeTestMethods(Invoker.java:1208)
	at org.testng.internal.TestMethodWorker.invokeTestMethods(TestMethodWorker.java:127)
	at org.testng.internal.TestMethodWorker.run(TestMethodWorker.java:111)
	at org.testng.TestRunner.privateRun(TestRunner.java:758)
	at org.testng.TestRunner.run(TestRunner.java:613)
	at org.testng.SuiteRunner.runTest(SuiteRunner.java:334)
	at org.testng.SuiteRunner.runSequentially(SuiteRunner.java:329)
	at org.testng.SuiteRunner.privateRun(SuiteRunner.java:291)
	at org.testng.SuiteRunner.run(SuiteRunner.java:240)
	at org.testng.SuiteRunnerWorker.runSuite(SuiteRunnerWorker.java:53)
	at org.testng.SuiteRunnerWorker.run(SuiteRunnerWorker.java:87)
	at org.testng.TestNG.runSuitesSequentially(TestNG.java:1137)
	at org.testng.TestNG.runSuitesLocally(TestNG.java:1062)
	at org.testng.TestNG.run(TestNG.java:974)
	at org.apache.maven.surefire.testng.TestNGExecutor.run(TestNGExecutor.java:70)
	at org.apache.maven.surefire.testng.TestNGDirectoryTestSuite.executeMulti(TestNGDirectoryTestSuite.java:158)
	at org.apache.maven.surefire.testng.TestNGDirectoryTestSuite.execute(TestNGDirectoryTestSuite.java:98)
	at org.apache.maven.surefire.testng.TestNGProvider.invoke(TestNGProvider.java:111)
	at sun.reflect.NativeMethodAccessorImpl.invoke0(Native Method)
	at sun.reflect.NativeMethodAccessorImpl.invoke(NativeMethodAccessorImpl.java:57)
	at sun.reflect.DelegatingMethodAccessorImpl.invoke(DelegatingMethodAccessorImpl.java:43)
	at java.lang.reflect.Method.invoke(Method.java:606)
	at org.apache.maven.surefire.util.ReflectionUtils.invokeMethodWithArray(ReflectionUtils.java:164)
	at org.apache.maven.surefire.booter.ProviderFactory$ProviderProxy.invoke(ProviderFactory.java:110)
	at org.apache.maven.surefire.booter.SurefireStarter.invokeProvider(SurefireStarter.java:175)
	at org.apache.maven.surefire.booter.SurefireStarter.runSuitesInProcessWhenForked(SurefireStarter.java:107)
	at org.apache.maven.surefire.booter.ForkedBooter.main(ForkedBooter.java:68)
</pre></div></td>
<td>0</td>
<td>org.jtalks.jcommune.plugin.questionsandanswers.controller.QuestionsAndAnswersControllerTest@1b3c607</td></tr>
<tr>
<td title='org.jtalks.jcommune.plugin.questionsandanswers.controller.QuestionsAndAnswersControllerTest.closeQuestionShouldThrowExceptionWhenQuestionNotFound()'><b>closeQuestionShouldThrowExceptionWhenQuestionNotFound</b><br>Test class: org.jtalks.jcommune.plugin.questionsandanswers.controller.QuestionsAndAnswersControllerTest</td>
<td><div><pre>org.jtalks.jcommune.plugin.api.exceptions.NotFoundException
	at org.jtalks.jcommune.plugin.questionsandanswers.controller.QuestionsAndAnswersControllerTest.closeQuestionShouldThrowExceptionWhenQuestionNotFound(QuestionsAndAnswersControllerTest.java:351)
	at org.apache.maven.surefire.testng.TestNGExecutor.run(TestNGExecutor.java:70)
	at org.apache.maven.surefire.testng.TestNGDirectoryTestSuite.executeMulti(TestNGDirectoryTestSuite.java:158)
	at org.apache.maven.surefire.testng.TestNGDirectoryTestSuite.execute(TestNGDirectoryTestSuite.java:98)
	at org.apache.maven.surefire.testng.TestNGProvider.invoke(TestNGProvider.java:111)
	at org.apache.maven.surefire.util.ReflectionUtils.invokeMethodWithArray(ReflectionUtils.java:164)
	at org.apache.maven.surefire.booter.ProviderFactory$ProviderProxy.invoke(ProviderFactory.java:110)
	at org.apache.maven.surefire.booter.SurefireStarter.invokeProvider(SurefireStarter.java:175)
	at org.apache.maven.surefire.booter.SurefireStarter.runSuitesInProcessWhenForked(SurefireStarter.java:107)
	at org.apache.maven.surefire.booter.ForkedBooter.main(ForkedBooter.java:68)
... Removed 25 stack frames</pre></div><a href='#' onClick='toggleBox("stack-trace16484951", this, "Click to show all stack frames", "Click to hide stack frames")'>Click to show all stack frames</a>
<div class='stack-trace' id='stack-trace16484951'><pre>org.jtalks.jcommune.plugin.api.exceptions.NotFoundException
	at org.jtalks.jcommune.plugin.questionsandanswers.controller.QuestionsAndAnswersControllerTest.closeQuestionShouldThrowExceptionWhenQuestionNotFound(QuestionsAndAnswersControllerTest.java:351)
	at sun.reflect.NativeMethodAccessorImpl.invoke0(Native Method)
	at sun.reflect.NativeMethodAccessorImpl.invoke(NativeMethodAccessorImpl.java:57)
	at sun.reflect.DelegatingMethodAccessorImpl.invoke(DelegatingMethodAccessorImpl.java:43)
	at java.lang.reflect.Method.invoke(Method.java:606)
	at org.testng.internal.MethodInvocationHelper.invokeMethod(MethodInvocationHelper.java:80)
	at org.testng.internal.Invoker.invokeMethod(Invoker.java:691)
	at org.testng.internal.Invoker.invokeTestMethod(Invoker.java:883)
	at org.testng.internal.Invoker.invokeTestMethods(Invoker.java:1208)
	at org.testng.internal.TestMethodWorker.invokeTestMethods(TestMethodWorker.java:127)
	at org.testng.internal.TestMethodWorker.run(TestMethodWorker.java:111)
	at org.testng.TestRunner.privateRun(TestRunner.java:758)
	at org.testng.TestRunner.run(TestRunner.java:613)
	at org.testng.SuiteRunner.runTest(SuiteRunner.java:334)
	at org.testng.SuiteRunner.runSequentially(SuiteRunner.java:329)
	at org.testng.SuiteRunner.privateRun(SuiteRunner.java:291)
	at org.testng.SuiteRunner.run(SuiteRunner.java:240)
	at org.testng.SuiteRunnerWorker.runSuite(SuiteRunnerWorker.java:53)
	at org.testng.SuiteRunnerWorker.run(SuiteRunnerWorker.java:87)
	at org.testng.TestNG.runSuitesSequentially(TestNG.java:1137)
	at org.testng.TestNG.runSuitesLocally(TestNG.java:1062)
	at org.testng.TestNG.run(TestNG.java:974)
	at org.apache.maven.surefire.testng.TestNGExecutor.run(TestNGExecutor.java:70)
	at org.apache.maven.surefire.testng.TestNGDirectoryTestSuite.executeMulti(TestNGDirectoryTestSuite.java:158)
	at org.apache.maven.surefire.testng.TestNGDirectoryTestSuite.execute(TestNGDirectoryTestSuite.java:98)
	at org.apache.maven.surefire.testng.TestNGProvider.invoke(TestNGProvider.java:111)
	at sun.reflect.NativeMethodAccessorImpl.invoke0(Native Method)
	at sun.reflect.NativeMethodAccessorImpl.invoke(NativeMethodAccessorImpl.java:57)
	at sun.reflect.DelegatingMethodAccessorImpl.invoke(DelegatingMethodAccessorImpl.java:43)
	at java.lang.reflect.Method.invoke(Method.java:606)
	at org.apache.maven.surefire.util.ReflectionUtils.invokeMethodWithArray(ReflectionUtils.java:164)
	at org.apache.maven.surefire.booter.ProviderFactory$ProviderProxy.invoke(ProviderFactory.java:110)
	at org.apache.maven.surefire.booter.SurefireStarter.invokeProvider(SurefireStarter.java:175)
	at org.apache.maven.surefire.booter.SurefireStarter.runSuitesInProcessWhenForked(SurefireStarter.java:107)
	at org.apache.maven.surefire.booter.ForkedBooter.main(ForkedBooter.java:68)
</pre></div></td>
<td>0</td>
<td>org.jtalks.jcommune.plugin.questionsandanswers.controller.QuestionsAndAnswersControllerTest@1b3c607</td></tr>
<tr>
<td title='org.jtalks.jcommune.plugin.questionsandanswers.QuestionsAndAnswersPluginTest.configurationWithIncorrectParameterShouldThrowUnexpectedErrorException()'><b>configurationWithIncorrectParameterShouldThrowUnexpectedErrorException</b><br>Test class: org.jtalks.jcommune.plugin.questionsandanswers.QuestionsAndAnswersPluginTest</td>
<td><div><pre>org.jtalks.jcommune.plugin.api.exceptions.UnexpectedErrorException: org.jtalks.jcommune.plugin.api.exceptions.PluginConfigurationException: Can&apos;t apply configuration: incorrect parameters count or order not found
	at org.jtalks.jcommune.plugin.api.core.StatefullPlugin.configure(StatefullPlugin.java:63)
	at org.jtalks.jcommune.plugin.api.core.WebControllerPlugin.configure(WebControllerPlugin.java:33)
	at org.jtalks.jcommune.plugin.questionsandanswers.QuestionsAndAnswersPluginTest.configurationWithIncorrectParameterShouldThrowUnexpectedErrorException(QuestionsAndAnswersPluginTest.java:64)
	at org.apache.maven.surefire.testng.TestNGExecutor.run(TestNGExecutor.java:70)
	at org.apache.maven.surefire.testng.TestNGDirectoryTestSuite.executeMulti(TestNGDirectoryTestSuite.java:158)
	at org.apache.maven.surefire.testng.TestNGDirectoryTestSuite.execute(TestNGDirectoryTestSuite.java:98)
	at org.apache.maven.surefire.testng.TestNGProvider.invoke(TestNGProvider.java:111)
	at org.apache.maven.surefire.util.ReflectionUtils.invokeMethodWithArray(ReflectionUtils.java:164)
	at org.apache.maven.surefire.booter.ProviderFactory$ProviderProxy.invoke(ProviderFactory.java:110)
	at org.apache.maven.surefire.booter.SurefireStarter.invokeProvider(SurefireStarter.java:175)
	at org.apache.maven.surefire.booter.SurefireStarter.runSuitesInProcessWhenForked(SurefireStarter.java:107)
	at org.apache.maven.surefire.booter.ForkedBooter.main(ForkedBooter.java:68)
Caused by: org.jtalks.jcommune.plugin.api.exceptions.PluginConfigurationException: Can&apos;t apply configuration: incorrect parameters count or order not found
	at org.jtalks.jcommune.plugin.questionsandanswers.QuestionsAndAnswersPlugin.applyConfiguration(QuestionsAndAnswersPlugin.java:89)
	at org.jtalks.jcommune.plugin.api.core.StatefullPlugin.configure(StatefullPlugin.java:52)
	... 36 more
... Removed 25 stack frames</pre></div><a href='#' onClick='toggleBox("stack-trace20237648", this, "Click to show all stack frames", "Click to hide stack frames")'>Click to show all stack frames</a>
<div class='stack-trace' id='stack-trace20237648'><pre>org.jtalks.jcommune.plugin.api.exceptions.UnexpectedErrorException: org.jtalks.jcommune.plugin.api.exceptions.PluginConfigurationException: Can't apply configuration: incorrect parameters count or order not found
	at org.jtalks.jcommune.plugin.api.core.StatefullPlugin.configure(StatefullPlugin.java:63)
	at org.jtalks.jcommune.plugin.api.core.WebControllerPlugin.configure(WebControllerPlugin.java:33)
	at org.jtalks.jcommune.plugin.questionsandanswers.QuestionsAndAnswersPluginTest.configurationWithIncorrectParameterShouldThrowUnexpectedErrorException(QuestionsAndAnswersPluginTest.java:64)
	at sun.reflect.NativeMethodAccessorImpl.invoke0(Native Method)
	at sun.reflect.NativeMethodAccessorImpl.invoke(NativeMethodAccessorImpl.java:57)
	at sun.reflect.DelegatingMethodAccessorImpl.invoke(DelegatingMethodAccessorImpl.java:43)
	at java.lang.reflect.Method.invoke(Method.java:606)
	at org.testng.internal.MethodInvocationHelper.invokeMethod(MethodInvocationHelper.java:80)
	at org.testng.internal.Invoker.invokeMethod(Invoker.java:691)
	at org.testng.internal.Invoker.invokeTestMethod(Invoker.java:883)
	at org.testng.internal.Invoker.invokeTestMethods(Invoker.java:1208)
	at org.testng.internal.TestMethodWorker.invokeTestMethods(TestMethodWorker.java:127)
	at org.testng.internal.TestMethodWorker.run(TestMethodWorker.java:111)
	at org.testng.TestRunner.privateRun(TestRunner.java:758)
	at org.testng.TestRunner.run(TestRunner.java:613)
	at org.testng.SuiteRunner.runTest(SuiteRunner.java:334)
	at org.testng.SuiteRunner.runSequentially(SuiteRunner.java:329)
	at org.testng.SuiteRunner.privateRun(SuiteRunner.java:291)
	at org.testng.SuiteRunner.run(SuiteRunner.java:240)
	at org.testng.SuiteRunnerWorker.runSuite(SuiteRunnerWorker.java:53)
	at org.testng.SuiteRunnerWorker.run(SuiteRunnerWorker.java:87)
	at org.testng.TestNG.runSuitesSequentially(TestNG.java:1137)
	at org.testng.TestNG.runSuitesLocally(TestNG.java:1062)
	at org.testng.TestNG.run(TestNG.java:974)
	at org.apache.maven.surefire.testng.TestNGExecutor.run(TestNGExecutor.java:70)
	at org.apache.maven.surefire.testng.TestNGDirectoryTestSuite.executeMulti(TestNGDirectoryTestSuite.java:158)
	at org.apache.maven.surefire.testng.TestNGDirectoryTestSuite.execute(TestNGDirectoryTestSuite.java:98)
	at org.apache.maven.surefire.testng.TestNGProvider.invoke(TestNGProvider.java:111)
	at sun.reflect.NativeMethodAccessorImpl.invoke0(Native Method)
	at sun.reflect.NativeMethodAccessorImpl.invoke(NativeMethodAccessorImpl.java:57)
	at sun.reflect.DelegatingMethodAccessorImpl.invoke(DelegatingMethodAccessorImpl.java:43)
	at java.lang.reflect.Method.invoke(Method.java:606)
	at org.apache.maven.surefire.util.ReflectionUtils.invokeMethodWithArray(ReflectionUtils.java:164)
	at org.apache.maven.surefire.booter.ProviderFactory$ProviderProxy.invoke(ProviderFactory.java:110)
	at org.apache.maven.surefire.booter.SurefireStarter.invokeProvider(SurefireStarter.java:175)
	at org.apache.maven.surefire.booter.SurefireStarter.runSuitesInProcessWhenForked(SurefireStarter.java:107)
	at org.apache.maven.surefire.booter.ForkedBooter.main(ForkedBooter.java:68)
Caused by: org.jtalks.jcommune.plugin.api.exceptions.PluginConfigurationException: Can't apply configuration: incorrect parameters count or order not found
	at org.jtalks.jcommune.plugin.questionsandanswers.QuestionsAndAnswersPlugin.applyConfiguration(QuestionsAndAnswersPlugin.java:89)
	at org.jtalks.jcommune.plugin.api.core.StatefullPlugin.configure(StatefullPlugin.java:52)
	... 36 more
</pre></div></td>
<td>0</td>
<td>org.jtalks.jcommune.plugin.questionsandanswers.QuestionsAndAnswersPluginTest@feb697</td></tr>
<tr>
<td title='org.jtalks.jcommune.plugin.questionsandanswers.QuestionsAndAnswersPluginTest.configurationWithIncorrectParameterTypeShouldThrowUnexpectedErrorException()'><b>configurationWithIncorrectParameterTypeShouldThrowUnexpectedErrorException</b><br>Test class: org.jtalks.jcommune.plugin.questionsandanswers.QuestionsAndAnswersPluginTest</td>
<td><div><pre>org.jtalks.jcommune.plugin.api.exceptions.UnexpectedErrorException: java.lang.NumberFormatException: For input string: &quot;string&quot;
	at org.jtalks.jcommune.plugin.api.core.StatefullPlugin.configure(StatefullPlugin.java:63)
	at org.jtalks.jcommune.plugin.api.core.WebControllerPlugin.configure(WebControllerPlugin.java:33)
	at org.jtalks.jcommune.plugin.questionsandanswers.QuestionsAndAnswersPluginTest.configurationWithIncorrectParameterTypeShouldThrowUnexpectedErrorException(QuestionsAndAnswersPluginTest.java:84)
	at org.apache.maven.surefire.testng.TestNGExecutor.run(TestNGExecutor.java:70)
	at org.apache.maven.surefire.testng.TestNGDirectoryTestSuite.executeMulti(TestNGDirectoryTestSuite.java:158)
	at org.apache.maven.surefire.testng.TestNGDirectoryTestSuite.execute(TestNGDirectoryTestSuite.java:98)
	at org.apache.maven.surefire.testng.TestNGProvider.invoke(TestNGProvider.java:111)
	at org.apache.maven.surefire.util.ReflectionUtils.invokeMethodWithArray(ReflectionUtils.java:164)
	at org.apache.maven.surefire.booter.ProviderFactory$ProviderProxy.invoke(ProviderFactory.java:110)
	at org.apache.maven.surefire.booter.SurefireStarter.invokeProvider(SurefireStarter.java:175)
	at org.apache.maven.surefire.booter.SurefireStarter.runSuitesInProcessWhenForked(SurefireStarter.java:107)
	at org.apache.maven.surefire.booter.ForkedBooter.main(ForkedBooter.java:68)
Caused by: java.lang.NumberFormatException: For input string: &quot;string&quot;
	at java.lang.NumberFormatException.forInputString(NumberFormatException.java:65)
	at java.lang.Integer.parseInt(Integer.java:492)
	at java.lang.Integer.parseInt(Integer.java:527)
	at org.jtalks.jcommune.plugin.questionsandanswers.QuestionsAndAnswersPlugin.applyConfiguration(QuestionsAndAnswersPlugin.java:84)
	at org.jtalks.jcommune.plugin.api.core.StatefullPlugin.configure(StatefullPlugin.java:52)
	... 36 more
... Removed 25 stack frames</pre></div><a href='#' onClick='toggleBox("stack-trace26439947", this, "Click to show all stack frames", "Click to hide stack frames")'>Click to show all stack frames</a>
<div class='stack-trace' id='stack-trace26439947'><pre>org.jtalks.jcommune.plugin.api.exceptions.UnexpectedErrorException: java.lang.NumberFormatException: For input string: "string"
	at org.jtalks.jcommune.plugin.api.core.StatefullPlugin.configure(StatefullPlugin.java:63)
	at org.jtalks.jcommune.plugin.api.core.WebControllerPlugin.configure(WebControllerPlugin.java:33)
	at org.jtalks.jcommune.plugin.questionsandanswers.QuestionsAndAnswersPluginTest.configurationWithIncorrectParameterTypeShouldThrowUnexpectedErrorException(QuestionsAndAnswersPluginTest.java:84)
	at sun.reflect.NativeMethodAccessorImpl.invoke0(Native Method)
	at sun.reflect.NativeMethodAccessorImpl.invoke(NativeMethodAccessorImpl.java:57)
	at sun.reflect.DelegatingMethodAccessorImpl.invoke(DelegatingMethodAccessorImpl.java:43)
	at java.lang.reflect.Method.invoke(Method.java:606)
	at org.testng.internal.MethodInvocationHelper.invokeMethod(MethodInvocationHelper.java:80)
	at org.testng.internal.Invoker.invokeMethod(Invoker.java:691)
	at org.testng.internal.Invoker.invokeTestMethod(Invoker.java:883)
	at org.testng.internal.Invoker.invokeTestMethods(Invoker.java:1208)
	at org.testng.internal.TestMethodWorker.invokeTestMethods(TestMethodWorker.java:127)
	at org.testng.internal.TestMethodWorker.run(TestMethodWorker.java:111)
	at org.testng.TestRunner.privateRun(TestRunner.java:758)
	at org.testng.TestRunner.run(TestRunner.java:613)
	at org.testng.SuiteRunner.runTest(SuiteRunner.java:334)
	at org.testng.SuiteRunner.runSequentially(SuiteRunner.java:329)
	at org.testng.SuiteRunner.privateRun(SuiteRunner.java:291)
	at org.testng.SuiteRunner.run(SuiteRunner.java:240)
	at org.testng.SuiteRunnerWorker.runSuite(SuiteRunnerWorker.java:53)
	at org.testng.SuiteRunnerWorker.run(SuiteRunnerWorker.java:87)
	at org.testng.TestNG.runSuitesSequentially(TestNG.java:1137)
	at org.testng.TestNG.runSuitesLocally(TestNG.java:1062)
	at org.testng.TestNG.run(TestNG.java:974)
	at org.apache.maven.surefire.testng.TestNGExecutor.run(TestNGExecutor.java:70)
	at org.apache.maven.surefire.testng.TestNGDirectoryTestSuite.executeMulti(TestNGDirectoryTestSuite.java:158)
	at org.apache.maven.surefire.testng.TestNGDirectoryTestSuite.execute(TestNGDirectoryTestSuite.java:98)
	at org.apache.maven.surefire.testng.TestNGProvider.invoke(TestNGProvider.java:111)
	at sun.reflect.NativeMethodAccessorImpl.invoke0(Native Method)
	at sun.reflect.NativeMethodAccessorImpl.invoke(NativeMethodAccessorImpl.java:57)
	at sun.reflect.DelegatingMethodAccessorImpl.invoke(DelegatingMethodAccessorImpl.java:43)
	at java.lang.reflect.Method.invoke(Method.java:606)
	at org.apache.maven.surefire.util.ReflectionUtils.invokeMethodWithArray(ReflectionUtils.java:164)
	at org.apache.maven.surefire.booter.ProviderFactory$ProviderProxy.invoke(ProviderFactory.java:110)
	at org.apache.maven.surefire.booter.SurefireStarter.invokeProvider(SurefireStarter.java:175)
	at org.apache.maven.surefire.booter.SurefireStarter.runSuitesInProcessWhenForked(SurefireStarter.java:107)
	at org.apache.maven.surefire.booter.ForkedBooter.main(ForkedBooter.java:68)
Caused by: java.lang.NumberFormatException: For input string: "string"
	at java.lang.NumberFormatException.forInputString(NumberFormatException.java:65)
	at java.lang.Integer.parseInt(Integer.java:492)
	at java.lang.Integer.parseInt(Integer.java:527)
	at org.jtalks.jcommune.plugin.questionsandanswers.QuestionsAndAnswersPlugin.applyConfiguration(QuestionsAndAnswersPlugin.java:84)
	at org.jtalks.jcommune.plugin.api.core.StatefullPlugin.configure(StatefullPlugin.java:52)
	... 36 more
</pre></div></td>
<td>0</td>
<td>org.jtalks.jcommune.plugin.questionsandanswers.QuestionsAndAnswersPluginTest@feb697</td></tr>
<tr>
<td title='org.jtalks.jcommune.plugin.questionsandanswers.QuestionsAndAnswersPluginTest.configurationWithIncorrectParametersNumberShouldThrowUnexpectedErrorException()'><b>configurationWithIncorrectParametersNumberShouldThrowUnexpectedErrorException</b><br>Test class: org.jtalks.jcommune.plugin.questionsandanswers.QuestionsAndAnswersPluginTest</td>
<td><div><pre>org.jtalks.jcommune.plugin.api.exceptions.UnexpectedErrorException: org.jtalks.jcommune.plugin.api.exceptions.PluginConfigurationException: Can&apos;t apply configuration: incorrect parameters count or order not found
	at org.jtalks.jcommune.plugin.api.core.StatefullPlugin.configure(StatefullPlugin.java:63)
	at org.jtalks.jcommune.plugin.api.core.WebControllerPlugin.configure(WebControllerPlugin.java:33)
	at org.jtalks.jcommune.plugin.questionsandanswers.QuestionsAndAnswersPluginTest.configurationWithIncorrectParametersNumberShouldThrowUnexpectedErrorException(QuestionsAndAnswersPluginTest.java:75)
	at org.apache.maven.surefire.testng.TestNGExecutor.run(TestNGExecutor.java:70)
	at org.apache.maven.surefire.testng.TestNGDirectoryTestSuite.executeMulti(TestNGDirectoryTestSuite.java:158)
	at org.apache.maven.surefire.testng.TestNGDirectoryTestSuite.execute(TestNGDirectoryTestSuite.java:98)
	at org.apache.maven.surefire.testng.TestNGProvider.invoke(TestNGProvider.java:111)
	at org.apache.maven.surefire.util.ReflectionUtils.invokeMethodWithArray(ReflectionUtils.java:164)
	at org.apache.maven.surefire.booter.ProviderFactory$ProviderProxy.invoke(ProviderFactory.java:110)
	at org.apache.maven.surefire.booter.SurefireStarter.invokeProvider(SurefireStarter.java:175)
	at org.apache.maven.surefire.booter.SurefireStarter.runSuitesInProcessWhenForked(SurefireStarter.java:107)
	at org.apache.maven.surefire.booter.ForkedBooter.main(ForkedBooter.java:68)
Caused by: org.jtalks.jcommune.plugin.api.exceptions.PluginConfigurationException: Can&apos;t apply configuration: incorrect parameters count or order not found
	at org.jtalks.jcommune.plugin.questionsandanswers.QuestionsAndAnswersPlugin.applyConfiguration(QuestionsAndAnswersPlugin.java:89)
	at org.jtalks.jcommune.plugin.api.core.StatefullPlugin.configure(StatefullPlugin.java:52)
	... 36 more
... Removed 25 stack frames</pre></div><a href='#' onClick='toggleBox("stack-trace14856964", this, "Click to show all stack frames", "Click to hide stack frames")'>Click to show all stack frames</a>
<div class='stack-trace' id='stack-trace14856964'><pre>org.jtalks.jcommune.plugin.api.exceptions.UnexpectedErrorException: org.jtalks.jcommune.plugin.api.exceptions.PluginConfigurationException: Can't apply configuration: incorrect parameters count or order not found
	at org.jtalks.jcommune.plugin.api.core.StatefullPlugin.configure(StatefullPlugin.java:63)
	at org.jtalks.jcommune.plugin.api.core.WebControllerPlugin.configure(WebControllerPlugin.java:33)
	at org.jtalks.jcommune.plugin.questionsandanswers.QuestionsAndAnswersPluginTest.configurationWithIncorrectParametersNumberShouldThrowUnexpectedErrorException(QuestionsAndAnswersPluginTest.java:75)
	at sun.reflect.NativeMethodAccessorImpl.invoke0(Native Method)
	at sun.reflect.NativeMethodAccessorImpl.invoke(NativeMethodAccessorImpl.java:57)
	at sun.reflect.DelegatingMethodAccessorImpl.invoke(DelegatingMethodAccessorImpl.java:43)
	at java.lang.reflect.Method.invoke(Method.java:606)
	at org.testng.internal.MethodInvocationHelper.invokeMethod(MethodInvocationHelper.java:80)
	at org.testng.internal.Invoker.invokeMethod(Invoker.java:691)
	at org.testng.internal.Invoker.invokeTestMethod(Invoker.java:883)
	at org.testng.internal.Invoker.invokeTestMethods(Invoker.java:1208)
	at org.testng.internal.TestMethodWorker.invokeTestMethods(TestMethodWorker.java:127)
	at org.testng.internal.TestMethodWorker.run(TestMethodWorker.java:111)
	at org.testng.TestRunner.privateRun(TestRunner.java:758)
	at org.testng.TestRunner.run(TestRunner.java:613)
	at org.testng.SuiteRunner.runTest(SuiteRunner.java:334)
	at org.testng.SuiteRunner.runSequentially(SuiteRunner.java:329)
	at org.testng.SuiteRunner.privateRun(SuiteRunner.java:291)
	at org.testng.SuiteRunner.run(SuiteRunner.java:240)
	at org.testng.SuiteRunnerWorker.runSuite(SuiteRunnerWorker.java:53)
	at org.testng.SuiteRunnerWorker.run(SuiteRunnerWorker.java:87)
	at org.testng.TestNG.runSuitesSequentially(TestNG.java:1137)
	at org.testng.TestNG.runSuitesLocally(TestNG.java:1062)
	at org.testng.TestNG.run(TestNG.java:974)
	at org.apache.maven.surefire.testng.TestNGExecutor.run(TestNGExecutor.java:70)
	at org.apache.maven.surefire.testng.TestNGDirectoryTestSuite.executeMulti(TestNGDirectoryTestSuite.java:158)
	at org.apache.maven.surefire.testng.TestNGDirectoryTestSuite.execute(TestNGDirectoryTestSuite.java:98)
	at org.apache.maven.surefire.testng.TestNGProvider.invoke(TestNGProvider.java:111)
	at sun.reflect.NativeMethodAccessorImpl.invoke0(Native Method)
	at sun.reflect.NativeMethodAccessorImpl.invoke(NativeMethodAccessorImpl.java:57)
	at sun.reflect.DelegatingMethodAccessorImpl.invoke(DelegatingMethodAccessorImpl.java:43)
	at java.lang.reflect.Method.invoke(Method.java:606)
	at org.apache.maven.surefire.util.ReflectionUtils.invokeMethodWithArray(ReflectionUtils.java:164)
	at org.apache.maven.surefire.booter.ProviderFactory$ProviderProxy.invoke(ProviderFactory.java:110)
	at org.apache.maven.surefire.booter.SurefireStarter.invokeProvider(SurefireStarter.java:175)
	at org.apache.maven.surefire.booter.SurefireStarter.runSuitesInProcessWhenForked(SurefireStarter.java:107)
	at org.apache.maven.surefire.booter.ForkedBooter.main(ForkedBooter.java:68)
Caused by: org.jtalks.jcommune.plugin.api.exceptions.PluginConfigurationException: Can't apply configuration: incorrect parameters count or order not found
	at org.jtalks.jcommune.plugin.questionsandanswers.QuestionsAndAnswersPlugin.applyConfiguration(QuestionsAndAnswersPlugin.java:89)
	at org.jtalks.jcommune.plugin.api.core.StatefullPlugin.configure(StatefullPlugin.java:52)
	... 36 more
</pre></div></td>
<td>0</td>
<td>org.jtalks.jcommune.plugin.questionsandanswers.QuestionsAndAnswersPluginTest@feb697</td></tr>
<tr>
<td title='org.jtalks.jcommune.plugin.questionsandanswers.controller.QuestionsAndAnswersControllerTest.createAnswerMustReturnDraft_ifValidationFails()'><b>createAnswerMustReturnDraft_ifValidationFails</b><br>Test class: org.jtalks.jcommune.plugin.questionsandanswers.controller.QuestionsAndAnswersControllerTest</td>
<td></td>
<td>0</td>
<td>org.jtalks.jcommune.plugin.questionsandanswers.controller.QuestionsAndAnswersControllerTest@1b3c607</td></tr>
<tr>
<td title='org.jtalks.jcommune.plugin.questionsandanswers.controller.QuestionsAndAnswersControllerTest.createAnswerPageShouldThrowExceptionWhenTopicNotFound()'><b>createAnswerPageShouldThrowExceptionWhenTopicNotFound</b><br>Test class: org.jtalks.jcommune.plugin.questionsandanswers.controller.QuestionsAndAnswersControllerTest</td>
<td><div><pre>org.jtalks.jcommune.plugin.api.exceptions.NotFoundException
	at org.jtalks.jcommune.plugin.questionsandanswers.controller.QuestionsAndAnswersControllerTest.createAnswerPageShouldThrowExceptionWhenTopicNotFound(QuestionsAndAnswersControllerTest.java:441)
	at org.apache.maven.surefire.testng.TestNGExecutor.run(TestNGExecutor.java:70)
	at org.apache.maven.surefire.testng.TestNGDirectoryTestSuite.executeMulti(TestNGDirectoryTestSuite.java:158)
	at org.apache.maven.surefire.testng.TestNGDirectoryTestSuite.execute(TestNGDirectoryTestSuite.java:98)
	at org.apache.maven.surefire.testng.TestNGProvider.invoke(TestNGProvider.java:111)
	at org.apache.maven.surefire.util.ReflectionUtils.invokeMethodWithArray(ReflectionUtils.java:164)
	at org.apache.maven.surefire.booter.ProviderFactory$ProviderProxy.invoke(ProviderFactory.java:110)
	at org.apache.maven.surefire.booter.SurefireStarter.invokeProvider(SurefireStarter.java:175)
	at org.apache.maven.surefire.booter.SurefireStarter.runSuitesInProcessWhenForked(SurefireStarter.java:107)
	at org.apache.maven.surefire.booter.ForkedBooter.main(ForkedBooter.java:68)
... Removed 25 stack frames</pre></div><a href='#' onClick='toggleBox("stack-trace5914528", this, "Click to show all stack frames", "Click to hide stack frames")'>Click to show all stack frames</a>
<div class='stack-trace' id='stack-trace5914528'><pre>org.jtalks.jcommune.plugin.api.exceptions.NotFoundException
	at org.jtalks.jcommune.plugin.questionsandanswers.controller.QuestionsAndAnswersControllerTest.createAnswerPageShouldThrowExceptionWhenTopicNotFound(QuestionsAndAnswersControllerTest.java:441)
	at sun.reflect.NativeMethodAccessorImpl.invoke0(Native Method)
	at sun.reflect.NativeMethodAccessorImpl.invoke(NativeMethodAccessorImpl.java:57)
	at sun.reflect.DelegatingMethodAccessorImpl.invoke(DelegatingMethodAccessorImpl.java:43)
	at java.lang.reflect.Method.invoke(Method.java:606)
	at org.testng.internal.MethodInvocationHelper.invokeMethod(MethodInvocationHelper.java:80)
	at org.testng.internal.Invoker.invokeMethod(Invoker.java:691)
	at org.testng.internal.Invoker.invokeTestMethod(Invoker.java:883)
	at org.testng.internal.Invoker.invokeTestMethods(Invoker.java:1208)
	at org.testng.internal.TestMethodWorker.invokeTestMethods(TestMethodWorker.java:127)
	at org.testng.internal.TestMethodWorker.run(TestMethodWorker.java:111)
	at org.testng.TestRunner.privateRun(TestRunner.java:758)
	at org.testng.TestRunner.run(TestRunner.java:613)
	at org.testng.SuiteRunner.runTest(SuiteRunner.java:334)
	at org.testng.SuiteRunner.runSequentially(SuiteRunner.java:329)
	at org.testng.SuiteRunner.privateRun(SuiteRunner.java:291)
	at org.testng.SuiteRunner.run(SuiteRunner.java:240)
	at org.testng.SuiteRunnerWorker.runSuite(SuiteRunnerWorker.java:53)
	at org.testng.SuiteRunnerWorker.run(SuiteRunnerWorker.java:87)
	at org.testng.TestNG.runSuitesSequentially(TestNG.java:1137)
	at org.testng.TestNG.runSuitesLocally(TestNG.java:1062)
	at org.testng.TestNG.run(TestNG.java:974)
	at org.apache.maven.surefire.testng.TestNGExecutor.run(TestNGExecutor.java:70)
	at org.apache.maven.surefire.testng.TestNGDirectoryTestSuite.executeMulti(TestNGDirectoryTestSuite.java:158)
	at org.apache.maven.surefire.testng.TestNGDirectoryTestSuite.execute(TestNGDirectoryTestSuite.java:98)
	at org.apache.maven.surefire.testng.TestNGProvider.invoke(TestNGProvider.java:111)
	at sun.reflect.NativeMethodAccessorImpl.invoke0(Native Method)
	at sun.reflect.NativeMethodAccessorImpl.invoke(NativeMethodAccessorImpl.java:57)
	at sun.reflect.DelegatingMethodAccessorImpl.invoke(DelegatingMethodAccessorImpl.java:43)
	at java.lang.reflect.Method.invoke(Method.java:606)
	at org.apache.maven.surefire.util.ReflectionUtils.invokeMethodWithArray(ReflectionUtils.java:164)
	at org.apache.maven.surefire.booter.ProviderFactory$ProviderProxy.invoke(ProviderFactory.java:110)
	at org.apache.maven.surefire.booter.SurefireStarter.invokeProvider(SurefireStarter.java:175)
	at org.apache.maven.surefire.booter.SurefireStarter.runSuitesInProcessWhenForked(SurefireStarter.java:107)
	at org.apache.maven.surefire.booter.ForkedBooter.main(ForkedBooter.java:68)
</pre></div></td>
<td>0</td>
<td>org.jtalks.jcommune.plugin.questionsandanswers.controller.QuestionsAndAnswersControllerTest@1b3c607</td></tr>
<tr>
<td title='org.jtalks.jcommune.plugin.questionsandanswers.controller.QuestionsAndAnswersControllerTest.createAnswerShouldRedirectBackIfValidationFails()'><b>createAnswerShouldRedirectBackIfValidationFails</b><br>Test class: org.jtalks.jcommune.plugin.questionsandanswers.controller.QuestionsAndAnswersControllerTest</td>
<td></td>
<td>0</td>
<td>org.jtalks.jcommune.plugin.questionsandanswers.controller.QuestionsAndAnswersControllerTest@1b3c607</td></tr>
<tr>
<td title='org.jtalks.jcommune.plugin.questionsandanswers.controller.QuestionsAndAnswersControllerTest.createAnswerShouldUpdateAnswerIfValidationSuccess()'><b>createAnswerShouldUpdateAnswerIfValidationSuccess</b><br>Test class: org.jtalks.jcommune.plugin.questionsandanswers.controller.QuestionsAndAnswersControllerTest</td>
<td></td>
<td>0</td>
<td>org.jtalks.jcommune.plugin.questionsandanswers.controller.QuestionsAndAnswersControllerTest@1b3c607</td></tr>
<tr>
<td title='org.jtalks.jcommune.plugin.questionsandanswers.controller.QuestionsAndAnswersControllerTest.createQuestionShouldThrowExceptionIfBranchNotFound()'><b>createQuestionShouldThrowExceptionIfBranchNotFound</b><br>Test class: org.jtalks.jcommune.plugin.questionsandanswers.controller.QuestionsAndAnswersControllerTest</td>
<td><div><pre>org.jtalks.jcommune.plugin.api.exceptions.NotFoundException
	at org.jtalks.jcommune.plugin.questionsandanswers.controller.QuestionsAndAnswersControllerTest.createQuestionShouldThrowExceptionIfBranchNotFound(QuestionsAndAnswersControllerTest.java:182)
	at org.apache.maven.surefire.testng.TestNGExecutor.run(TestNGExecutor.java:70)
	at org.apache.maven.surefire.testng.TestNGDirectoryTestSuite.executeMulti(TestNGDirectoryTestSuite.java:158)
	at org.apache.maven.surefire.testng.TestNGDirectoryTestSuite.execute(TestNGDirectoryTestSuite.java:98)
	at org.apache.maven.surefire.testng.TestNGProvider.invoke(TestNGProvider.java:111)
	at org.apache.maven.surefire.util.ReflectionUtils.invokeMethodWithArray(ReflectionUtils.java:164)
	at org.apache.maven.surefire.booter.ProviderFactory$ProviderProxy.invoke(ProviderFactory.java:110)
	at org.apache.maven.surefire.booter.SurefireStarter.invokeProvider(SurefireStarter.java:175)
	at org.apache.maven.surefire.booter.SurefireStarter.runSuitesInProcessWhenForked(SurefireStarter.java:107)
	at org.apache.maven.surefire.booter.ForkedBooter.main(ForkedBooter.java:68)
... Removed 25 stack frames</pre></div><a href='#' onClick='toggleBox("stack-trace23817080", this, "Click to show all stack frames", "Click to hide stack frames")'>Click to show all stack frames</a>
<div class='stack-trace' id='stack-trace23817080'><pre>org.jtalks.jcommune.plugin.api.exceptions.NotFoundException
	at org.jtalks.jcommune.plugin.questionsandanswers.controller.QuestionsAndAnswersControllerTest.createQuestionShouldThrowExceptionIfBranchNotFound(QuestionsAndAnswersControllerTest.java:182)
	at sun.reflect.NativeMethodAccessorImpl.invoke0(Native Method)
	at sun.reflect.NativeMethodAccessorImpl.invoke(NativeMethodAccessorImpl.java:57)
	at sun.reflect.DelegatingMethodAccessorImpl.invoke(DelegatingMethodAccessorImpl.java:43)
	at java.lang.reflect.Method.invoke(Method.java:606)
	at org.testng.internal.MethodInvocationHelper.invokeMethod(MethodInvocationHelper.java:80)
	at org.testng.internal.Invoker.invokeMethod(Invoker.java:691)
	at org.testng.internal.Invoker.invokeTestMethod(Invoker.java:883)
	at org.testng.internal.Invoker.invokeTestMethods(Invoker.java:1208)
	at org.testng.internal.TestMethodWorker.invokeTestMethods(TestMethodWorker.java:127)
	at org.testng.internal.TestMethodWorker.run(TestMethodWorker.java:111)
	at org.testng.TestRunner.privateRun(TestRunner.java:758)
	at org.testng.TestRunner.run(TestRunner.java:613)
	at org.testng.SuiteRunner.runTest(SuiteRunner.java:334)
	at org.testng.SuiteRunner.runSequentially(SuiteRunner.java:329)
	at org.testng.SuiteRunner.privateRun(SuiteRunner.java:291)
	at org.testng.SuiteRunner.run(SuiteRunner.java:240)
	at org.testng.SuiteRunnerWorker.runSuite(SuiteRunnerWorker.java:53)
	at org.testng.SuiteRunnerWorker.run(SuiteRunnerWorker.java:87)
	at org.testng.TestNG.runSuitesSequentially(TestNG.java:1137)
	at org.testng.TestNG.runSuitesLocally(TestNG.java:1062)
	at org.testng.TestNG.run(TestNG.java:974)
	at org.apache.maven.surefire.testng.TestNGExecutor.run(TestNGExecutor.java:70)
	at org.apache.maven.surefire.testng.TestNGDirectoryTestSuite.executeMulti(TestNGDirectoryTestSuite.java:158)
	at org.apache.maven.surefire.testng.TestNGDirectoryTestSuite.execute(TestNGDirectoryTestSuite.java:98)
	at org.apache.maven.surefire.testng.TestNGProvider.invoke(TestNGProvider.java:111)
	at sun.reflect.NativeMethodAccessorImpl.invoke0(Native Method)
	at sun.reflect.NativeMethodAccessorImpl.invoke(NativeMethodAccessorImpl.java:57)
	at sun.reflect.DelegatingMethodAccessorImpl.invoke(DelegatingMethodAccessorImpl.java:43)
	at java.lang.reflect.Method.invoke(Method.java:606)
	at org.apache.maven.surefire.util.ReflectionUtils.invokeMethodWithArray(ReflectionUtils.java:164)
	at org.apache.maven.surefire.booter.ProviderFactory$ProviderProxy.invoke(ProviderFactory.java:110)
	at org.apache.maven.surefire.booter.SurefireStarter.invokeProvider(SurefireStarter.java:175)
	at org.apache.maven.surefire.booter.SurefireStarter.runSuitesInProcessWhenForked(SurefireStarter.java:107)
	at org.apache.maven.surefire.booter.ForkedBooter.main(ForkedBooter.java:68)
</pre></div></td>
<td>0</td>
<td>org.jtalks.jcommune.plugin.questionsandanswers.controller.QuestionsAndAnswersControllerTest@1b3c607</td></tr>
<tr>
<td title='org.jtalks.jcommune.plugin.questionsandanswers.controller.QuestionsAndAnswersControllerTest.createQuestionSuccessTest()'><b>createQuestionSuccessTest</b><br>Test class: org.jtalks.jcommune.plugin.questionsandanswers.controller.QuestionsAndAnswersControllerTest</td>
<td></td>
<td>0</td>
<td>org.jtalks.jcommune.plugin.questionsandanswers.controller.QuestionsAndAnswersControllerTest@1b3c607</td></tr>
<tr>
<td title='org.jtalks.jcommune.plugin.questionsandanswers.controller.QuestionsAndAnswersControllerTest.createQuestionValidationErrorsTest()'><b>createQuestionValidationErrorsTest</b><br>Test class: org.jtalks.jcommune.plugin.questionsandanswers.controller.QuestionsAndAnswersControllerTest</td>
<td></td>
<td>0</td>
<td>org.jtalks.jcommune.plugin.questionsandanswers.controller.QuestionsAndAnswersControllerTest@1b3c607</td></tr>
<tr>
<td title='org.jtalks.jcommune.plugin.questionsandanswers.QuestionsAndAnswersPluginTest.defaultConfigurationShouldBeAppliedIfConfigureWithNullOrderValue()'><b>defaultConfigurationShouldBeAppliedIfConfigureWithNullOrderValue</b><br>Test class: org.jtalks.jcommune.plugin.questionsandanswers.QuestionsAndAnswersPluginTest</td>
<td></td>
<td>0</td>
<td>org.jtalks.jcommune.plugin.questionsandanswers.QuestionsAndAnswersPluginTest@feb697</td></tr>
<tr>
<td title='org.jtalks.jcommune.plugin.questionsandanswers.controller.QuestionsAndAnswersControllerTest.deleteAnswerPageShouldRedirectToNeighborAnswer()'><b>deleteAnswerPageShouldRedirectToNeighborAnswer</b><br>Test class: org.jtalks.jcommune.plugin.questionsandanswers.controller.QuestionsAndAnswersControllerTest</td>
<td></td>
<td>0</td>
<td>org.jtalks.jcommune.plugin.questionsandanswers.controller.QuestionsAndAnswersControllerTest@1b3c607</td></tr>
<tr>
<td title='org.jtalks.jcommune.plugin.questionsandanswers.controller.QuestionsAndAnswersControllerTest.deleteAnswerPageShouldThrowExceptionWhenTopicNotFound()'><b>deleteAnswerPageShouldThrowExceptionWhenTopicNotFound</b><br>Test class: org.jtalks.jcommune.plugin.questionsandanswers.controller.QuestionsAndAnswersControllerTest</td>
<td><div><pre>org.jtalks.jcommune.plugin.api.exceptions.NotFoundException
	at org.jtalks.jcommune.plugin.questionsandanswers.controller.QuestionsAndAnswersControllerTest.deleteAnswerPageShouldThrowExceptionWhenTopicNotFound(QuestionsAndAnswersControllerTest.java:491)
	at org.apache.maven.surefire.testng.TestNGExecutor.run(TestNGExecutor.java:70)
	at org.apache.maven.surefire.testng.TestNGDirectoryTestSuite.executeMulti(TestNGDirectoryTestSuite.java:158)
	at org.apache.maven.surefire.testng.TestNGDirectoryTestSuite.execute(TestNGDirectoryTestSuite.java:98)
	at org.apache.maven.surefire.testng.TestNGProvider.invoke(TestNGProvider.java:111)
	at org.apache.maven.surefire.util.ReflectionUtils.invokeMethodWithArray(ReflectionUtils.java:164)
	at org.apache.maven.surefire.booter.ProviderFactory$ProviderProxy.invoke(ProviderFactory.java:110)
	at org.apache.maven.surefire.booter.SurefireStarter.invokeProvider(SurefireStarter.java:175)
	at org.apache.maven.surefire.booter.SurefireStarter.runSuitesInProcessWhenForked(SurefireStarter.java:107)
	at org.apache.maven.surefire.booter.ForkedBooter.main(ForkedBooter.java:68)
... Removed 25 stack frames</pre></div><a href='#' onClick='toggleBox("stack-trace23036246", this, "Click to show all stack frames", "Click to hide stack frames")'>Click to show all stack frames</a>
<div class='stack-trace' id='stack-trace23036246'><pre>org.jtalks.jcommune.plugin.api.exceptions.NotFoundException
	at org.jtalks.jcommune.plugin.questionsandanswers.controller.QuestionsAndAnswersControllerTest.deleteAnswerPageShouldThrowExceptionWhenTopicNotFound(QuestionsAndAnswersControllerTest.java:491)
	at sun.reflect.NativeMethodAccessorImpl.invoke0(Native Method)
	at sun.reflect.NativeMethodAccessorImpl.invoke(NativeMethodAccessorImpl.java:57)
	at sun.reflect.DelegatingMethodAccessorImpl.invoke(DelegatingMethodAccessorImpl.java:43)
	at java.lang.reflect.Method.invoke(Method.java:606)
	at org.testng.internal.MethodInvocationHelper.invokeMethod(MethodInvocationHelper.java:80)
	at org.testng.internal.Invoker.invokeMethod(Invoker.java:691)
	at org.testng.internal.Invoker.invokeTestMethod(Invoker.java:883)
	at org.testng.internal.Invoker.invokeTestMethods(Invoker.java:1208)
	at org.testng.internal.TestMethodWorker.invokeTestMethods(TestMethodWorker.java:127)
	at org.testng.internal.TestMethodWorker.run(TestMethodWorker.java:111)
	at org.testng.TestRunner.privateRun(TestRunner.java:758)
	at org.testng.TestRunner.run(TestRunner.java:613)
	at org.testng.SuiteRunner.runTest(SuiteRunner.java:334)
	at org.testng.SuiteRunner.runSequentially(SuiteRunner.java:329)
	at org.testng.SuiteRunner.privateRun(SuiteRunner.java:291)
	at org.testng.SuiteRunner.run(SuiteRunner.java:240)
	at org.testng.SuiteRunnerWorker.runSuite(SuiteRunnerWorker.java:53)
	at org.testng.SuiteRunnerWorker.run(SuiteRunnerWorker.java:87)
	at org.testng.TestNG.runSuitesSequentially(TestNG.java:1137)
	at org.testng.TestNG.runSuitesLocally(TestNG.java:1062)
	at org.testng.TestNG.run(TestNG.java:974)
	at org.apache.maven.surefire.testng.TestNGExecutor.run(TestNGExecutor.java:70)
	at org.apache.maven.surefire.testng.TestNGDirectoryTestSuite.executeMulti(TestNGDirectoryTestSuite.java:158)
	at org.apache.maven.surefire.testng.TestNGDirectoryTestSuite.execute(TestNGDirectoryTestSuite.java:98)
	at org.apache.maven.surefire.testng.TestNGProvider.invoke(TestNGProvider.java:111)
	at sun.reflect.NativeMethodAccessorImpl.invoke0(Native Method)
	at sun.reflect.NativeMethodAccessorImpl.invoke(NativeMethodAccessorImpl.java:57)
	at sun.reflect.DelegatingMethodAccessorImpl.invoke(DelegatingMethodAccessorImpl.java:43)
	at java.lang.reflect.Method.invoke(Method.java:606)
	at org.apache.maven.surefire.util.ReflectionUtils.invokeMethodWithArray(ReflectionUtils.java:164)
	at org.apache.maven.surefire.booter.ProviderFactory$ProviderProxy.invoke(ProviderFactory.java:110)
	at org.apache.maven.surefire.booter.SurefireStarter.invokeProvider(SurefireStarter.java:175)
	at org.apache.maven.surefire.booter.SurefireStarter.runSuitesInProcessWhenForked(SurefireStarter.java:107)
	at org.apache.maven.surefire.booter.ForkedBooter.main(ForkedBooter.java:68)
</pre></div></td>
<td>0</td>
<td>org.jtalks.jcommune.plugin.questionsandanswers.controller.QuestionsAndAnswersControllerTest@1b3c607</td></tr>
<tr>
<td title='org.jtalks.jcommune.plugin.questionsandanswers.controller.QuestionsAndAnswersControllerTest.editAnswerPageShouldRenderThePageIfAnswerIdIsCorrect()'><b>editAnswerPageShouldRenderThePageIfAnswerIdIsCorrect</b><br>Test class: org.jtalks.jcommune.plugin.questionsandanswers.controller.QuestionsAndAnswersControllerTest</td>
<td></td>
<td>0</td>
<td>org.jtalks.jcommune.plugin.questionsandanswers.controller.QuestionsAndAnswersControllerTest@1b3c607</td></tr>
<tr>
<td title='org.jtalks.jcommune.plugin.questionsandanswers.controller.QuestionsAndAnswersControllerTest.editAnswerPageShouldThrowExceptionWhenAnswerNotFound()'><b>editAnswerPageShouldThrowExceptionWhenAnswerNotFound</b><br>Test class: org.jtalks.jcommune.plugin.questionsandanswers.controller.QuestionsAndAnswersControllerTest</td>
<td><div><pre>org.jtalks.jcommune.plugin.api.exceptions.NotFoundException
	at org.jtalks.jcommune.plugin.questionsandanswers.controller.QuestionsAndAnswersControllerTest.editAnswerPageShouldThrowExceptionWhenAnswerNotFound(QuestionsAndAnswersControllerTest.java:359)
	at org.apache.maven.surefire.testng.TestNGExecutor.run(TestNGExecutor.java:70)
	at org.apache.maven.surefire.testng.TestNGDirectoryTestSuite.executeMulti(TestNGDirectoryTestSuite.java:158)
	at org.apache.maven.surefire.testng.TestNGDirectoryTestSuite.execute(TestNGDirectoryTestSuite.java:98)
	at org.apache.maven.surefire.testng.TestNGProvider.invoke(TestNGProvider.java:111)
	at org.apache.maven.surefire.util.ReflectionUtils.invokeMethodWithArray(ReflectionUtils.java:164)
	at org.apache.maven.surefire.booter.ProviderFactory$ProviderProxy.invoke(ProviderFactory.java:110)
	at org.apache.maven.surefire.booter.SurefireStarter.invokeProvider(SurefireStarter.java:175)
	at org.apache.maven.surefire.booter.SurefireStarter.runSuitesInProcessWhenForked(SurefireStarter.java:107)
	at org.apache.maven.surefire.booter.ForkedBooter.main(ForkedBooter.java:68)
... Removed 25 stack frames</pre></div><a href='#' onClick='toggleBox("stack-trace8039331", this, "Click to show all stack frames", "Click to hide stack frames")'>Click to show all stack frames</a>
<div class='stack-trace' id='stack-trace8039331'><pre>org.jtalks.jcommune.plugin.api.exceptions.NotFoundException
	at org.jtalks.jcommune.plugin.questionsandanswers.controller.QuestionsAndAnswersControllerTest.editAnswerPageShouldThrowExceptionWhenAnswerNotFound(QuestionsAndAnswersControllerTest.java:359)
	at sun.reflect.NativeMethodAccessorImpl.invoke0(Native Method)
	at sun.reflect.NativeMethodAccessorImpl.invoke(NativeMethodAccessorImpl.java:57)
	at sun.reflect.DelegatingMethodAccessorImpl.invoke(DelegatingMethodAccessorImpl.java:43)
	at java.lang.reflect.Method.invoke(Method.java:606)
	at org.testng.internal.MethodInvocationHelper.invokeMethod(MethodInvocationHelper.java:80)
	at org.testng.internal.Invoker.invokeMethod(Invoker.java:691)
	at org.testng.internal.Invoker.invokeTestMethod(Invoker.java:883)
	at org.testng.internal.Invoker.invokeTestMethods(Invoker.java:1208)
	at org.testng.internal.TestMethodWorker.invokeTestMethods(TestMethodWorker.java:127)
	at org.testng.internal.TestMethodWorker.run(TestMethodWorker.java:111)
	at org.testng.TestRunner.privateRun(TestRunner.java:758)
	at org.testng.TestRunner.run(TestRunner.java:613)
	at org.testng.SuiteRunner.runTest(SuiteRunner.java:334)
	at org.testng.SuiteRunner.runSequentially(SuiteRunner.java:329)
	at org.testng.SuiteRunner.privateRun(SuiteRunner.java:291)
	at org.testng.SuiteRunner.run(SuiteRunner.java:240)
	at org.testng.SuiteRunnerWorker.runSuite(SuiteRunnerWorker.java:53)
	at org.testng.SuiteRunnerWorker.run(SuiteRunnerWorker.java:87)
	at org.testng.TestNG.runSuitesSequentially(TestNG.java:1137)
	at org.testng.TestNG.runSuitesLocally(TestNG.java:1062)
	at org.testng.TestNG.run(TestNG.java:974)
	at org.apache.maven.surefire.testng.TestNGExecutor.run(TestNGExecutor.java:70)
	at org.apache.maven.surefire.testng.TestNGDirectoryTestSuite.executeMulti(TestNGDirectoryTestSuite.java:158)
	at org.apache.maven.surefire.testng.TestNGDirectoryTestSuite.execute(TestNGDirectoryTestSuite.java:98)
	at org.apache.maven.surefire.testng.TestNGProvider.invoke(TestNGProvider.java:111)
	at sun.reflect.NativeMethodAccessorImpl.invoke0(Native Method)
	at sun.reflect.NativeMethodAccessorImpl.invoke(NativeMethodAccessorImpl.java:57)
	at sun.reflect.DelegatingMethodAccessorImpl.invoke(DelegatingMethodAccessorImpl.java:43)
	at java.lang.reflect.Method.invoke(Method.java:606)
	at org.apache.maven.surefire.util.ReflectionUtils.invokeMethodWithArray(ReflectionUtils.java:164)
	at org.apache.maven.surefire.booter.ProviderFactory$ProviderProxy.invoke(ProviderFactory.java:110)
	at org.apache.maven.surefire.booter.SurefireStarter.invokeProvider(SurefireStarter.java:175)
	at org.apache.maven.surefire.booter.SurefireStarter.runSuitesInProcessWhenForked(SurefireStarter.java:107)
	at org.apache.maven.surefire.booter.ForkedBooter.main(ForkedBooter.java:68)
</pre></div></td>
<td>0</td>
<td>org.jtalks.jcommune.plugin.questionsandanswers.controller.QuestionsAndAnswersControllerTest@1b3c607</td></tr>
<tr>
<td title='org.jtalks.jcommune.plugin.questionsandanswers.controller.QuestionsAndAnswersControllerTest.editCommentShouldReturnFailResponseIfPostNotFound()'><b>editCommentShouldReturnFailResponseIfPostNotFound</b><br>Test class: org.jtalks.jcommune.plugin.questionsandanswers.controller.QuestionsAndAnswersControllerTest</td>
<td></td>
<td>0</td>
<td>org.jtalks.jcommune.plugin.questionsandanswers.controller.QuestionsAndAnswersControllerTest@1b3c607</td></tr>
<tr>
<td title='org.jtalks.jcommune.plugin.questionsandanswers.controller.QuestionsAndAnswersControllerTest.editCommentShouldReturnFailResponseIfValidationErrorOccurred()'><b>editCommentShouldReturnFailResponseIfValidationErrorOccurred</b><br>Test class: org.jtalks.jcommune.plugin.questionsandanswers.controller.QuestionsAndAnswersControllerTest</td>
<td></td>
<td>0</td>
<td>org.jtalks.jcommune.plugin.questionsandanswers.controller.QuestionsAndAnswersControllerTest@1b3c607</td></tr>
<tr>
<td title='org.jtalks.jcommune.plugin.questionsandanswers.controller.QuestionsAndAnswersControllerTest.editQuestionPageShouldThrowExceptionIfQuestionNotFound()'><b>editQuestionPageShouldThrowExceptionIfQuestionNotFound</b><br>Test class: org.jtalks.jcommune.plugin.questionsandanswers.controller.QuestionsAndAnswersControllerTest</td>
<td><div><pre>org.jtalks.jcommune.plugin.api.exceptions.NotFoundException
	at org.jtalks.jcommune.plugin.questionsandanswers.controller.QuestionsAndAnswersControllerTest.editQuestionPageShouldThrowExceptionIfQuestionNotFound(QuestionsAndAnswersControllerTest.java:238)
	at org.apache.maven.surefire.testng.TestNGExecutor.run(TestNGExecutor.java:70)
	at org.apache.maven.surefire.testng.TestNGDirectoryTestSuite.executeMulti(TestNGDirectoryTestSuite.java:158)
	at org.apache.maven.surefire.testng.TestNGDirectoryTestSuite.execute(TestNGDirectoryTestSuite.java:98)
	at org.apache.maven.surefire.testng.TestNGProvider.invoke(TestNGProvider.java:111)
	at org.apache.maven.surefire.util.ReflectionUtils.invokeMethodWithArray(ReflectionUtils.java:164)
	at org.apache.maven.surefire.booter.ProviderFactory$ProviderProxy.invoke(ProviderFactory.java:110)
	at org.apache.maven.surefire.booter.SurefireStarter.invokeProvider(SurefireStarter.java:175)
	at org.apache.maven.surefire.booter.SurefireStarter.runSuitesInProcessWhenForked(SurefireStarter.java:107)
	at org.apache.maven.surefire.booter.ForkedBooter.main(ForkedBooter.java:68)
... Removed 25 stack frames</pre></div><a href='#' onClick='toggleBox("stack-trace15787403", this, "Click to show all stack frames", "Click to hide stack frames")'>Click to show all stack frames</a>
<div class='stack-trace' id='stack-trace15787403'><pre>org.jtalks.jcommune.plugin.api.exceptions.NotFoundException
	at org.jtalks.jcommune.plugin.questionsandanswers.controller.QuestionsAndAnswersControllerTest.editQuestionPageShouldThrowExceptionIfQuestionNotFound(QuestionsAndAnswersControllerTest.java:238)
	at sun.reflect.NativeMethodAccessorImpl.invoke0(Native Method)
	at sun.reflect.NativeMethodAccessorImpl.invoke(NativeMethodAccessorImpl.java:57)
	at sun.reflect.DelegatingMethodAccessorImpl.invoke(DelegatingMethodAccessorImpl.java:43)
	at java.lang.reflect.Method.invoke(Method.java:606)
	at org.testng.internal.MethodInvocationHelper.invokeMethod(MethodInvocationHelper.java:80)
	at org.testng.internal.Invoker.invokeMethod(Invoker.java:691)
	at org.testng.internal.Invoker.invokeTestMethod(Invoker.java:883)
	at org.testng.internal.Invoker.invokeTestMethods(Invoker.java:1208)
	at org.testng.internal.TestMethodWorker.invokeTestMethods(TestMethodWorker.java:127)
	at org.testng.internal.TestMethodWorker.run(TestMethodWorker.java:111)
	at org.testng.TestRunner.privateRun(TestRunner.java:758)
	at org.testng.TestRunner.run(TestRunner.java:613)
	at org.testng.SuiteRunner.runTest(SuiteRunner.java:334)
	at org.testng.SuiteRunner.runSequentially(SuiteRunner.java:329)
	at org.testng.SuiteRunner.privateRun(SuiteRunner.java:291)
	at org.testng.SuiteRunner.run(SuiteRunner.java:240)
	at org.testng.SuiteRunnerWorker.runSuite(SuiteRunnerWorker.java:53)
	at org.testng.SuiteRunnerWorker.run(SuiteRunnerWorker.java:87)
	at org.testng.TestNG.runSuitesSequentially(TestNG.java:1137)
	at org.testng.TestNG.runSuitesLocally(TestNG.java:1062)
	at org.testng.TestNG.run(TestNG.java:974)
	at org.apache.maven.surefire.testng.TestNGExecutor.run(TestNGExecutor.java:70)
	at org.apache.maven.surefire.testng.TestNGDirectoryTestSuite.executeMulti(TestNGDirectoryTestSuite.java:158)
	at org.apache.maven.surefire.testng.TestNGDirectoryTestSuite.execute(TestNGDirectoryTestSuite.java:98)
	at org.apache.maven.surefire.testng.TestNGProvider.invoke(TestNGProvider.java:111)
	at sun.reflect.NativeMethodAccessorImpl.invoke0(Native Method)
	at sun.reflect.NativeMethodAccessorImpl.invoke(NativeMethodAccessorImpl.java:57)
	at sun.reflect.DelegatingMethodAccessorImpl.invoke(DelegatingMethodAccessorImpl.java:43)
	at java.lang.reflect.Method.invoke(Method.java:606)
	at org.apache.maven.surefire.util.ReflectionUtils.invokeMethodWithArray(ReflectionUtils.java:164)
	at org.apache.maven.surefire.booter.ProviderFactory$ProviderProxy.invoke(ProviderFactory.java:110)
	at org.apache.maven.surefire.booter.SurefireStarter.invokeProvider(SurefireStarter.java:175)
	at org.apache.maven.surefire.booter.SurefireStarter.runSuitesInProcessWhenForked(SurefireStarter.java:107)
	at org.apache.maven.surefire.booter.ForkedBooter.main(ForkedBooter.java:68)
</pre></div></td>
<td>0</td>
<td>org.jtalks.jcommune.plugin.questionsandanswers.controller.QuestionsAndAnswersControllerTest@1b3c607</td></tr>
<tr>
<td title='org.jtalks.jcommune.plugin.questionsandanswers.controller.QuestionsAndAnswersControllerTest.editQuestionPageSuccessTest()'><b>editQuestionPageSuccessTest</b><br>Test class: org.jtalks.jcommune.plugin.questionsandanswers.controller.QuestionsAndAnswersControllerTest</td>
<td></td>
<td>0</td>
<td>org.jtalks.jcommune.plugin.questionsandanswers.controller.QuestionsAndAnswersControllerTest@1b3c607</td></tr>
<tr>
<td title='org.jtalks.jcommune.plugin.questionsandanswers.QuestionsPluginPermissionTest.findByMaskShouldReturnCorrectPermission()'><b>findByMaskShouldReturnCorrectPermission</b><br>Test class: org.jtalks.jcommune.plugin.questionsandanswers.QuestionsPluginPermissionTest</td>
<td></td>
<td>0</td>
<td>org.jtalks.jcommune.plugin.questionsandanswers.QuestionsPluginPermissionTest@17eaaca</td></tr>
<tr>
<td title='org.jtalks.jcommune.plugin.questionsandanswers.QuestionsPluginPermissionTest.findByMaskShouldReturnNullIfPermissionNotFound()'><b>findByMaskShouldReturnNullIfPermissionNotFound</b><br>Test class: org.jtalks.jcommune.plugin.questionsandanswers.QuestionsPluginPermissionTest</td>
<td></td>
<td>0</td>
<td>org.jtalks.jcommune.plugin.questionsandanswers.QuestionsPluginPermissionTest@17eaaca</td></tr>
<tr>
<td title='org.jtalks.jcommune.plugin.questionsandanswers.QuestionsAndAnswersPluginTest.getBranchPermissionByMaskShouldReturnCorrectPermission()'><b>getBranchPermissionByMaskShouldReturnCorrectPermission</b><br>Test class: org.jtalks.jcommune.plugin.questionsandanswers.QuestionsAndAnswersPluginTest</td>
<td></td>
<td>0</td>
<td>org.jtalks.jcommune.plugin.questionsandanswers.QuestionsAndAnswersPluginTest@feb697</td></tr>
<tr>
<td title='org.jtalks.jcommune.plugin.questionsandanswers.QuestionsAndAnswersPluginTest.getBranchPermissionByMaskShouldReturnNullIfPermissionNotFound()'><b>getBranchPermissionByMaskShouldReturnNullIfPermissionNotFound</b><br>Test class: org.jtalks.jcommune.plugin.questionsandanswers.QuestionsAndAnswersPluginTest</td>
<td></td>
<td>0</td>
<td>org.jtalks.jcommune.plugin.questionsandanswers.QuestionsAndAnswersPluginTest@feb697</td></tr>
<tr>
<td title='org.jtalks.jcommune.plugin.questionsandanswers.QuestionsAndAnswersPluginTest.getBranchPermissionByNameShouldReturnCorrectPermission()'><b>getBranchPermissionByNameShouldReturnCorrectPermission</b><br>Test class: org.jtalks.jcommune.plugin.questionsandanswers.QuestionsAndAnswersPluginTest</td>
<td></td>
<td>0</td>
<td>org.jtalks.jcommune.plugin.questionsandanswers.QuestionsAndAnswersPluginTest@feb697</td></tr>
<tr>
<td title='org.jtalks.jcommune.plugin.questionsandanswers.QuestionsAndAnswersPluginTest.getBranchPermissionByNameShouldReturnNullIfPermissionNotFound()'><b>getBranchPermissionByNameShouldReturnNullIfPermissionNotFound</b><br>Test class: org.jtalks.jcommune.plugin.questionsandanswers.QuestionsAndAnswersPluginTest</td>
<td></td>
<td>0</td>
<td>org.jtalks.jcommune.plugin.questionsandanswers.QuestionsAndAnswersPluginTest@feb697</td></tr>
<tr>
<td title='org.jtalks.jcommune.plugin.questionsandanswers.controller.QuestionsAndAnswersControllerTest.getIconShouldSetNotFoundStatusForIncorrectIconName()'><b>getIconShouldSetNotFoundStatusForIncorrectIconName</b><br>Test class: org.jtalks.jcommune.plugin.questionsandanswers.controller.QuestionsAndAnswersControllerTest</td>
<td></td>
<td>0</td>
<td>org.jtalks.jcommune.plugin.questionsandanswers.controller.QuestionsAndAnswersControllerTest@1b3c607</td></tr>
<tr>
<td title='org.jtalks.jcommune.plugin.questionsandanswers.controller.QuestionsAndAnswersControllerTest.getIconShouldSetNotModifiedStatusIfRequestHaveIfModifiedSinceHeader()'><b>getIconShouldSetNotModifiedStatusIfRequestHaveIfModifiedSinceHeader</b><br>Test class: org.jtalks.jcommune.plugin.questionsandanswers.controller.QuestionsAndAnswersControllerTest</td>
<td></td>
<td>0</td>
<td>org.jtalks.jcommune.plugin.questionsandanswers.controller.QuestionsAndAnswersControllerTest@1b3c607</td></tr>
<tr>
<td title='org.jtalks.jcommune.plugin.questionsandanswers.QuestionsPluginPermissionTest.getPatternShouldReturnNull()'><b>getPatternShouldReturnNull</b><br>Test class: org.jtalks.jcommune.plugin.questionsandanswers.QuestionsPluginPermissionTest</td>
<td></td>
<td>0</td>
<td>org.jtalks.jcommune.plugin.questionsandanswers.QuestionsPluginPermissionTest@17eaaca</td></tr>
<tr>
<td title='org.jtalks.jcommune.plugin.questionsandanswers.QuestionsAndAnswersPluginTest.getTopicTypeTest()'><b>getTopicTypeTest</b><br>Test class: org.jtalks.jcommune.plugin.questionsandanswers.QuestionsAndAnswersPluginTest</td>
<td></td>
<td>0</td>
<td>org.jtalks.jcommune.plugin.questionsandanswers.QuestionsAndAnswersPluginTest@feb697</td></tr>
<tr>
<td title='org.jtalks.jcommune.plugin.questionsandanswers.controller.QuestionsAndAnswersControllerTest.openQuestionShouldThrowExceptionWhenQuestionNotFound()'><b>openQuestionShouldThrowExceptionWhenQuestionNotFound</b><br>Test class: org.jtalks.jcommune.plugin.questionsandanswers.controller.QuestionsAndAnswersControllerTest</td>
<td><div><pre>org.jtalks.jcommune.plugin.api.exceptions.NotFoundException
	at org.jtalks.jcommune.plugin.questionsandanswers.controller.QuestionsAndAnswersControllerTest.openQuestionShouldThrowExceptionWhenQuestionNotFound(QuestionsAndAnswersControllerTest.java:330)
	at org.apache.maven.surefire.testng.TestNGExecutor.run(TestNGExecutor.java:70)
	at org.apache.maven.surefire.testng.TestNGDirectoryTestSuite.executeMulti(TestNGDirectoryTestSuite.java:158)
	at org.apache.maven.surefire.testng.TestNGDirectoryTestSuite.execute(TestNGDirectoryTestSuite.java:98)
	at org.apache.maven.surefire.testng.TestNGProvider.invoke(TestNGProvider.java:111)
	at org.apache.maven.surefire.util.ReflectionUtils.invokeMethodWithArray(ReflectionUtils.java:164)
	at org.apache.maven.surefire.booter.ProviderFactory$ProviderProxy.invoke(ProviderFactory.java:110)
	at org.apache.maven.surefire.booter.SurefireStarter.invokeProvider(SurefireStarter.java:175)
	at org.apache.maven.surefire.booter.SurefireStarter.runSuitesInProcessWhenForked(SurefireStarter.java:107)
	at org.apache.maven.surefire.booter.ForkedBooter.main(ForkedBooter.java:68)
... Removed 25 stack frames</pre></div><a href='#' onClick='toggleBox("stack-trace22355287", this, "Click to show all stack frames", "Click to hide stack frames")'>Click to show all stack frames</a>
<div class='stack-trace' id='stack-trace22355287'><pre>org.jtalks.jcommune.plugin.api.exceptions.NotFoundException
	at org.jtalks.jcommune.plugin.questionsandanswers.controller.QuestionsAndAnswersControllerTest.openQuestionShouldThrowExceptionWhenQuestionNotFound(QuestionsAndAnswersControllerTest.java:330)
	at sun.reflect.NativeMethodAccessorImpl.invoke0(Native Method)
	at sun.reflect.NativeMethodAccessorImpl.invoke(NativeMethodAccessorImpl.java:57)
	at sun.reflect.DelegatingMethodAccessorImpl.invoke(DelegatingMethodAccessorImpl.java:43)
	at java.lang.reflect.Method.invoke(Method.java:606)
	at org.testng.internal.MethodInvocationHelper.invokeMethod(MethodInvocationHelper.java:80)
	at org.testng.internal.Invoker.invokeMethod(Invoker.java:691)
	at org.testng.internal.Invoker.invokeTestMethod(Invoker.java:883)
	at org.testng.internal.Invoker.invokeTestMethods(Invoker.java:1208)
	at org.testng.internal.TestMethodWorker.invokeTestMethods(TestMethodWorker.java:127)
	at org.testng.internal.TestMethodWorker.run(TestMethodWorker.java:111)
	at org.testng.TestRunner.privateRun(TestRunner.java:758)
	at org.testng.TestRunner.run(TestRunner.java:613)
	at org.testng.SuiteRunner.runTest(SuiteRunner.java:334)
	at org.testng.SuiteRunner.runSequentially(SuiteRunner.java:329)
	at org.testng.SuiteRunner.privateRun(SuiteRunner.java:291)
	at org.testng.SuiteRunner.run(SuiteRunner.java:240)
	at org.testng.SuiteRunnerWorker.runSuite(SuiteRunnerWorker.java:53)
	at org.testng.SuiteRunnerWorker.run(SuiteRunnerWorker.java:87)
	at org.testng.TestNG.runSuitesSequentially(TestNG.java:1137)
	at org.testng.TestNG.runSuitesLocally(TestNG.java:1062)
	at org.testng.TestNG.run(TestNG.java:974)
	at org.apache.maven.surefire.testng.TestNGExecutor.run(TestNGExecutor.java:70)
	at org.apache.maven.surefire.testng.TestNGDirectoryTestSuite.executeMulti(TestNGDirectoryTestSuite.java:158)
	at org.apache.maven.surefire.testng.TestNGDirectoryTestSuite.execute(TestNGDirectoryTestSuite.java:98)
	at org.apache.maven.surefire.testng.TestNGProvider.invoke(TestNGProvider.java:111)
	at sun.reflect.NativeMethodAccessorImpl.invoke0(Native Method)
	at sun.reflect.NativeMethodAccessorImpl.invoke(NativeMethodAccessorImpl.java:57)
	at sun.reflect.DelegatingMethodAccessorImpl.invoke(DelegatingMethodAccessorImpl.java:43)
	at java.lang.reflect.Method.invoke(Method.java:606)
	at org.apache.maven.surefire.util.ReflectionUtils.invokeMethodWithArray(ReflectionUtils.java:164)
	at org.apache.maven.surefire.booter.ProviderFactory$ProviderProxy.invoke(ProviderFactory.java:110)
	at org.apache.maven.surefire.booter.SurefireStarter.invokeProvider(SurefireStarter.java:175)
	at org.apache.maven.surefire.booter.SurefireStarter.runSuitesInProcessWhenForked(SurefireStarter.java:107)
	at org.apache.maven.surefire.booter.ForkedBooter.main(ForkedBooter.java:68)
</pre></div></td>
<td>0</td>
<td>org.jtalks.jcommune.plugin.questionsandanswers.controller.QuestionsAndAnswersControllerTest@1b3c607</td></tr>
<tr>
<td title='org.jtalks.jcommune.plugin.questionsandanswers.QuestionSubscribersFilterTest.questionSubscribersFilterShouldLeaveOnlyPostAuthorInIfPostSubscribersFilters()'><b>questionSubscribersFilterShouldLeaveOnlyPostAuthorInIfPostSubscribersFilters</b><br>Test class: org.jtalks.jcommune.plugin.questionsandanswers.QuestionSubscribersFilterTest</td>
<td></td>
<td>0</td>
<td>org.jtalks.jcommune.plugin.questionsandanswers.QuestionSubscribersFilterTest@18e0f0f</td></tr>
<tr>
<td title='org.jtalks.jcommune.plugin.questionsandanswers.QuestionSubscribersFilterTest.questionSubscribersFilterShouldNotChangeRecepientsIfBranchSubscribersFilters()'><b>questionSubscribersFilterShouldNotChangeRecepientsIfBranchSubscribersFilters</b><br>Test class: org.jtalks.jcommune.plugin.questionsandanswers.QuestionSubscribersFilterTest</td>
<td></td>
<td>0</td>
<td>org.jtalks.jcommune.plugin.questionsandanswers.QuestionSubscribersFilterTest@18e0f0f</td></tr>
<tr>
<td title='org.jtalks.jcommune.plugin.questionsandanswers.QuestionSubscribersFilterTest.questionSubscribersFilterShouldNotChangeRecepientsIfPostFomTopicWithOtherType()'><b>questionSubscribersFilterShouldNotChangeRecepientsIfPostFomTopicWithOtherType</b><br>Test class: org.jtalks.jcommune.plugin.questionsandanswers.QuestionSubscribersFilterTest</td>
<td></td>
<td>0</td>
<td>org.jtalks.jcommune.plugin.questionsandanswers.QuestionSubscribersFilterTest@18e0f0f</td></tr>
<tr>
<td title='org.jtalks.jcommune.plugin.questionsandanswers.QuestionSubscribersFilterTest.questionSubscribersFilterShouldNotChangeRecepientsIfTopicSubscribersFilters()'><b>questionSubscribersFilterShouldNotChangeRecepientsIfTopicSubscribersFilters</b><br>Test class: org.jtalks.jcommune.plugin.questionsandanswers.QuestionSubscribersFilterTest</td>
<td></td>
<td>0</td>
<td>org.jtalks.jcommune.plugin.questionsandanswers.QuestionSubscribersFilterTest@18e0f0f</td></tr>
<tr>
<td title='org.jtalks.jcommune.plugin.questionsandanswers.controller.QuestionsAndAnswersControllerTest.shouldBeImpossibleToAddAnswerIfAnswersLimitReached()'><b>shouldBeImpossibleToAddAnswerIfAnswersLimitReached</b><br>Test class: org.jtalks.jcommune.plugin.questionsandanswers.controller.QuestionsAndAnswersControllerTest</td>
<td></td>
<td>0</td>
<td>org.jtalks.jcommune.plugin.questionsandanswers.controller.QuestionsAndAnswersControllerTest@1b3c607</td></tr>
<tr>
<td title='org.jtalks.jcommune.plugin.questionsandanswers.controller.QuestionsAndAnswersControllerTest.shouldBeImpossibleToAddCommentIfCommentsLimitReached()'><b>shouldBeImpossibleToAddCommentIfCommentsLimitReached</b><br>Test class: org.jtalks.jcommune.plugin.questionsandanswers.controller.QuestionsAndAnswersControllerTest</td>
<td></td>
<td>0</td>
<td>org.jtalks.jcommune.plugin.questionsandanswers.controller.QuestionsAndAnswersControllerTest@1b3c607</td></tr>
<tr>
<td title='org.jtalks.jcommune.plugin.questionsandanswers.controller.QuestionsAndAnswersControllerTest.showNewQuestionPageShouldThrowExceptionIfBranchNotFound()'><b>showNewQuestionPageShouldThrowExceptionIfBranchNotFound</b><br>Test class: org.jtalks.jcommune.plugin.questionsandanswers.controller.QuestionsAndAnswersControllerTest</td>
<td><div><pre>org.jtalks.jcommune.plugin.api.exceptions.NotFoundException
	at org.jtalks.jcommune.plugin.questionsandanswers.controller.QuestionsAndAnswersControllerTest.showNewQuestionPageShouldThrowExceptionIfBranchNotFound(QuestionsAndAnswersControllerTest.java:135)
	at org.apache.maven.surefire.testng.TestNGExecutor.run(TestNGExecutor.java:70)
	at org.apache.maven.surefire.testng.TestNGDirectoryTestSuite.executeMulti(TestNGDirectoryTestSuite.java:158)
	at org.apache.maven.surefire.testng.TestNGDirectoryTestSuite.execute(TestNGDirectoryTestSuite.java:98)
	at org.apache.maven.surefire.testng.TestNGProvider.invoke(TestNGProvider.java:111)
	at org.apache.maven.surefire.util.ReflectionUtils.invokeMethodWithArray(ReflectionUtils.java:164)
	at org.apache.maven.surefire.booter.ProviderFactory$ProviderProxy.invoke(ProviderFactory.java:110)
	at org.apache.maven.surefire.booter.SurefireStarter.invokeProvider(SurefireStarter.java:175)
	at org.apache.maven.surefire.booter.SurefireStarter.runSuitesInProcessWhenForked(SurefireStarter.java:107)
	at org.apache.maven.surefire.booter.ForkedBooter.main(ForkedBooter.java:68)
... Removed 25 stack frames</pre></div><a href='#' onClick='toggleBox("stack-trace24831346", this, "Click to show all stack frames", "Click to hide stack frames")'>Click to show all stack frames</a>
<div class='stack-trace' id='stack-trace24831346'><pre>org.jtalks.jcommune.plugin.api.exceptions.NotFoundException
	at org.jtalks.jcommune.plugin.questionsandanswers.controller.QuestionsAndAnswersControllerTest.showNewQuestionPageShouldThrowExceptionIfBranchNotFound(QuestionsAndAnswersControllerTest.java:135)
	at sun.reflect.NativeMethodAccessorImpl.invoke0(Native Method)
	at sun.reflect.NativeMethodAccessorImpl.invoke(NativeMethodAccessorImpl.java:57)
	at sun.reflect.DelegatingMethodAccessorImpl.invoke(DelegatingMethodAccessorImpl.java:43)
	at java.lang.reflect.Method.invoke(Method.java:606)
	at org.testng.internal.MethodInvocationHelper.invokeMethod(MethodInvocationHelper.java:80)
	at org.testng.internal.Invoker.invokeMethod(Invoker.java:691)
	at org.testng.internal.Invoker.invokeTestMethod(Invoker.java:883)
	at org.testng.internal.Invoker.invokeTestMethods(Invoker.java:1208)
	at org.testng.internal.TestMethodWorker.invokeTestMethods(TestMethodWorker.java:127)
	at org.testng.internal.TestMethodWorker.run(TestMethodWorker.java:111)
	at org.testng.TestRunner.privateRun(TestRunner.java:758)
	at org.testng.TestRunner.run(TestRunner.java:613)
	at org.testng.SuiteRunner.runTest(SuiteRunner.java:334)
	at org.testng.SuiteRunner.runSequentially(SuiteRunner.java:329)
	at org.testng.SuiteRunner.privateRun(SuiteRunner.java:291)
	at org.testng.SuiteRunner.run(SuiteRunner.java:240)
	at org.testng.SuiteRunnerWorker.runSuite(SuiteRunnerWorker.java:53)
	at org.testng.SuiteRunnerWorker.run(SuiteRunnerWorker.java:87)
	at org.testng.TestNG.runSuitesSequentially(TestNG.java:1137)
	at org.testng.TestNG.runSuitesLocally(TestNG.java:1062)
	at org.testng.TestNG.run(TestNG.java:974)
	at org.apache.maven.surefire.testng.TestNGExecutor.run(TestNGExecutor.java:70)
	at org.apache.maven.surefire.testng.TestNGDirectoryTestSuite.executeMulti(TestNGDirectoryTestSuite.java:158)
	at org.apache.maven.surefire.testng.TestNGDirectoryTestSuite.execute(TestNGDirectoryTestSuite.java:98)
	at org.apache.maven.surefire.testng.TestNGProvider.invoke(TestNGProvider.java:111)
	at sun.reflect.NativeMethodAccessorImpl.invoke0(Native Method)
	at sun.reflect.NativeMethodAccessorImpl.invoke(NativeMethodAccessorImpl.java:57)
	at sun.reflect.DelegatingMethodAccessorImpl.invoke(DelegatingMethodAccessorImpl.java:43)
	at java.lang.reflect.Method.invoke(Method.java:606)
	at org.apache.maven.surefire.util.ReflectionUtils.invokeMethodWithArray(ReflectionUtils.java:164)
	at org.apache.maven.surefire.booter.ProviderFactory$ProviderProxy.invoke(ProviderFactory.java:110)
	at org.apache.maven.surefire.booter.SurefireStarter.invokeProvider(SurefireStarter.java:175)
	at org.apache.maven.surefire.booter.SurefireStarter.runSuitesInProcessWhenForked(SurefireStarter.java:107)
	at org.apache.maven.surefire.booter.ForkedBooter.main(ForkedBooter.java:68)
</pre></div></td>
<td>0</td>
<td>org.jtalks.jcommune.plugin.questionsandanswers.controller.QuestionsAndAnswersControllerTest@1b3c607</td></tr>
<tr>
<td title='org.jtalks.jcommune.plugin.questionsandanswers.controller.QuestionsAndAnswersControllerTest.showNewQuestionPageTest()'><b>showNewQuestionPageTest</b><br>Test class: org.jtalks.jcommune.plugin.questionsandanswers.controller.QuestionsAndAnswersControllerTest</td>
<td></td>
<td>0</td>
<td>org.jtalks.jcommune.plugin.questionsandanswers.controller.QuestionsAndAnswersControllerTest@1b3c607</td></tr>
<tr>
<td title='org.jtalks.jcommune.plugin.questionsandanswers.controller.QuestionsAndAnswersControllerTest.showQuestionShouldThrowExceptionIfQuestionNotFound()'><b>showQuestionShouldThrowExceptionIfQuestionNotFound</b><br>Test class: org.jtalks.jcommune.plugin.questionsandanswers.controller.QuestionsAndAnswersControllerTest</td>
<td><div><pre>org.jtalks.jcommune.plugin.api.exceptions.NotFoundException
	at org.jtalks.jcommune.plugin.questionsandanswers.controller.QuestionsAndAnswersControllerTest.showQuestionShouldThrowExceptionIfQuestionNotFound(QuestionsAndAnswersControllerTest.java:205)
	at org.apache.maven.surefire.testng.TestNGExecutor.run(TestNGExecutor.java:70)
	at org.apache.maven.surefire.testng.TestNGDirectoryTestSuite.executeMulti(TestNGDirectoryTestSuite.java:158)
	at org.apache.maven.surefire.testng.TestNGDirectoryTestSuite.execute(TestNGDirectoryTestSuite.java:98)
	at org.apache.maven.surefire.testng.TestNGProvider.invoke(TestNGProvider.java:111)
	at org.apache.maven.surefire.util.ReflectionUtils.invokeMethodWithArray(ReflectionUtils.java:164)
	at org.apache.maven.surefire.booter.ProviderFactory$ProviderProxy.invoke(ProviderFactory.java:110)
	at org.apache.maven.surefire.booter.SurefireStarter.invokeProvider(SurefireStarter.java:175)
	at org.apache.maven.surefire.booter.SurefireStarter.runSuitesInProcessWhenForked(SurefireStarter.java:107)
	at org.apache.maven.surefire.booter.ForkedBooter.main(ForkedBooter.java:68)
... Removed 25 stack frames</pre></div><a href='#' onClick='toggleBox("stack-trace27071314", this, "Click to show all stack frames", "Click to hide stack frames")'>Click to show all stack frames</a>
<div class='stack-trace' id='stack-trace27071314'><pre>org.jtalks.jcommune.plugin.api.exceptions.NotFoundException
	at org.jtalks.jcommune.plugin.questionsandanswers.controller.QuestionsAndAnswersControllerTest.showQuestionShouldThrowExceptionIfQuestionNotFound(QuestionsAndAnswersControllerTest.java:205)
	at sun.reflect.NativeMethodAccessorImpl.invoke0(Native Method)
	at sun.reflect.NativeMethodAccessorImpl.invoke(NativeMethodAccessorImpl.java:57)
	at sun.reflect.DelegatingMethodAccessorImpl.invoke(DelegatingMethodAccessorImpl.java:43)
	at java.lang.reflect.Method.invoke(Method.java:606)
	at org.testng.internal.MethodInvocationHelper.invokeMethod(MethodInvocationHelper.java:80)
	at org.testng.internal.Invoker.invokeMethod(Invoker.java:691)
	at org.testng.internal.Invoker.invokeTestMethod(Invoker.java:883)
	at org.testng.internal.Invoker.invokeTestMethods(Invoker.java:1208)
	at org.testng.internal.TestMethodWorker.invokeTestMethods(TestMethodWorker.java:127)
	at org.testng.internal.TestMethodWorker.run(TestMethodWorker.java:111)
	at org.testng.TestRunner.privateRun(TestRunner.java:758)
	at org.testng.TestRunner.run(TestRunner.java:613)
	at org.testng.SuiteRunner.runTest(SuiteRunner.java:334)
	at org.testng.SuiteRunner.runSequentially(SuiteRunner.java:329)
	at org.testng.SuiteRunner.privateRun(SuiteRunner.java:291)
	at org.testng.SuiteRunner.run(SuiteRunner.java:240)
	at org.testng.SuiteRunnerWorker.runSuite(SuiteRunnerWorker.java:53)
	at org.testng.SuiteRunnerWorker.run(SuiteRunnerWorker.java:87)
	at org.testng.TestNG.runSuitesSequentially(TestNG.java:1137)
	at org.testng.TestNG.runSuitesLocally(TestNG.java:1062)
	at org.testng.TestNG.run(TestNG.java:974)
	at org.apache.maven.surefire.testng.TestNGExecutor.run(TestNGExecutor.java:70)
	at org.apache.maven.surefire.testng.TestNGDirectoryTestSuite.executeMulti(TestNGDirectoryTestSuite.java:158)
	at org.apache.maven.surefire.testng.TestNGDirectoryTestSuite.execute(TestNGDirectoryTestSuite.java:98)
	at org.apache.maven.surefire.testng.TestNGProvider.invoke(TestNGProvider.java:111)
	at sun.reflect.NativeMethodAccessorImpl.invoke0(Native Method)
	at sun.reflect.NativeMethodAccessorImpl.invoke(NativeMethodAccessorImpl.java:57)
	at sun.reflect.DelegatingMethodAccessorImpl.invoke(DelegatingMethodAccessorImpl.java:43)
	at java.lang.reflect.Method.invoke(Method.java:606)
	at org.apache.maven.surefire.util.ReflectionUtils.invokeMethodWithArray(ReflectionUtils.java:164)
	at org.apache.maven.surefire.booter.ProviderFactory$ProviderProxy.invoke(ProviderFactory.java:110)
	at org.apache.maven.surefire.booter.SurefireStarter.invokeProvider(SurefireStarter.java:175)
	at org.apache.maven.surefire.booter.SurefireStarter.runSuitesInProcessWhenForked(SurefireStarter.java:107)
	at org.apache.maven.surefire.booter.ForkedBooter.main(ForkedBooter.java:68)
</pre></div></td>
<td>0</td>
<td>org.jtalks.jcommune.plugin.questionsandanswers.controller.QuestionsAndAnswersControllerTest@1b3c607</td></tr>
<tr>
<td title='org.jtalks.jcommune.plugin.questionsandanswers.controller.QuestionsAndAnswersControllerTest.showQuestionShouldThrowExceptionIfUserRestrictedToViewTopicsInBranch()'><b>showQuestionShouldThrowExceptionIfUserRestrictedToViewTopicsInBranch</b><br>Test class: org.jtalks.jcommune.plugin.questionsandanswers.controller.QuestionsAndAnswersControllerTest</td>
<td><div><pre>org.springframework.security.access.AccessDeniedException: 
	at org.jtalks.jcommune.plugin.questionsandanswers.controller.QuestionsAndAnswersControllerTest.showQuestionShouldThrowExceptionIfUserRestrictedToViewTopicsInBranch(QuestionsAndAnswersControllerTest.java:218)
	at org.apache.maven.surefire.testng.TestNGExecutor.run(TestNGExecutor.java:70)
	at org.apache.maven.surefire.testng.TestNGDirectoryTestSuite.executeMulti(TestNGDirectoryTestSuite.java:158)
	at org.apache.maven.surefire.testng.TestNGDirectoryTestSuite.execute(TestNGDirectoryTestSuite.java:98)
	at org.apache.maven.surefire.testng.TestNGProvider.invoke(TestNGProvider.java:111)
	at org.apache.maven.surefire.util.ReflectionUtils.invokeMethodWithArray(ReflectionUtils.java:164)
	at org.apache.maven.surefire.booter.ProviderFactory$ProviderProxy.invoke(ProviderFactory.java:110)
	at org.apache.maven.surefire.booter.SurefireStarter.invokeProvider(SurefireStarter.java:175)
	at org.apache.maven.surefire.booter.SurefireStarter.runSuitesInProcessWhenForked(SurefireStarter.java:107)
	at org.apache.maven.surefire.booter.ForkedBooter.main(ForkedBooter.java:68)
... Removed 25 stack frames</pre></div><a href='#' onClick='toggleBox("stack-trace4498913", this, "Click to show all stack frames", "Click to hide stack frames")'>Click to show all stack frames</a>
<div class='stack-trace' id='stack-trace4498913'><pre>org.springframework.security.access.AccessDeniedException: 
	at org.jtalks.jcommune.plugin.questionsandanswers.controller.QuestionsAndAnswersControllerTest.showQuestionShouldThrowExceptionIfUserRestrictedToViewTopicsInBranch(QuestionsAndAnswersControllerTest.java:218)
	at sun.reflect.NativeMethodAccessorImpl.invoke0(Native Method)
	at sun.reflect.NativeMethodAccessorImpl.invoke(NativeMethodAccessorImpl.java:57)
	at sun.reflect.DelegatingMethodAccessorImpl.invoke(DelegatingMethodAccessorImpl.java:43)
	at java.lang.reflect.Method.invoke(Method.java:606)
	at org.testng.internal.MethodInvocationHelper.invokeMethod(MethodInvocationHelper.java:80)
	at org.testng.internal.Invoker.invokeMethod(Invoker.java:691)
	at org.testng.internal.Invoker.invokeTestMethod(Invoker.java:883)
	at org.testng.internal.Invoker.invokeTestMethods(Invoker.java:1208)
	at org.testng.internal.TestMethodWorker.invokeTestMethods(TestMethodWorker.java:127)
	at org.testng.internal.TestMethodWorker.run(TestMethodWorker.java:111)
	at org.testng.TestRunner.privateRun(TestRunner.java:758)
	at org.testng.TestRunner.run(TestRunner.java:613)
	at org.testng.SuiteRunner.runTest(SuiteRunner.java:334)
	at org.testng.SuiteRunner.runSequentially(SuiteRunner.java:329)
	at org.testng.SuiteRunner.privateRun(SuiteRunner.java:291)
	at org.testng.SuiteRunner.run(SuiteRunner.java:240)
	at org.testng.SuiteRunnerWorker.runSuite(SuiteRunnerWorker.java:53)
	at org.testng.SuiteRunnerWorker.run(SuiteRunnerWorker.java:87)
	at org.testng.TestNG.runSuitesSequentially(TestNG.java:1137)
	at org.testng.TestNG.runSuitesLocally(TestNG.java:1062)
	at org.testng.TestNG.run(TestNG.java:974)
	at org.apache.maven.surefire.testng.TestNGExecutor.run(TestNGExecutor.java:70)
	at org.apache.maven.surefire.testng.TestNGDirectoryTestSuite.executeMulti(TestNGDirectoryTestSuite.java:158)
	at org.apache.maven.surefire.testng.TestNGDirectoryTestSuite.execute(TestNGDirectoryTestSuite.java:98)
	at org.apache.maven.surefire.testng.TestNGProvider.invoke(TestNGProvider.java:111)
	at sun.reflect.NativeMethodAccessorImpl.invoke0(Native Method)
	at sun.reflect.NativeMethodAccessorImpl.invoke(NativeMethodAccessorImpl.java:57)
	at sun.reflect.DelegatingMethodAccessorImpl.invoke(DelegatingMethodAccessorImpl.java:43)
	at java.lang.reflect.Method.invoke(Method.java:606)
	at org.apache.maven.surefire.util.ReflectionUtils.invokeMethodWithArray(ReflectionUtils.java:164)
	at org.apache.maven.surefire.booter.ProviderFactory$ProviderProxy.invoke(ProviderFactory.java:110)
	at org.apache.maven.surefire.booter.SurefireStarter.invokeProvider(SurefireStarter.java:175)
	at org.apache.maven.surefire.booter.SurefireStarter.runSuitesInProcessWhenForked(SurefireStarter.java:107)
	at org.apache.maven.surefire.booter.ForkedBooter.main(ForkedBooter.java:68)
</pre></div></td>
<td>0</td>
<td>org.jtalks.jcommune.plugin.questionsandanswers.controller.QuestionsAndAnswersControllerTest@1b3c607</td></tr>
<tr>
<td title='org.jtalks.jcommune.plugin.questionsandanswers.controller.QuestionsAndAnswersControllerTest.showQuestionSuccessTest()'><b>showQuestionSuccessTest</b><br>Test class: org.jtalks.jcommune.plugin.questionsandanswers.controller.QuestionsAndAnswersControllerTest</td>
<td></td>
<td>0</td>
<td>org.jtalks.jcommune.plugin.questionsandanswers.controller.QuestionsAndAnswersControllerTest@1b3c607</td></tr>
<tr>
<td title='org.jtalks.jcommune.plugin.questionsandanswers.QuestionsAndAnswersPluginTest.supportsJCommuneVersionShouldReturnTrue()'><b>supportsJCommuneVersionShouldReturnTrue</b><br>Test class: org.jtalks.jcommune.plugin.questionsandanswers.QuestionsAndAnswersPluginTest</td>
<td></td>
<td>0</td>
<td>org.jtalks.jcommune.plugin.questionsandanswers.QuestionsAndAnswersPluginTest@feb697</td></tr>
<tr>
<td title='org.jtalks.jcommune.plugin.questionsandanswers.controller.QuestionsAndAnswersControllerTest.testAddCommentSuccess()'><b>testAddCommentSuccess</b><br>Test class: org.jtalks.jcommune.plugin.questionsandanswers.controller.QuestionsAndAnswersControllerTest</td>
<td></td>
<td>0</td>
<td>org.jtalks.jcommune.plugin.questionsandanswers.controller.QuestionsAndAnswersControllerTest@1b3c607</td></tr>
<tr>
<td title='org.jtalks.jcommune.plugin.questionsandanswers.QuestionsAndAnswersPluginTest.testApplyConfiguration()'><b>testApplyConfiguration</b><br>Test class: org.jtalks.jcommune.plugin.questionsandanswers.QuestionsAndAnswersPluginTest</td>
<td></td>
<td>0</td>
<td>org.jtalks.jcommune.plugin.questionsandanswers.QuestionsAndAnswersPluginTest@feb697</td></tr>
<tr>
<td title='org.jtalks.jcommune.plugin.questionsandanswers.controller.QuestionsAndAnswersControllerTest.testCloseQuestionSuccess()'><b>testCloseQuestionSuccess</b><br>Test class: org.jtalks.jcommune.plugin.questionsandanswers.controller.QuestionsAndAnswersControllerTest</td>
<td></td>
<td>0</td>
<td>org.jtalks.jcommune.plugin.questionsandanswers.controller.QuestionsAndAnswersControllerTest@1b3c607</td></tr>
<tr>
<td title='org.jtalks.jcommune.plugin.questionsandanswers.QuestionsAndAnswersPluginTest.testConfigure()'><b>testConfigure</b><br>Test class: org.jtalks.jcommune.plugin.questionsandanswers.QuestionsAndAnswersPluginTest</td>
<td></td>
<td>0</td>
<td>org.jtalks.jcommune.plugin.questionsandanswers.QuestionsAndAnswersPluginTest@feb697</td></tr>
<tr>
<td title='org.jtalks.jcommune.plugin.questionsandanswers.QuestionsAndAnswersPluginTest.testCreateTopicPermission()'><b>testCreateTopicPermission</b><br>Test class: org.jtalks.jcommune.plugin.questionsandanswers.QuestionsAndAnswersPluginTest</td>
<td></td>
<td>0</td>
<td>org.jtalks.jcommune.plugin.questionsandanswers.QuestionsAndAnswersPluginTest@feb697</td></tr>
<tr>
<td title='org.jtalks.jcommune.plugin.questionsandanswers.controller.QuestionsAndAnswersControllerTest.testDeleteCommentShouldReturnFailResponseIfCommentNotFound()'><b>testDeleteCommentShouldReturnFailResponseIfCommentNotFound</b><br>Test class: org.jtalks.jcommune.plugin.questionsandanswers.controller.QuestionsAndAnswersControllerTest</td>
<td></td>
<td>0</td>
<td>org.jtalks.jcommune.plugin.questionsandanswers.controller.QuestionsAndAnswersControllerTest@1b3c607</td></tr>
<tr>
<td title='org.jtalks.jcommune.plugin.questionsandanswers.controller.QuestionsAndAnswersControllerTest.testDeleteCommentShouldReturnFailResponseIfPostNotFound()'><b>testDeleteCommentShouldReturnFailResponseIfPostNotFound</b><br>Test class: org.jtalks.jcommune.plugin.questionsandanswers.controller.QuestionsAndAnswersControllerTest</td>
<td></td>
<td>0</td>
<td>org.jtalks.jcommune.plugin.questionsandanswers.controller.QuestionsAndAnswersControllerTest@1b3c607</td></tr>
<tr>
<td title='org.jtalks.jcommune.plugin.questionsandanswers.controller.QuestionsAndAnswersControllerTest.testDeleteCommentSuccess()'><b>testDeleteCommentSuccess</b><br>Test class: org.jtalks.jcommune.plugin.questionsandanswers.controller.QuestionsAndAnswersControllerTest</td>
<td></td>
<td>0</td>
<td>org.jtalks.jcommune.plugin.questionsandanswers.controller.QuestionsAndAnswersControllerTest@1b3c607</td></tr>
<tr>
<td title='org.jtalks.jcommune.plugin.questionsandanswers.controller.QuestionsAndAnswersControllerTest.testEditCommentSuccess()'><b>testEditCommentSuccess</b><br>Test class: org.jtalks.jcommune.plugin.questionsandanswers.controller.QuestionsAndAnswersControllerTest</td>
<td></td>
<td>0</td>
<td>org.jtalks.jcommune.plugin.questionsandanswers.controller.QuestionsAndAnswersControllerTest@1b3c607</td></tr>
<tr>
<td title='org.jtalks.jcommune.plugin.questionsandanswers.QuestionsAndAnswersPluginTest.testGetBranchPermissions()'><b>testGetBranchPermissions</b><br>Test class: org.jtalks.jcommune.plugin.questionsandanswers.QuestionsAndAnswersPluginTest</td>
<td></td>
<td>0</td>
<td>org.jtalks.jcommune.plugin.questionsandanswers.QuestionsAndAnswersPluginTest@feb697</td></tr>
<tr>
<td title='org.jtalks.jcommune.plugin.questionsandanswers.QuestionsAndAnswersPluginTest.testGetCreateTopicBtnDto()'><b>testGetCreateTopicBtnDto</b><br>Test class: org.jtalks.jcommune.plugin.questionsandanswers.QuestionsAndAnswersPluginTest</td>
<td></td>
<td>0</td>
<td>org.jtalks.jcommune.plugin.questionsandanswers.QuestionsAndAnswersPluginTest@feb697</td></tr>
<tr>
<td title='org.jtalks.jcommune.plugin.questionsandanswers.QuestionsAndAnswersPluginTest.testGetDefaultConfiguration()'><b>testGetDefaultConfiguration</b><br>Test class: org.jtalks.jcommune.plugin.questionsandanswers.QuestionsAndAnswersPluginTest</td>
<td></td>
<td>0</td>
<td>org.jtalks.jcommune.plugin.questionsandanswers.QuestionsAndAnswersPluginTest@feb697</td></tr>
<tr>
<td title='org.jtalks.jcommune.plugin.questionsandanswers.controller.QuestionsAndAnswersControllerTest.testGetIcon()'><b>testGetIcon</b><br>Test class: org.jtalks.jcommune.plugin.questionsandanswers.controller.QuestionsAndAnswersControllerTest</td>
<td></td>
<td>0</td>
<td>org.jtalks.jcommune.plugin.questionsandanswers.controller.QuestionsAndAnswersControllerTest@1b3c607</td></tr>
<tr>
<td title='org.jtalks.jcommune.plugin.questionsandanswers.QuestionsPluginPermissionTest.testGetName()'><b>testGetName</b><br>Test class: org.jtalks.jcommune.plugin.questionsandanswers.QuestionsPluginPermissionTest</td>
<td></td>
<td>0</td>
<td>org.jtalks.jcommune.plugin.questionsandanswers.QuestionsPluginPermissionTest@17eaaca</td></tr>
<tr>
<td title='org.jtalks.jcommune.plugin.questionsandanswers.QuestionsPluginPermissionTest.testNoIdenticalConstants()'><b>testNoIdenticalConstants</b><br>Test class: org.jtalks.jcommune.plugin.questionsandanswers.QuestionsPluginPermissionTest<br>Parameters: [VIEW_TOPICS, MOVE_TOPICS, CLOSE_TOPICS, CREATE_POSTS, DELETE_OWN_POSTS, DELETE_OTHERS_POSTS, EDIT_OWN_POSTS, EDIT_OTHERS_POSTS, CREATE_ANNOUNCEMENTS, CREATE_STICKED_TOPICS, CREATE_CODE_REVIEW, LEAVE_COMMENTS_IN_CODE_REVIEW, ADMIN, READ, WRITE, SEND_PRIVATE_MESSAGES, CREATE_FORUM_FAQ, EDIT_OWN_PROFILE, EDIT_OTHERS_PROFILE, CREATE_QUESTIONS]</td>
<td></td>
<td>0</td>
<td>org.jtalks.jcommune.plugin.questionsandanswers.QuestionsPluginPermissionTest@17eaaca</td></tr>
<tr>
<td title='org.jtalks.jcommune.plugin.questionsandanswers.controller.QuestionsAndAnswersControllerTest.testOpenQuestionSuccess()'><b>testOpenQuestionSuccess</b><br>Test class: org.jtalks.jcommune.plugin.questionsandanswers.controller.QuestionsAndAnswersControllerTest</td>
<td></td>
<td>0</td>
<td>org.jtalks.jcommune.plugin.questionsandanswers.controller.QuestionsAndAnswersControllerTest@1b3c607</td></tr>
<tr>
<td title='org.jtalks.jcommune.plugin.questionsandanswers.QuestionsAndAnswersPluginTest.translateLabelWithExistingTranslation()'><b>translateLabelWithExistingTranslation</b><br>Test class: org.jtalks.jcommune.plugin.questionsandanswers.QuestionsAndAnswersPluginTest</td>
<td></td>
<td>0</td>
<td>org.jtalks.jcommune.plugin.questionsandanswers.QuestionsAndAnswersPluginTest@feb697</td></tr>
<tr>
<td title='org.jtalks.jcommune.plugin.questionsandanswers.QuestionsAndAnswersPluginTest.translateLabelWithoutExistingTranslation()'><b>translateLabelWithoutExistingTranslation</b><br>Test class: org.jtalks.jcommune.plugin.questionsandanswers.QuestionsAndAnswersPluginTest</td>
<td></td>
<td>0</td>
<td>org.jtalks.jcommune.plugin.questionsandanswers.QuestionsAndAnswersPluginTest@feb697</td></tr>
<tr>
<td title='org.jtalks.jcommune.plugin.questionsandanswers.controller.QuestionsAndAnswersControllerTest.updateAnswerPageShouldThrowExceptionWhenAnswerNotFound()'><b>updateAnswerPageShouldThrowExceptionWhenAnswerNotFound</b><br>Test class: org.jtalks.jcommune.plugin.questionsandanswers.controller.QuestionsAndAnswersControllerTest</td>
<td><div><pre>org.jtalks.jcommune.plugin.api.exceptions.NotFoundException
	at org.jtalks.jcommune.plugin.questionsandanswers.controller.QuestionsAndAnswersControllerTest.updateAnswerPageShouldThrowExceptionWhenAnswerNotFound(QuestionsAndAnswersControllerTest.java:402)
	at org.apache.maven.surefire.testng.TestNGExecutor.run(TestNGExecutor.java:70)
	at org.apache.maven.surefire.testng.TestNGDirectoryTestSuite.executeMulti(TestNGDirectoryTestSuite.java:158)
	at org.apache.maven.surefire.testng.TestNGDirectoryTestSuite.execute(TestNGDirectoryTestSuite.java:98)
	at org.apache.maven.surefire.testng.TestNGProvider.invoke(TestNGProvider.java:111)
	at org.apache.maven.surefire.util.ReflectionUtils.invokeMethodWithArray(ReflectionUtils.java:164)
	at org.apache.maven.surefire.booter.ProviderFactory$ProviderProxy.invoke(ProviderFactory.java:110)
	at org.apache.maven.surefire.booter.SurefireStarter.invokeProvider(SurefireStarter.java:175)
	at org.apache.maven.surefire.booter.SurefireStarter.runSuitesInProcessWhenForked(SurefireStarter.java:107)
	at org.apache.maven.surefire.booter.ForkedBooter.main(ForkedBooter.java:68)
... Removed 25 stack frames</pre></div><a href='#' onClick='toggleBox("stack-trace3084677", this, "Click to show all stack frames", "Click to hide stack frames")'>Click to show all stack frames</a>
<div class='stack-trace' id='stack-trace3084677'><pre>org.jtalks.jcommune.plugin.api.exceptions.NotFoundException
	at org.jtalks.jcommune.plugin.questionsandanswers.controller.QuestionsAndAnswersControllerTest.updateAnswerPageShouldThrowExceptionWhenAnswerNotFound(QuestionsAndAnswersControllerTest.java:402)
	at sun.reflect.NativeMethodAccessorImpl.invoke0(Native Method)
	at sun.reflect.NativeMethodAccessorImpl.invoke(NativeMethodAccessorImpl.java:57)
	at sun.reflect.DelegatingMethodAccessorImpl.invoke(DelegatingMethodAccessorImpl.java:43)
	at java.lang.reflect.Method.invoke(Method.java:606)
	at org.testng.internal.MethodInvocationHelper.invokeMethod(MethodInvocationHelper.java:80)
	at org.testng.internal.Invoker.invokeMethod(Invoker.java:691)
	at org.testng.internal.Invoker.invokeTestMethod(Invoker.java:883)
	at org.testng.internal.Invoker.invokeTestMethods(Invoker.java:1208)
	at org.testng.internal.TestMethodWorker.invokeTestMethods(TestMethodWorker.java:127)
	at org.testng.internal.TestMethodWorker.run(TestMethodWorker.java:111)
	at org.testng.TestRunner.privateRun(TestRunner.java:758)
	at org.testng.TestRunner.run(TestRunner.java:613)
	at org.testng.SuiteRunner.runTest(SuiteRunner.java:334)
	at org.testng.SuiteRunner.runSequentially(SuiteRunner.java:329)
	at org.testng.SuiteRunner.privateRun(SuiteRunner.java:291)
	at org.testng.SuiteRunner.run(SuiteRunner.java:240)
	at org.testng.SuiteRunnerWorker.runSuite(SuiteRunnerWorker.java:53)
	at org.testng.SuiteRunnerWorker.run(SuiteRunnerWorker.java:87)
	at org.testng.TestNG.runSuitesSequentially(TestNG.java:1137)
	at org.testng.TestNG.runSuitesLocally(TestNG.java:1062)
	at org.testng.TestNG.run(TestNG.java:974)
	at org.apache.maven.surefire.testng.TestNGExecutor.run(TestNGExecutor.java:70)
	at org.apache.maven.surefire.testng.TestNGDirectoryTestSuite.executeMulti(TestNGDirectoryTestSuite.java:158)
	at org.apache.maven.surefire.testng.TestNGDirectoryTestSuite.execute(TestNGDirectoryTestSuite.java:98)
	at org.apache.maven.surefire.testng.TestNGProvider.invoke(TestNGProvider.java:111)
	at sun.reflect.NativeMethodAccessorImpl.invoke0(Native Method)
	at sun.reflect.NativeMethodAccessorImpl.invoke(NativeMethodAccessorImpl.java:57)
	at sun.reflect.DelegatingMethodAccessorImpl.invoke(DelegatingMethodAccessorImpl.java:43)
	at java.lang.reflect.Method.invoke(Method.java:606)
	at org.apache.maven.surefire.util.ReflectionUtils.invokeMethodWithArray(ReflectionUtils.java:164)
	at org.apache.maven.surefire.booter.ProviderFactory$ProviderProxy.invoke(ProviderFactory.java:110)
	at org.apache.maven.surefire.booter.SurefireStarter.invokeProvider(SurefireStarter.java:175)
	at org.apache.maven.surefire.booter.SurefireStarter.runSuitesInProcessWhenForked(SurefireStarter.java:107)
	at org.apache.maven.surefire.booter.ForkedBooter.main(ForkedBooter.java:68)
</pre></div></td>
<td>0</td>
<td>org.jtalks.jcommune.plugin.questionsandanswers.controller.QuestionsAndAnswersControllerTest@1b3c607</td></tr>
<tr>
<td title='org.jtalks.jcommune.plugin.questionsandanswers.controller.QuestionsAndAnswersControllerTest.updateAnswerShouldRedirectBackIfValidationFails()'><b>updateAnswerShouldRedirectBackIfValidationFails</b><br>Test class: org.jtalks.jcommune.plugin.questionsandanswers.controller.QuestionsAndAnswersControllerTest</td>
<td></td>
<td>0</td>
<td>org.jtalks.jcommune.plugin.questionsandanswers.controller.QuestionsAndAnswersControllerTest@1b3c607</td></tr>
<tr>
<td title='org.jtalks.jcommune.plugin.questionsandanswers.controller.QuestionsAndAnswersControllerTest.updateAnswerShouldUpdateAnswerIfValidationSuccess()'><b>updateAnswerShouldUpdateAnswerIfValidationSuccess</b><br>Test class: org.jtalks.jcommune.plugin.questionsandanswers.controller.QuestionsAndAnswersControllerTest</td>
<td></td>
<td>0</td>
<td>org.jtalks.jcommune.plugin.questionsandanswers.controller.QuestionsAndAnswersControllerTest@1b3c607</td></tr>
<tr>
<td title='org.jtalks.jcommune.plugin.questionsandanswers.controller.QuestionsAndAnswersControllerTest.updateQuestionShouldThrowExceptionIfQuestionNotFound()'><b>updateQuestionShouldThrowExceptionIfQuestionNotFound</b><br>Test class: org.jtalks.jcommune.plugin.questionsandanswers.controller.QuestionsAndAnswersControllerTest</td>
<td><div><pre>org.jtalks.jcommune.plugin.api.exceptions.NotFoundException
	at org.jtalks.jcommune.plugin.questionsandanswers.controller.QuestionsAndAnswersControllerTest.updateQuestionShouldThrowExceptionIfQuestionNotFound(QuestionsAndAnswersControllerTest.java:279)
	at org.apache.maven.surefire.testng.TestNGExecutor.run(TestNGExecutor.java:70)
	at org.apache.maven.surefire.testng.TestNGDirectoryTestSuite.executeMulti(TestNGDirectoryTestSuite.java:158)
	at org.apache.maven.surefire.testng.TestNGDirectoryTestSuite.execute(TestNGDirectoryTestSuite.java:98)
	at org.apache.maven.surefire.testng.TestNGProvider.invoke(TestNGProvider.java:111)
	at org.apache.maven.surefire.util.ReflectionUtils.invokeMethodWithArray(ReflectionUtils.java:164)
	at org.apache.maven.surefire.booter.ProviderFactory$ProviderProxy.invoke(ProviderFactory.java:110)
	at org.apache.maven.surefire.booter.SurefireStarter.invokeProvider(SurefireStarter.java:175)
	at org.apache.maven.surefire.booter.SurefireStarter.runSuitesInProcessWhenForked(SurefireStarter.java:107)
	at org.apache.maven.surefire.booter.ForkedBooter.main(ForkedBooter.java:68)
... Removed 25 stack frames</pre></div><a href='#' onClick='toggleBox("stack-trace28723770", this, "Click to show all stack frames", "Click to hide stack frames")'>Click to show all stack frames</a>
<div class='stack-trace' id='stack-trace28723770'><pre>org.jtalks.jcommune.plugin.api.exceptions.NotFoundException
	at org.jtalks.jcommune.plugin.questionsandanswers.controller.QuestionsAndAnswersControllerTest.updateQuestionShouldThrowExceptionIfQuestionNotFound(QuestionsAndAnswersControllerTest.java:279)
	at sun.reflect.NativeMethodAccessorImpl.invoke0(Native Method)
	at sun.reflect.NativeMethodAccessorImpl.invoke(NativeMethodAccessorImpl.java:57)
	at sun.reflect.DelegatingMethodAccessorImpl.invoke(DelegatingMethodAccessorImpl.java:43)
	at java.lang.reflect.Method.invoke(Method.java:606)
	at org.testng.internal.MethodInvocationHelper.invokeMethod(MethodInvocationHelper.java:80)
	at org.testng.internal.Invoker.invokeMethod(Invoker.java:691)
	at org.testng.internal.Invoker.invokeTestMethod(Invoker.java:883)
	at org.testng.internal.Invoker.invokeTestMethods(Invoker.java:1208)
	at org.testng.internal.TestMethodWorker.invokeTestMethods(TestMethodWorker.java:127)
	at org.testng.internal.TestMethodWorker.run(TestMethodWorker.java:111)
	at org.testng.TestRunner.privateRun(TestRunner.java:758)
	at org.testng.TestRunner.run(TestRunner.java:613)
	at org.testng.SuiteRunner.runTest(SuiteRunner.java:334)
	at org.testng.SuiteRunner.runSequentially(SuiteRunner.java:329)
	at org.testng.SuiteRunner.privateRun(SuiteRunner.java:291)
	at org.testng.SuiteRunner.run(SuiteRunner.java:240)
	at org.testng.SuiteRunnerWorker.runSuite(SuiteRunnerWorker.java:53)
	at org.testng.SuiteRunnerWorker.run(SuiteRunnerWorker.java:87)
	at org.testng.TestNG.runSuitesSequentially(TestNG.java:1137)
	at org.testng.TestNG.runSuitesLocally(TestNG.java:1062)
	at org.testng.TestNG.run(TestNG.java:974)
	at org.apache.maven.surefire.testng.TestNGExecutor.run(TestNGExecutor.java:70)
	at org.apache.maven.surefire.testng.TestNGDirectoryTestSuite.executeMulti(TestNGDirectoryTestSuite.java:158)
	at org.apache.maven.surefire.testng.TestNGDirectoryTestSuite.execute(TestNGDirectoryTestSuite.java:98)
	at org.apache.maven.surefire.testng.TestNGProvider.invoke(TestNGProvider.java:111)
	at sun.reflect.NativeMethodAccessorImpl.invoke0(Native Method)
	at sun.reflect.NativeMethodAccessorImpl.invoke(NativeMethodAccessorImpl.java:57)
	at sun.reflect.DelegatingMethodAccessorImpl.invoke(DelegatingMethodAccessorImpl.java:43)
	at java.lang.reflect.Method.invoke(Method.java:606)
	at org.apache.maven.surefire.util.ReflectionUtils.invokeMethodWithArray(ReflectionUtils.java:164)
	at org.apache.maven.surefire.booter.ProviderFactory$ProviderProxy.invoke(ProviderFactory.java:110)
	at org.apache.maven.surefire.booter.SurefireStarter.invokeProvider(SurefireStarter.java:175)
	at org.apache.maven.surefire.booter.SurefireStarter.runSuitesInProcessWhenForked(SurefireStarter.java:107)
	at org.apache.maven.surefire.booter.ForkedBooter.main(ForkedBooter.java:68)
</pre></div></td>
<td>0</td>
<td>org.jtalks.jcommune.plugin.questionsandanswers.controller.QuestionsAndAnswersControllerTest@1b3c607</td></tr>
<tr>
<td title='org.jtalks.jcommune.plugin.questionsandanswers.controller.QuestionsAndAnswersControllerTest.updateQuestionSuccessTest()'><b>updateQuestionSuccessTest</b><br>Test class: org.jtalks.jcommune.plugin.questionsandanswers.controller.QuestionsAndAnswersControllerTest</td>
<td></td>
<td>0</td>
<td>org.jtalks.jcommune.plugin.questionsandanswers.controller.QuestionsAndAnswersControllerTest@1b3c607</td></tr>
<tr>
<td title='org.jtalks.jcommune.plugin.questionsandanswers.controller.QuestionsAndAnswersControllerTest.updateQuestionValidationErrorsTest()'><b>updateQuestionValidationErrorsTest</b><br>Test class: org.jtalks.jcommune.plugin.questionsandanswers.controller.QuestionsAndAnswersControllerTest</td>
<td></td>
<td>0</td>
<td>org.jtalks.jcommune.plugin.questionsandanswers.controller.QuestionsAndAnswersControllerTest@1b3c607</td></tr>
</table><p>
</body>
</html>